Loading climacommon/2025_05_15
  Loading requirement: climaauth/2025_05_15 openmpi/4.1.5-mpitrampoline
    julia/1.11.5 cuda/julia-pref
Precompiling project...
  10718.3 ms  ✓ ClimaCore
   7006.3 ms  ✓ ClimaUtilities → ClimaUtilitiesClimaCoreExt
   7860.3 ms  ✓ ClimaCore → KrylovExt
  16333.8 ms  ✓ ClimaCore → ClimaCoreCUDAExt
  13858.0 ms  ✓ ClimaUtilities → ClimaUtilitiesClimaCoreNCDatasetsExt
  16167.4 ms  ✓ ClimaUtilities → ClimaUtilitiesClimaCoreInterpolationsExt
  15948.4 ms  ✓ ClimaDiagnostics
  28937.1 ms  ✓ ClimaCoreMakie
  12780.0 ms  ✓ ClimaLand
  12467.9 ms  ✓ ClimaLand → FluxnetSimulationsExt
  32181.1 ms  ✓ ClimaAtmos
  19639.8 ms  ✓ ClimaLand → ConstrainedNeuralModelExt
  10784.9 ms  ✓ ClimaCoupler
  31129.7 ms  ✓ ClimaLand → LandSimulationVisualizationExt
  10712.8 ms  ✓ ClimaCoupler → ClimaCouplerClimaAtmosExt
  15571.5 ms  ✓ ClimaCoupler → ClimaCouplerClimaLandExt
  21345.1 ms  ✓ ClimaCoupler → ClimaCouplerMakieExt
  17 dependencies successfully precompiled in 108 seconds. 628 already precompiled.
Status `~/calkit/clima-gpu-profiling/ClimaCoupler.jl-mod/experiments/AMIP/Project.toml`
  [c7e460c6] ArgParse v1.2.0
⌅ [052768ef] CUDA v5.11.2
  [159f3aea] Cairo v1.1.1
⌃ [13f3f980] CairoMakie v0.15.10
  [29b5916a] ClimaAnalysis v0.5.22
  [b2c96348] ClimaAtmos v0.39.2 `../../../ClimaAtmos.jl-mod`
⌃ [4347a170] ClimaCalibrate v0.3.0
  [3a4d1b5c] ClimaComms v0.6.11
  [d414da3d] ClimaCore v0.14.52 `../../../ClimaCore.jl-mod`
  [908f55d8] ClimaCoreMakie v0.4.7
  [4ade58fe] ClimaCoupler v0.1.2 `../..`
⌃ [1ecacbb8] ClimaDiagnostics v0.3.5
⌃ [08f4d4ce] ClimaLand v1.8.2
  [5c42b081] ClimaParams v1.0.17
  [595c0a79] ClimaTimeSteppers v0.9.0
  [b3f4f4ca] ClimaUtilities v0.1.29
  [aa8a2aa5] EnsembleKalmanProcesses v2.7.1
⌃ [61eb1bfa] GPUCompiler v1.13.1
  [db073c08] GeoMakie v0.7.16
  [e98cc03f] Insolation v1.1.1
⌅ [a98d9a8b] Interpolations v0.15.1
  [033835bb] JLD2 v0.6.4
  [da04e1cc] MPI v0.20.26
⌅ [ee78f7c6] Makie v0.24.10
  [85f8d34a] NCDatasets v0.14.15
  [5da4648a] NVTX v1.0.3
⌅ [b946abbf] NaNStatistics v0.6.56
  [08abe8d2] PrettyTables v3.3.2
  [1bc83da4] SafeTestsets v0.1.0
  [90137ffa] StaticArrays v1.9.18
  [49b00bb7] SurfaceFluxes v1.0.0
  [b60c26fb] Thermodynamics v1.2.1
  [ddb6d928] YAML v0.4.16
⌅ [9c32591e] Poppler_jll v24.6.0+0
  [de0858da] Printf v1.11.0
Info Packages marked with ⌃ and ⌅ have new versions available. Those with ⌃ may be upgradable, but those with ⌅ are restricted by compatibility constraints from upgrading. To see why use `status --outdated`
[ Info: Using Atmos configuration from ClimaCoupler in config/atmos_configs/climaatmos_progedmf_1m.yml
[ Info: Dict{Any, Any}("sleve_eta" => 0.7, "use_coupler_diagnostics" => true, "era5_diurnal_warming" => nothing, "ocean_progress_interval" => nothing, "dt" => "30secs", "prognostic_tke" => true, "use_newton_rtol" => false, "netcdf_output_at_levels" => true, "microphysics_model" => "1M", "output_dir_style" => "ActiveLink", "external_forcing" => nothing, "device" => "auto", "t_end" => "1200secs", "c_amd" => 0.29, "scm_surface_type" => "ocean", "y_elem" => 6, "z_stretch" => true, "extra_atmos_diagnostics" => Dict{Any, Any}[], "h_elem_coupler" => 32, "edmfx_nh_pressure" => true, "era5_initial_condition_dir" => nothing, "conservation_softfail" => false, "check_steady_state" => false, "restart_cache" => true, "update_jacobian_every" => "solve", "test_dycore_consistency" => false, "add_isothermal_boundary_layer" => true, "use_itime" => true, "rad" => "allskywithclear", "share_surface_space" => true, "binary_area_fraction" => true, "cloud_model" => "quadrature", "initial_condition" => "DecayingProfile", "krylov_rtol" => 0.1, "eisenstat_walker_forcing_alpha" => 2.0, "dt_cloud_fraction" => "1hours", "surface_setup" => "PrescribedSurface", "jvp_step_adjustment" => 1.0, "microphysics_n_substeps" => 3, "insolation" => "timevarying", "ocean_diagnostic_mode" => "average", "log_progress" => true, "site_latitude" => 17.0, "h_elem" => 16, "implicit_sgs_nh_pressure" => true, "coupler_toml" => ["/home/pbachant/calkit/clima-gpu-profiling/ClimaCoupler.jl-mod/toml/amip_progedmf_1m.toml"], "netcdf_interpolation_num_points" => nothing, "coupler_output_dir" => "output", "z_max" => 60000.0, "atmos_log_progress" => false, "diagnostics" => Any[], "edmfx_filter" => true, "debug_jacobian" => false, "job_id" => "gpu_amip_progedmf_1M_land_he16_mod", "sst_adjustment" => 0.0, "log_to_file" => false, "orographic_gravity_wave" => "raw_topo", "dt_rad" => "600secs", "simple_ocean" => false, "edmfx_upwinding" => "first_order", "tracer_upwinding" => "vanleer_limiter", "nh_poly" => 3, "edmfx_sgs_diffusive_flux" => true, "y_max" => 300000.0, "non_orographic_gravity_wave" => true, "print_config_dict" => true, "save_cache" => true, "microphysics_n_substeps_quadrature" => 2, "topography_damping_factor" => 5, "config" => "sphere", "hyperdiffusion_prandtl_number" => 0.2, "reproducibility_test" => false, "component_dt_dict" => Dict("dt_atmos" => 30.0, "dt_land" => 30.0, "dt_seaice" => 30.0, "dt_ocean" => 30.0), "check_conservation" => false, "rmse_check" => false, "land_spun_up_ic" => false, "vertical_water_borrowing_species" => nothing, "auto_jacobian_padding_bands" => nothing, "sgs_distribution" => "lognormal", "implicit_diffusion" => true, "z_elem" => 63, "implicit_sgs_entr_detr" => true, "ocean_model" => "prescribed", "use_auto_jacobian" => false, "disable_surface_flux_tendency" => false, "cfsite_number" => "site23", "dt_ogw" => "1800secs", "fixed_terminal_velocity" => true, "turbconv" => "prognostic_edmfx", "x_elem" => 6, "idealized_clouds" => false, "edmfx_mse_q_tot_upwinding" => "first_order", "check_nan_every" => 1024, "ice_model" => "prescribed", "use_dynamic_krylov_rtol" => false, "lai_source" => "modis_monthly", "reproducible_restart" => false, "toml" => ["toml/longrun_aquaplanet_diagedmf.toml"], "mesh_warp_type" => "SLEVE", "edmfx_detr_model" => "Generalized", "external_forcing_file" => nothing, "cloud_nn_architecture" => "arch_2layers_8nodes.jld2", "topo_smoothing" => true, "hyperdiff" => "Hyperdiffusion", "output_dir" => nothing, "constant_horizontal_diffusion" => false, "apply_sem_quasimonotone_limiter" => false, "bubble" => false, "ode_algo" => "ARS222", "max_newton_iters_ode" => 1, "start_date" => "20100101", "time_varying_trace_gases" => ["CO2", "O3"], "ocean_diagnostic_interval" => "1days", "use_dense_jacobian" => false, "detect_restart_file" => false, "prognostic_surface" => "PrescribedSST", "edmfx_vertical_diffusion" => true, "restart_file" => nothing, "nh_poly_coupler" => 2, "unique_seed" => false, "rayleigh_sponge" => true, "edmfx_tracer_upwinding" => "first_order", "divergence_damping_factor" => 5.0, "edmfx_entr_model" => "Generalized", "energy_check" => false, "land_model" => "integrated", "use_land_diagnostics" => true, "idealized_h2o" => false, "perturb_initstate" => true, "implicit_sgs_advection" => true, "edmfx_scale_blending" => "SmoothMinimum", "seaice_diagnostic_mode" => "average", "t_start" => "0secs", "land_fraction_source" => "etopo", "dz_bottom" => 30.0, "dt_save_state_to_disk" => "30days", "restart_t" => nothing, "advection_test" => false, "dt_cpl" => "30secs", "checkpoint_dt" => "366days", "topography" => "Earth", "aerosol_radiation" => true, "reference_job_id" => nothing, "vorticity_hyperdiffusion_coefficient" => 0.1857, "implicit_sgs_mass_flux" => true, "viscous_sponge" => true, "strict_params" => true, "config_file" => "ClimaCoupler.jl-mod/config/benchmark_configs/amip_progedmf_1m_land_he16.yml", "bucket_initial_condition" => "", "domain_type" => "global", "approximate_linear_solve_iters" => 2, "land_diagnostics_reduction" => "average", "smagorinsky_lilly" => nothing, "enable_diagnostics" => true, "tracer_nonnegativity_method" => nothing, "site_longitude" => -149.0, "evolving_ocean" => true, "implicit_sgs_vertdiff" => true, "prescribe_clouds_in_radiation" => false, "albedo_model" => "CouplerAlbedo", "quadrature_order" => 3, "coupler_diagnostics_period" => nothing, "FLOAT_TYPE" => "Float32", "deep_atmosphere" => true, "updraft_number" => 1, "amd_les" => false, "restart_dir" => nothing, "detect_restart_files" => false, "column_latlon" => [0.0, 0.0], "energy_q_tot_upwinding" => "vanleer_limiter", "prescribed_aerosols" => ["CB1", "CB2", "DST01", "DST02", "DST03", "DST04", "DST05", "OC1", "OC2", "SO4", "SSLT01", "SSLT02", "SSLT03", "SSLT04", "SSLT05"], "dt_nogw" => "1800secs", "output_default_diagnostics" => true, "edmfx_sgs_mass_flux" => true, "x_max" => 300000.0, "radiation_reset_rng_seed" => true, "land_diagnostics_period" => "1months", "newton_rtol" => 1.0e-5, "atmos_config_file" => "config/atmos_configs/climaatmos_progedmf_1m.yml", "edmfx_sgsflux_upwinding" => "none", "mode_name" => "amip", "land_temperature_anomaly" => "aquaplanet", "use_sgs_quadrature" => true, "bucket_albedo_type" => "map_static", "vert_diff" => nothing, "use_krylov_method" => false, "sleve_s" => 10.0, "implicit_microphysics" => true, "seaice_diagnostic_interval" => "1days", "prescribed_flow" => nothing, "coupler_diagnostics_reduction" => "average")
[ Info: Setting up single-process ClimaCoupler run on device: CUDADevice.
[ Info: Dict{Any, Any}("sleve_eta" => 0.7, "use_coupler_diagnostics" => true, "era5_diurnal_warming" => nothing, "ocean_progress_interval" => nothing, "dt" => "30secs", "prognostic_tke" => true, "use_newton_rtol" => false, "netcdf_output_at_levels" => true, "microphysics_model" => "1M", "output_dir_style" => "ActiveLink", "external_forcing" => nothing, "device" => "auto", "t_end" => "1200secs", "c_amd" => 0.29, "scm_surface_type" => "ocean", "y_elem" => 6, "z_stretch" => true, "extra_atmos_diagnostics" => Dict{Any, Any}[], "h_elem_coupler" => 32, "edmfx_nh_pressure" => true, "era5_initial_condition_dir" => nothing, "conservation_softfail" => false, "check_steady_state" => false, "restart_cache" => true, "update_jacobian_every" => "solve", "test_dycore_consistency" => false, "add_isothermal_boundary_layer" => true, "use_itime" => true, "rad" => "allskywithclear", "share_surface_space" => true, "binary_area_fraction" => true, "cloud_model" => "quadrature", "initial_condition" => "DecayingProfile", "krylov_rtol" => 0.1, "eisenstat_walker_forcing_alpha" => 2.0, "dt_cloud_fraction" => "1hours", "surface_setup" => "PrescribedSurface", "jvp_step_adjustment" => 1.0, "microphysics_n_substeps" => 3, "insolation" => "timevarying", "ocean_diagnostic_mode" => "average", "log_progress" => true, "site_latitude" => 17.0, "h_elem" => 16, "implicit_sgs_nh_pressure" => true, "coupler_toml" => ["/home/pbachant/calkit/clima-gpu-profiling/ClimaCoupler.jl-mod/toml/amip_progedmf_1m.toml"], "netcdf_interpolation_num_points" => nothing, "coupler_output_dir" => "output", "z_max" => 60000.0, "atmos_log_progress" => false, "diagnostics" => Any[], "edmfx_filter" => true, "debug_jacobian" => false, "job_id" => "gpu_amip_progedmf_1M_land_he16_mod", "sst_adjustment" => 0.0, "log_to_file" => false, "orographic_gravity_wave" => "raw_topo", "dt_rad" => "600secs", "simple_ocean" => false, "edmfx_upwinding" => "first_order", "tracer_upwinding" => "vanleer_limiter", "nh_poly" => 3, "edmfx_sgs_diffusive_flux" => true, "y_max" => 300000.0, "non_orographic_gravity_wave" => true, "print_config_dict" => true, "save_cache" => true, "microphysics_n_substeps_quadrature" => 2, "topography_damping_factor" => 5, "config" => "sphere", "hyperdiffusion_prandtl_number" => 0.2, "reproducibility_test" => false, "component_dt_dict" => Dict("dt_atmos" => 30.0, "dt_land" => 30.0, "dt_seaice" => 30.0, "dt_ocean" => 30.0), "check_conservation" => false, "rmse_check" => false, "land_spun_up_ic" => false, "vertical_water_borrowing_species" => nothing, "auto_jacobian_padding_bands" => nothing, "sgs_distribution" => "lognormal", "implicit_diffusion" => true, "z_elem" => 63, "implicit_sgs_entr_detr" => true, "ocean_model" => "prescribed", "use_auto_jacobian" => false, "disable_surface_flux_tendency" => false, "cfsite_number" => "site23", "dt_ogw" => "1800secs", "fixed_terminal_velocity" => true, "turbconv" => "prognostic_edmfx", "x_elem" => 6, "idealized_clouds" => false, "edmfx_mse_q_tot_upwinding" => "first_order", "check_nan_every" => 1024, "ice_model" => "prescribed", "use_dynamic_krylov_rtol" => false, "lai_source" => "modis_monthly", "reproducible_restart" => false, "toml" => ["toml/longrun_aquaplanet_diagedmf.toml"], "mesh_warp_type" => "SLEVE", "edmfx_detr_model" => "Generalized", "external_forcing_file" => nothing, "cloud_nn_architecture" => "arch_2layers_8nodes.jld2", "topo_smoothing" => true, "hyperdiff" => "Hyperdiffusion", "output_dir" => nothing, "constant_horizontal_diffusion" => false, "apply_sem_quasimonotone_limiter" => false, "bubble" => false, "ode_algo" => "ARS222", "max_newton_iters_ode" => 1, "start_date" => "20100101", "time_varying_trace_gases" => ["CO2", "O3"], "ocean_diagnostic_interval" => "1days", "use_dense_jacobian" => false, "detect_restart_file" => false, "prognostic_surface" => "PrescribedSST", "edmfx_vertical_diffusion" => true, "restart_file" => nothing, "nh_poly_coupler" => 2, "unique_seed" => false, "rayleigh_sponge" => true, "edmfx_tracer_upwinding" => "first_order", "divergence_damping_factor" => 5.0, "edmfx_entr_model" => "Generalized", "energy_check" => false, "land_model" => "integrated", "use_land_diagnostics" => true, "idealized_h2o" => false, "perturb_initstate" => true, "implicit_sgs_advection" => true, "edmfx_scale_blending" => "SmoothMinimum", "seaice_diagnostic_mode" => "average", "t_start" => "0secs", "land_fraction_source" => "etopo", "dz_bottom" => 30.0, "dt_save_state_to_disk" => "30days", "restart_t" => nothing, "advection_test" => false, "dt_cpl" => "30secs", "checkpoint_dt" => "366days", "topography" => "Earth", "aerosol_radiation" => true, "reference_job_id" => nothing, "vorticity_hyperdiffusion_coefficient" => 0.1857, "implicit_sgs_mass_flux" => true, "viscous_sponge" => true, "strict_params" => true, "config_file" => "ClimaCoupler.jl-mod/config/benchmark_configs/amip_progedmf_1m_land_he16.yml", "bucket_initial_condition" => "", "domain_type" => "global", "approximate_linear_solve_iters" => 2, "land_diagnostics_reduction" => "average", "smagorinsky_lilly" => nothing, "enable_diagnostics" => true, "tracer_nonnegativity_method" => nothing, "site_longitude" => -149.0, "evolving_ocean" => true, "implicit_sgs_vertdiff" => true, "prescribe_clouds_in_radiation" => false, "albedo_model" => "CouplerAlbedo", "quadrature_order" => 3, "coupler_diagnostics_period" => nothing, "FLOAT_TYPE" => "Float32", "deep_atmosphere" => true, "updraft_number" => 1, "amd_les" => false, "restart_dir" => nothing, "detect_restart_files" => false, "column_latlon" => [0.0, 0.0], "energy_q_tot_upwinding" => "vanleer_limiter", "prescribed_aerosols" => ["CB1", "CB2", "DST01", "DST02", "DST03", "DST04", "DST05", "OC1", "OC2", "SO4", "SSLT01", "SSLT02", "SSLT03", "SSLT04", "SSLT05"], "dt_nogw" => "1800secs", "output_default_diagnostics" => true, "edmfx_sgs_mass_flux" => true, "x_max" => 300000.0, "radiation_reset_rng_seed" => true, "land_diagnostics_period" => "1months", "newton_rtol" => 1.0e-5, "atmos_config_file" => "config/atmos_configs/climaatmos_progedmf_1m.yml", "edmfx_sgsflux_upwinding" => "none", "mode_name" => "amip", "land_temperature_anomaly" => "aquaplanet", "use_sgs_quadrature" => true, "bucket_albedo_type" => "map_static", "vert_diff" => nothing, "use_krylov_method" => false, "sleve_s" => 10.0, "implicit_microphysics" => true, "seaice_diagnostic_interval" => "1days", "prescribed_flow" => nothing, "coupler_diagnostics_reduction" => "average")
[ Info: Output directories output/gpu_amip_progedmf_1M_land_he16_mod/output_0038
[ Info: Coupler artifacts directory output/gpu_amip_progedmf_1M_land_he16_mod/artifacts
[ Info: Coupler checkpoint directory output/gpu_amip_progedmf_1M_land_he16_mod/checkpoints
[ Info: Random seed set to 1234
[ Info: Starting from t_start 0.0 seconds (2010-01-01T00:00:00) [counter = 0, period = 1 second, epoch = 2010-01-01T00:00:00]
[ Info: Overwriting Atmos parameters from input TOML file(s): ["/home/pbachant/calkit/clima-gpu-profiling/ClimaCoupler.jl-mod/toml/amip_progedmf_1m.toml"]
┌ Warning: The configuration passed to ClimaAtmos contains unused keys: use_coupler_diagnostics, ocean_progress_interval, scm_surface_type, extra_atmos_diagnostics, h_elem_coupler, ocean_diagnostic_interval, conservation_softfail, restart_cache, nh_poly_coupler, use_itime, unique_seed, share_surface_space, binary_area_fraction, energy_check, use_land_diagnostics, land_model, dt_cloud_fraction, implicit_sgs_advection, seaice_diagnostic_mode, ocean_diagnostic_mode, land_fraction_source, implicit_sgs_nh_pressure, coupler_toml, restart_t, coupler_output_dir, dt_cpl, checkpoint_dt, atmos_log_progress, implicit_sgs_mass_flux, config_file, sst_adjustment, bucket_initial_condition, domain_type, simple_ocean, edmfx_upwinding, land_diagnostics_reduction, evolving_ocean, implicit_sgs_vertdiff, save_cache, print_config_dict, coupler_diagnostics_period, component_dt_dict, restart_dir, detect_restart_files, rmse_check, column_latlon, land_spun_up_ic, land_diagnostics_period, implicit_sgs_entr_detr, atmos_config_file, ocean_model, mode_name, land_temperature_anomaly, bucket_albedo_type, ice_model, lai_source, seaice_diagnostic_interval, coupler_diagnostics_reduction
└ @ ClimaAtmos ~/calkit/clima-gpu-profiling/ClimaAtmos.jl-mod/src/config/yaml_helper.jl:157
┌ Info: numerics 
│        `energy_q_tot_upwinding`::`Val{:vanleer_limiter}`
│              `tracer_upwinding`::`Val{:vanleer_limiter}`
│     `edmfx_mse_q_tot_upwinding`::`Val{:first_order}`
│       `edmfx_sgsflux_upwinding`::`Val{:none}`
│        `edmfx_tracer_upwinding`::`Val{:first_order}`
│       `test_dycore_consistency`::`Nothing`
│          `reproducible_restart`::`Nothing`
│                       `limiter`::`Nothing`
│                     `diff_mode`::`ClimaAtmos.Implicit`
└                     `hyperdiff`::`ClimaAtmos.Hyperdiffusion{Float32}`
┌ Info: AtmosModel: 
│ 
│                             `water`::`ClimaAtmos.AtmosWater{ClimaAtmos.NonEquilibriumMicrophysics1M, ClimaAtmos.QuadratureCloud, ClimaAtmos.Implicit, Nothing, ClimaAtmos.SGSQuadrature{3, StaticArraysCore.SVector{3, Float32}, StaticArraysCore.SVector{3, Float32}, ClimaAtmos.LogNormalSGS, Float32}, ClimaAtmos.FixedTerminalVelocity{Float32}}`
│                         `scm_setup`::`ClimaAtmos.SCMSetup{Nothing, Nothing, Nothing, Bool, Nothing}`
│                         `radiation`::`ClimaAtmos.AtmosRadiation{ClimaAtmos.RRTMGPInterface.AllSkyRadiationWithClearSkyDiagnostics{ClimaAtmos.InteractiveCloudInRadiation}, ClimaAtmos.TimeVaryingInsolation}`
│                          `turbconv`::`ClimaAtmos.AtmosTurbconv{ClimaAtmos.EDMFXModel{ClimaAtmos.InvZEntrainment, ClimaAtmos.BuoyancyVelocityDetrainment, Val{true}, Val{true}, Val{true}, Val{true}, Val{true}, ClimaAtmos.SmoothMinimumBlending}, ClimaAtmos.PrognosticEDMFX{1, true, Float32}, Nothing, Nothing, Nothing}`
│                   `prescribed_flow`::`Nothing`
│                      `gravity_wave`::`ClimaAtmos.AtmosGravityWave{ClimaAtmos.NonOrographicGravityWave{Float32}, ClimaAtmos.FullOrographicGravityWave{Float32, Val{:raw_topo}, Val{:Earth}}}`
│                `vertical_diffusion`::`Nothing`
│                            `sponge`::`ClimaAtmos.AtmosSponge{ClimaAtmos.ViscousSponge{Float32}, ClimaAtmos.RayleighSponge{Float32}}`
│                           `surface`::`ClimaAtmos.AtmosSurface{ClimaAtmos.ZonallySymmetricSST, ClimaAtmos.PrescribedSST, ClimaAtmos.CouplerAlbedo}`
│                          `numerics`::`ClimaAtmos.AtmosNumerics{Val{:vanleer_limiter}, Val{:vanleer_limiter}, Val{:first_order}, Val{:none}, Val{:first_order}, Nothing, Nothing, Nothing, ClimaAtmos.Implicit, ClimaAtmos.Hyperdiffusion{Float32}}`
└                         `chemistry`::`ClimaAtmos.AtmosChem{Nothing}`
[ Info: Single-process ClimaAtmos run on CUDADevice
[ Info: Using ODE config: `ClimaTimeSteppers.ARS222`
┌ Warning: Removing output/gpu_amip_progedmf_1M_land_he16_mod/output_0038/clima_atmos
└ @ ClimaUtilities.OutputPathGenerator ~/.julia/packages/ClimaUtilities/Rd5Ys/src/OutputPathGenerator.jl:157
[ Info: Local file not found, loading from ClimaArtifacts (h_elem=16)...
[ Info: Loading from: /net/sampo/data1/ClimaArtifacts/artifacts/ogw_computed_drag_h16/computed_drag_Earth_false_1_16.hdf5
┌ Info: Jacobian algorithm: ManualSparseJacobian(
│   approximate_solve_iters = 2,
└ )
[ Info: Jacobian derivative flags: topography_flag = UseDerivative, diffusion_flag = UseDerivative
┌ Warning: Setting surface albedo to 0.38 at the beginning of the simulation
└ @ ClimaAtmos ~/calkit/clima-gpu-profiling/ClimaAtmos.jl-mod/src/cache/surface_albedo.jl:120
[ Info: Added 3 default ClimaAtmos diagnostics
[ Info: Saving accumulated diagnostics to disk with frequency: 1 hour
[ Info: Initialized 3 total diagnostics
┌ Info: Simulation info
│   job_id = "gpu_amip_progedmf_1M_land_he16_mod"
└   output_dir = "output/gpu_amip_progedmf_1M_land_he16_mod/output_0038/clima_atmos"
[ Info: ClimaCoupler.Interfacer.AMIPMode
┌ Info: PrescribedOcean: using SST file
└   sst_data = "/net/sampo/data1/ClimaArtifacts/artifacts/historical_sst_sic/MODEL.SST.HAD187001-198110.OI198111-202206.nc"
┌ Info: PrescribedIce: using SIC file
└   sic_data = "/net/sampo/data1/ClimaArtifacts/artifacts/historical_sst_sic/MODEL.ICE.HAD187001-198110.OI198111-202206.nc"
┌ Info: PrescribedIce: ISTL1 not in file, using constant initialization
└   file = "/net/sampo/data1/ClimaArtifacts/artifacts/historical_sst_sic/MODEL.ICE.HAD187001-198110.OI198111-202206.nc"
[ Info: Component models initialized: (:atmos_sim, :ice_sim, :land_sim, :ocean_sim)
[ Info: Component model types: ("ClimaAtmosSimulation", "PrescribedIceSimulation", "ClimaLandSimulation", "PrescribedOceanSimulation")
[ Info: Using default coupler diagnostics
┌ Warning: `update_field!` is not extended for the `liquid_precipitation` field of PrescribedIceSimulation: skipping update.
└ @ ClimaCoupler.Interfacer ~/calkit/clima-gpu-profiling/ClimaCoupler.jl-mod/src/Interfacer.jl:362
┌ Warning: Setting surface albedo to 0.38 at the beginning of the simulation
└ @ ClimaAtmos ~/calkit/clima-gpu-profiling/ClimaAtmos.jl-mod/src/cache/surface_albedo.jl:120
[ Info: Memory in use: 10.701 GiB
[ Info: Starting coupling loop
┌ Info: Progress
│   simulation_time = "2 minutes"
│   n_steps_completed = 4
│   wall_time_per_step = "0 seconds"
│   wall_time_total = "0 seconds"
│   wall_time_remaining = "0 seconds"
│   wall_time_spent = "0 seconds"
│   percent_complete = "10.0%"
│   estimated_sypd = "Inf"
│   instantaneous_sypd = "0.0 (sdpd_estimate = 0.0)"
│   date_now = 2026-06-01T20:04:23.176
└   estimated_finish_date = 2026-06-01T20:04:23.176
┌ Info: Progress
│   simulation_time = "3 minutes"
│   n_steps_completed = 6
│   wall_time_per_step = "0 seconds"
│   wall_time_total = "0 seconds"
│   wall_time_remaining = "0 seconds"
│   wall_time_spent = "0 seconds"
│   percent_complete = "15.0%"
│   estimated_sypd = "Inf"
│   instantaneous_sypd = "0.268"
│   date_now = 2026-06-01T20:04:23.735
└   estimated_finish_date = 2026-06-01T20:04:23.735
┌ Info: Progress
│   simulation_time = "4 minutes"
│   n_steps_completed = 8
│   wall_time_per_step = "233 milliseconds, 110 microseconds"
│   wall_time_total = "9 seconds, 324 milliseconds"
│   wall_time_remaining = "7 seconds, 459 milliseconds"
│   wall_time_spent = "1 second, 864 milliseconds"
│   percent_complete = "20.0%"
│   estimated_sypd = "0.352"
│   instantaneous_sypd = "0.352"
│   date_now = 2026-06-01T20:04:24.418
└   estimated_finish_date = 2026-06-01T20:04:32.418
┌ Info: Progress
│   simulation_time = "5 minutes"
│   n_steps_completed = 10
│   wall_time_per_step = "255 milliseconds, 114 microseconds"
│   wall_time_total = "10 seconds, 204 milliseconds"
│   wall_time_remaining = "7 seconds, 653 milliseconds"
│   wall_time_spent = "2 seconds, 551 milliseconds"
│   percent_complete = "25.0%"
│   estimated_sypd = "0.322"
│   instantaneous_sypd = "0.239"
│   date_now = 2026-06-01T20:04:24.887
└   estimated_finish_date = 2026-06-01T20:04:32.887
┌ Info: Progress
│   simulation_time = "6 minutes"
│   n_steps_completed = 12
│   wall_time_per_step = "251 milliseconds, 540 microseconds"
│   wall_time_total = "10 seconds, 61 milliseconds"
│   wall_time_remaining = "7 seconds, 43 milliseconds"
│   wall_time_spent = "3 seconds, 18 milliseconds"
│   percent_complete = "30.0%"
│   estimated_sypd = "0.327"
│   instantaneous_sypd = "0.351"
│   date_now = 2026-06-01T20:04:25.355
└   estimated_finish_date = 2026-06-01T20:04:33.355
┌ Info: Progress
│   simulation_time = "7 minutes"
│   n_steps_completed = 14
│   wall_time_per_step = "248 milliseconds, 866 microseconds"
│   wall_time_total = "9 seconds, 954 milliseconds"
│   wall_time_remaining = "6 seconds, 470 milliseconds"
│   wall_time_spent = "3 seconds, 484 milliseconds"
│   percent_complete = "35.0%"
│   estimated_sypd = "0.33"
│   instantaneous_sypd = "0.353"
│   date_now = 2026-06-01T20:04:25.820
└   estimated_finish_date = 2026-06-01T20:04:32.820
┌ Info: Progress
│   simulation_time = "8 minutes"
│   n_steps_completed = 16
│   wall_time_per_step = "246 milliseconds, 791 microseconds"
│   wall_time_total = "9 seconds, 871 milliseconds"
│   wall_time_remaining = "5 seconds, 923 milliseconds"
│   wall_time_spent = "3 seconds, 948 milliseconds"
│   percent_complete = "40.0%"
│   estimated_sypd = "0.333"
│   instantaneous_sypd = "0.354"
│   date_now = 2026-06-01T20:04:26.285
└   estimated_finish_date = 2026-06-01T20:04:32.285
┌ Info: Progress
│   simulation_time = "9 minutes"
│   n_steps_completed = 18
│   wall_time_per_step = "245 milliseconds, 204 microseconds"
│   wall_time_total = "9 seconds, 808 milliseconds"
│   wall_time_remaining = "5 seconds, 394 milliseconds"
│   wall_time_spent = "4 seconds, 413 milliseconds"
│   percent_complete = "45.0%"
│   estimated_sypd = "0.335"
│   instantaneous_sypd = "0.353"
│   date_now = 2026-06-01T20:04:26.750
└   estimated_finish_date = 2026-06-01T20:04:32.750
┌ Info: Progress
│   simulation_time = "10 minutes"
│   n_steps_completed = 20
│   wall_time_per_step = "337 milliseconds, 297 microseconds"
│   wall_time_total = "13 seconds, 491 milliseconds"
│   wall_time_remaining = "6 seconds, 745 milliseconds"
│   wall_time_spent = "6 seconds, 745 milliseconds"
│   percent_complete = "50.0%"
│   estimated_sypd = "0.244"
│   instantaneous_sypd = "0.07"
│   date_now = 2026-06-01T20:04:29.082
└   estimated_finish_date = 2026-06-01T20:04:36.082
┌ Info: Progress
│   simulation_time = "11 minutes"
│   n_steps_completed = 22
│   wall_time_per_step = "327 milliseconds, 883 microseconds"
│   wall_time_total = "13 seconds, 115 milliseconds"
│   wall_time_remaining = "5 seconds, 901 milliseconds"
│   wall_time_spent = "7 seconds, 213 milliseconds"
│   percent_complete = "55.0%"
│   estimated_sypd = "0.251"
│   instantaneous_sypd = "0.351"
│   date_now = 2026-06-01T20:04:29.550
└   estimated_finish_date = 2026-06-01T20:04:35.550
┌ Info: Progress
│   simulation_time = "12 minutes"
│   n_steps_completed = 24
│   wall_time_per_step = "319 milliseconds, 975 microseconds"
│   wall_time_total = "12 seconds, 799 milliseconds"
│   wall_time_remaining = "5 seconds, 119 milliseconds"
│   wall_time_spent = "7 seconds, 679 milliseconds"
│   percent_complete = "60.0%"
│   estimated_sypd = "0.257"
│   instantaneous_sypd = "0.353"
│   date_now = 2026-06-01T20:04:30.016
└   estimated_finish_date = 2026-06-01T20:04:36.016
┌ Info: Progress
│   simulation_time = "13 minutes"
│   n_steps_completed = 26
│   wall_time_per_step = "313 milliseconds, 378 microseconds"
│   wall_time_total = "12 seconds, 535 milliseconds"
│   wall_time_remaining = "4 seconds, 387 milliseconds"
│   wall_time_spent = "8 seconds, 147 milliseconds"
│   percent_complete = "65.0%"
│   estimated_sypd = "0.262"
│   instantaneous_sypd = "0.351"
│   date_now = 2026-06-01T20:04:30.484
└   estimated_finish_date = 2026-06-01T20:04:35.484
┌ Info: Progress
│   simulation_time = "14 minutes"
│   n_steps_completed = 28
│   wall_time_per_step = "307 milliseconds, 806 microseconds"
│   wall_time_total = "12 seconds, 312 milliseconds"
│   wall_time_remaining = "3 seconds, 693 milliseconds"
│   wall_time_spent = "8 seconds, 618 milliseconds"
│   percent_complete = "70.0%"
│   estimated_sypd = "0.267"
│   instantaneous_sypd = "0.349"
│   date_now = 2026-06-01T20:04:30.955
└   estimated_finish_date = 2026-06-01T20:04:34.955
┌ Info: Progress
│   simulation_time = "15 minutes"
│   n_steps_completed = 30
│   wall_time_per_step = "302 milliseconds, 859 microseconds"
│   wall_time_total = "12 seconds, 114 milliseconds"
│   wall_time_remaining = "3 seconds, 28 milliseconds"
│   wall_time_spent = "9 seconds, 85 milliseconds"
│   percent_complete = "75.0%"
│   estimated_sypd = "0.271"
│   instantaneous_sypd = "0.352"
│   date_now = 2026-06-01T20:04:31.422
└   estimated_finish_date = 2026-06-01T20:04:35.422
┌ Info: Progress
│   simulation_time = "16 minutes"
│   n_steps_completed = 32
│   wall_time_per_step = "298 milliseconds, 474 microseconds"
│   wall_time_total = "11 seconds, 938 milliseconds"
│   wall_time_remaining = "2 seconds, 387 milliseconds"
│   wall_time_spent = "9 seconds, 551 milliseconds"
│   percent_complete = "80.0%"
│   estimated_sypd = "0.275"
│   instantaneous_sypd = "0.353"
│   date_now = 2026-06-01T20:04:31.887
└   estimated_finish_date = 2026-06-01T20:04:34.887
┌ Info: Progress
│   simulation_time = "17 minutes"
│   n_steps_completed = 34
│   wall_time_per_step = "294 milliseconds, 637 microseconds"
│   wall_time_total = "11 seconds, 785 milliseconds"
│   wall_time_remaining = "1 second, 767 milliseconds"
│   wall_time_spent = "10 seconds, 17 milliseconds"
│   percent_complete = "85.0%"
│   estimated_sypd = "0.279"
│   instantaneous_sypd = "0.352"
│   date_now = 2026-06-01T20:04:32.354
└   estimated_finish_date = 2026-06-01T20:04:34.354
┌ Info: Progress
│   simulation_time = "18 minutes"
│   n_steps_completed = 36
│   wall_time_per_step = "291 milliseconds, 193 microseconds"
│   wall_time_total = "11 seconds, 647 milliseconds"
│   wall_time_remaining = "1 second, 164 milliseconds"
│   wall_time_spent = "10 seconds, 482 milliseconds"
│   percent_complete = "90.0%"
│   estimated_sypd = "0.282"
│   instantaneous_sypd = "0.353"
│   date_now = 2026-06-01T20:04:32.819
└   estimated_finish_date = 2026-06-01T20:04:34.819
┌ Info: Progress
│   simulation_time = "19 minutes"
│   n_steps_completed = 38
│   wall_time_per_step = "288 milliseconds, 129 microseconds"
│   wall_time_total = "11 seconds, 525 milliseconds"
│   wall_time_remaining = "576 milliseconds, 258 microseconds"
│   wall_time_spent = "10 seconds, 948 milliseconds"
│   percent_complete = "95.0%"
│   estimated_sypd = "0.285"
│   instantaneous_sypd = "0.353"
│   date_now = 2026-06-01T20:04:33.285
└   estimated_finish_date = 2026-06-01T20:04:34.285
┌ Info: Progress
│   simulation_time = "20 minutes"
│   n_steps_completed = 40
│   wall_time_per_step = "332 milliseconds, 138 microseconds"
│   wall_time_total = "13 seconds, 285 milliseconds"
│   wall_time_remaining = "0 seconds"
│   wall_time_spent = "13 seconds, 285 milliseconds"
│   percent_complete = "100.0%"
│   estimated_sypd = "0.247"
│   instantaneous_sypd = "0.07"
│   date_now = 2026-06-01T20:04:35.622
└   estimated_finish_date = 2026-06-01T20:04:35.622
[ Info: Simulation took 12.985953 seconds
[ Info: SYPD: 0.2529980557312791
[ Info: Walltime per coupling step: 0.32464883
[ Info: Using Atmos configuration from ClimaCoupler in config/atmos_configs/climaatmos_progedmf_1m.yml
[ Info: Dict{Any, Any}("sleve_eta" => 0.7, "use_coupler_diagnostics" => true, "era5_diurnal_warming" => nothing, "ocean_progress_interval" => nothing, "dt" => "30secs", "prognostic_tke" => true, "use_newton_rtol" => false, "netcdf_output_at_levels" => true, "microphysics_model" => "1M", "output_dir_style" => "ActiveLink", "external_forcing" => nothing, "device" => "auto", "t_end" => "1200secs", "c_amd" => 0.29, "scm_surface_type" => "ocean", "y_elem" => 6, "z_stretch" => true, "extra_atmos_diagnostics" => Dict{Any, Any}[], "h_elem_coupler" => 32, "edmfx_nh_pressure" => true, "era5_initial_condition_dir" => nothing, "conservation_softfail" => false, "check_steady_state" => false, "restart_cache" => true, "update_jacobian_every" => "solve", "test_dycore_consistency" => false, "add_isothermal_boundary_layer" => true, "use_itime" => true, "rad" => "allskywithclear", "share_surface_space" => true, "binary_area_fraction" => true, "cloud_model" => "quadrature", "initial_condition" => "DecayingProfile", "krylov_rtol" => 0.1, "eisenstat_walker_forcing_alpha" => 2.0, "dt_cloud_fraction" => "1hours", "surface_setup" => "PrescribedSurface", "jvp_step_adjustment" => 1.0, "microphysics_n_substeps" => 3, "insolation" => "timevarying", "ocean_diagnostic_mode" => "average", "log_progress" => true, "site_latitude" => 17.0, "h_elem" => 16, "implicit_sgs_nh_pressure" => true, "coupler_toml" => ["/home/pbachant/calkit/clima-gpu-profiling/ClimaCoupler.jl-mod/toml/amip_progedmf_1m.toml"], "netcdf_interpolation_num_points" => nothing, "coupler_output_dir" => "output", "z_max" => 60000.0, "atmos_log_progress" => false, "diagnostics" => Any[], "edmfx_filter" => true, "debug_jacobian" => false, "job_id" => "gpu_amip_progedmf_1M_land_he16_mod", "sst_adjustment" => 0.0, "log_to_file" => false, "orographic_gravity_wave" => "raw_topo", "dt_rad" => "600secs", "simple_ocean" => false, "edmfx_upwinding" => "first_order", "tracer_upwinding" => "vanleer_limiter", "nh_poly" => 3, "edmfx_sgs_diffusive_flux" => true, "y_max" => 300000.0, "non_orographic_gravity_wave" => true, "print_config_dict" => true, "save_cache" => true, "microphysics_n_substeps_quadrature" => 2, "topography_damping_factor" => 5, "config" => "sphere", "hyperdiffusion_prandtl_number" => 0.2, "reproducibility_test" => false, "component_dt_dict" => Dict("dt_atmos" => 30.0, "dt_land" => 30.0, "dt_seaice" => 30.0, "dt_ocean" => 30.0), "check_conservation" => false, "rmse_check" => false, "land_spun_up_ic" => false, "vertical_water_borrowing_species" => nothing, "auto_jacobian_padding_bands" => nothing, "sgs_distribution" => "lognormal", "implicit_diffusion" => true, "z_elem" => 63, "implicit_sgs_entr_detr" => true, "ocean_model" => "prescribed", "use_auto_jacobian" => false, "disable_surface_flux_tendency" => false, "cfsite_number" => "site23", "dt_ogw" => "1800secs", "fixed_terminal_velocity" => true, "turbconv" => "prognostic_edmfx", "x_elem" => 6, "idealized_clouds" => false, "edmfx_mse_q_tot_upwinding" => "first_order", "check_nan_every" => 1024, "ice_model" => "prescribed", "use_dynamic_krylov_rtol" => false, "lai_source" => "modis_monthly", "reproducible_restart" => false, "toml" => ["toml/longrun_aquaplanet_diagedmf.toml"], "mesh_warp_type" => "SLEVE", "edmfx_detr_model" => "Generalized", "external_forcing_file" => nothing, "cloud_nn_architecture" => "arch_2layers_8nodes.jld2", "topo_smoothing" => true, "hyperdiff" => "Hyperdiffusion", "output_dir" => nothing, "constant_horizontal_diffusion" => false, "apply_sem_quasimonotone_limiter" => false, "bubble" => false, "ode_algo" => "ARS222", "max_newton_iters_ode" => 1, "start_date" => "20100101", "time_varying_trace_gases" => ["CO2", "O3"], "ocean_diagnostic_interval" => "1days", "use_dense_jacobian" => false, "detect_restart_file" => false, "prognostic_surface" => "PrescribedSST", "edmfx_vertical_diffusion" => true, "restart_file" => nothing, "nh_poly_coupler" => 2, "unique_seed" => false, "rayleigh_sponge" => true, "edmfx_tracer_upwinding" => "first_order", "divergence_damping_factor" => 5.0, "edmfx_entr_model" => "Generalized", "energy_check" => false, "land_model" => "integrated", "use_land_diagnostics" => true, "idealized_h2o" => false, "perturb_initstate" => true, "implicit_sgs_advection" => true, "edmfx_scale_blending" => "SmoothMinimum", "seaice_diagnostic_mode" => "average", "t_start" => "0secs", "land_fraction_source" => "etopo", "dz_bottom" => 30.0, "dt_save_state_to_disk" => "30days", "restart_t" => nothing, "advection_test" => false, "dt_cpl" => "30secs", "checkpoint_dt" => "366days", "topography" => "Earth", "aerosol_radiation" => true, "reference_job_id" => nothing, "vorticity_hyperdiffusion_coefficient" => 0.1857, "implicit_sgs_mass_flux" => true, "viscous_sponge" => true, "strict_params" => true, "config_file" => "ClimaCoupler.jl-mod/config/benchmark_configs/amip_progedmf_1m_land_he16.yml", "bucket_initial_condition" => "", "domain_type" => "global", "approximate_linear_solve_iters" => 2, "land_diagnostics_reduction" => "average", "smagorinsky_lilly" => nothing, "enable_diagnostics" => true, "tracer_nonnegativity_method" => nothing, "site_longitude" => -149.0, "evolving_ocean" => true, "implicit_sgs_vertdiff" => true, "prescribe_clouds_in_radiation" => false, "albedo_model" => "CouplerAlbedo", "quadrature_order" => 3, "coupler_diagnostics_period" => nothing, "FLOAT_TYPE" => "Float32", "deep_atmosphere" => true, "updraft_number" => 1, "amd_les" => false, "restart_dir" => nothing, "detect_restart_files" => false, "column_latlon" => [0.0, 0.0], "energy_q_tot_upwinding" => "vanleer_limiter", "prescribed_aerosols" => ["CB1", "CB2", "DST01", "DST02", "DST03", "DST04", "DST05", "OC1", "OC2", "SO4", "SSLT01", "SSLT02", "SSLT03", "SSLT04", "SSLT05"], "dt_nogw" => "1800secs", "output_default_diagnostics" => true, "edmfx_sgs_mass_flux" => true, "x_max" => 300000.0, "radiation_reset_rng_seed" => true, "land_diagnostics_period" => "1months", "newton_rtol" => 1.0e-5, "atmos_config_file" => "config/atmos_configs/climaatmos_progedmf_1m.yml", "edmfx_sgsflux_upwinding" => "none", "mode_name" => "amip", "land_temperature_anomaly" => "aquaplanet", "use_sgs_quadrature" => true, "bucket_albedo_type" => "map_static", "vert_diff" => nothing, "use_krylov_method" => false, "sleve_s" => 10.0, "implicit_microphysics" => true, "seaice_diagnostic_interval" => "1days", "prescribed_flow" => nothing, "coupler_diagnostics_reduction" => "average")
[ Info: Using Atmos configuration from ClimaCoupler in config/atmos_configs/climaatmos_progedmf_1m.yml
[ Info: Dict{Any, Any}("sleve_eta" => 0.7, "use_coupler_diagnostics" => true, "era5_diurnal_warming" => nothing, "ocean_progress_interval" => nothing, "dt" => "30secs", "prognostic_tke" => true, "use_newton_rtol" => false, "netcdf_output_at_levels" => true, "microphysics_model" => "1M", "output_dir_style" => "ActiveLink", "external_forcing" => nothing, "device" => "auto", "t_end" => "1200secs", "c_amd" => 0.29, "scm_surface_type" => "ocean", "y_elem" => 6, "z_stretch" => true, "extra_atmos_diagnostics" => Dict{Any, Any}[], "h_elem_coupler" => 32, "edmfx_nh_pressure" => true, "era5_initial_condition_dir" => nothing, "conservation_softfail" => false, "check_steady_state" => false, "restart_cache" => true, "update_jacobian_every" => "solve", "test_dycore_consistency" => false, "add_isothermal_boundary_layer" => true, "use_itime" => true, "rad" => "allskywithclear", "share_surface_space" => true, "binary_area_fraction" => true, "cloud_model" => "quadrature", "initial_condition" => "DecayingProfile", "krylov_rtol" => 0.1, "eisenstat_walker_forcing_alpha" => 2.0, "dt_cloud_fraction" => "1hours", "surface_setup" => "PrescribedSurface", "jvp_step_adjustment" => 1.0, "microphysics_n_substeps" => 3, "insolation" => "timevarying", "ocean_diagnostic_mode" => "average", "log_progress" => true, "site_latitude" => 17.0, "h_elem" => 16, "implicit_sgs_nh_pressure" => true, "coupler_toml" => ["/home/pbachant/calkit/clima-gpu-profiling/ClimaCoupler.jl-mod/toml/amip_progedmf_1m.toml"], "netcdf_interpolation_num_points" => nothing, "coupler_output_dir" => "output", "z_max" => 60000.0, "atmos_log_progress" => false, "diagnostics" => Any[], "edmfx_filter" => true, "debug_jacobian" => false, "job_id" => "gpu_amip_progedmf_1M_land_he16_mod", "sst_adjustment" => 0.0, "log_to_file" => false, "orographic_gravity_wave" => "raw_topo", "dt_rad" => "600secs", "simple_ocean" => false, "edmfx_upwinding" => "first_order", "tracer_upwinding" => "vanleer_limiter", "nh_poly" => 3, "edmfx_sgs_diffusive_flux" => true, "y_max" => 300000.0, "non_orographic_gravity_wave" => true, "print_config_dict" => true, "save_cache" => true, "microphysics_n_substeps_quadrature" => 2, "topography_damping_factor" => 5, "config" => "sphere", "hyperdiffusion_prandtl_number" => 0.2, "reproducibility_test" => false, "component_dt_dict" => Dict("dt_atmos" => 30.0, "dt_land" => 30.0, "dt_seaice" => 30.0, "dt_ocean" => 30.0), "check_conservation" => false, "rmse_check" => false, "land_spun_up_ic" => false, "vertical_water_borrowing_species" => nothing, "auto_jacobian_padding_bands" => nothing, "sgs_distribution" => "lognormal", "implicit_diffusion" => true, "z_elem" => 63, "implicit_sgs_entr_detr" => true, "ocean_model" => "prescribed", "use_auto_jacobian" => false, "disable_surface_flux_tendency" => false, "cfsite_number" => "site23", "dt_ogw" => "1800secs", "fixed_terminal_velocity" => true, "turbconv" => "prognostic_edmfx", "x_elem" => 6, "idealized_clouds" => false, "edmfx_mse_q_tot_upwinding" => "first_order", "check_nan_every" => 1024, "ice_model" => "prescribed", "use_dynamic_krylov_rtol" => false, "lai_source" => "modis_monthly", "reproducible_restart" => false, "toml" => ["toml/longrun_aquaplanet_diagedmf.toml"], "mesh_warp_type" => "SLEVE", "edmfx_detr_model" => "Generalized", "external_forcing_file" => nothing, "cloud_nn_architecture" => "arch_2layers_8nodes.jld2", "topo_smoothing" => true, "hyperdiff" => "Hyperdiffusion", "output_dir" => nothing, "constant_horizontal_diffusion" => false, "apply_sem_quasimonotone_limiter" => false, "bubble" => false, "ode_algo" => "ARS222", "max_newton_iters_ode" => 1, "start_date" => "20100101", "time_varying_trace_gases" => ["CO2", "O3"], "ocean_diagnostic_interval" => "1days", "use_dense_jacobian" => false, "detect_restart_file" => false, "prognostic_surface" => "PrescribedSST", "edmfx_vertical_diffusion" => true, "restart_file" => nothing, "nh_poly_coupler" => 2, "unique_seed" => false, "rayleigh_sponge" => true, "edmfx_tracer_upwinding" => "first_order", "divergence_damping_factor" => 5.0, "edmfx_entr_model" => "Generalized", "energy_check" => false, "land_model" => "integrated", "use_land_diagnostics" => true, "idealized_h2o" => false, "perturb_initstate" => true, "implicit_sgs_advection" => true, "edmfx_scale_blending" => "SmoothMinimum", "seaice_diagnostic_mode" => "average", "t_start" => "0secs", "land_fraction_source" => "etopo", "dz_bottom" => 30.0, "dt_save_state_to_disk" => "30days", "restart_t" => nothing, "advection_test" => false, "dt_cpl" => "30secs", "checkpoint_dt" => "366days", "topography" => "Earth", "aerosol_radiation" => true, "reference_job_id" => nothing, "vorticity_hyperdiffusion_coefficient" => 0.1857, "implicit_sgs_mass_flux" => true, "viscous_sponge" => true, "strict_params" => true, "config_file" => "ClimaCoupler.jl-mod/config/benchmark_configs/amip_progedmf_1m_land_he16.yml", "bucket_initial_condition" => "", "domain_type" => "global", "approximate_linear_solve_iters" => 2, "land_diagnostics_reduction" => "average", "smagorinsky_lilly" => nothing, "enable_diagnostics" => true, "tracer_nonnegativity_method" => nothing, "site_longitude" => -149.0, "evolving_ocean" => true, "implicit_sgs_vertdiff" => true, "prescribe_clouds_in_radiation" => false, "albedo_model" => "CouplerAlbedo", "quadrature_order" => 3, "coupler_diagnostics_period" => nothing, "FLOAT_TYPE" => "Float32", "deep_atmosphere" => true, "updraft_number" => 1, "amd_les" => false, "restart_dir" => nothing, "detect_restart_files" => false, "column_latlon" => [0.0, 0.0], "energy_q_tot_upwinding" => "vanleer_limiter", "prescribed_aerosols" => ["CB1", "CB2", "DST01", "DST02", "DST03", "DST04", "DST05", "OC1", "OC2", "SO4", "SSLT01", "SSLT02", "SSLT03", "SSLT04", "SSLT05"], "dt_nogw" => "1800secs", "output_default_diagnostics" => true, "edmfx_sgs_mass_flux" => true, "x_max" => 300000.0, "radiation_reset_rng_seed" => true, "land_diagnostics_period" => "1months", "newton_rtol" => 1.0e-5, "atmos_config_file" => "config/atmos_configs/climaatmos_progedmf_1m.yml", "edmfx_sgsflux_upwinding" => "none", "mode_name" => "amip", "land_temperature_anomaly" => "aquaplanet", "use_sgs_quadrature" => true, "bucket_albedo_type" => "map_static", "vert_diff" => nothing, "use_krylov_method" => false, "sleve_s" => 10.0, "implicit_microphysics" => true, "seaice_diagnostic_interval" => "1days", "prescribed_flow" => nothing, "coupler_diagnostics_reduction" => "average")
[ Info: Plotting diagnostics for coupler, atmos, land, and ocean
[ Info: plotting debug in output/gpu_amip_progedmf_1M_land_he16_mod/artifacts
