Loading climacommon/2025_05_15
  Loading requirement: climaauth/2025_05_15 openmpi/4.1.5-mpitrampoline
    julia/1.11.5 cuda/julia-pref
[ Info: Unpacking /home/pbachant/tmp_nsight_compute/jl_74BYvaH4bu-download.gz into /home/pbachant/.julia/artifacts/jl_WfMbFC...
[ Info: Unpacking /home/pbachant/tmp_nsight_compute/jl_1EbWPgXghi-download.gz into /home/pbachant/.julia/artifacts/jl_tytcMK...
[ Info: Unpacking /home/pbachant/tmp_nsight_compute/jl_1md29SfojG-download.gz into /home/pbachant/.julia/artifacts/jl_IXPShA...
[ Info: Unpacking /home/pbachant/tmp_nsight_compute/jl_xidsfmjets-download.gz into /home/pbachant/.julia/artifacts/jl_Ar60PW...
[ Info: Unpacking /home/pbachant/tmp_nsight_compute/jl_RWX0dUJUxs-download.gz into /home/pbachant/.julia/artifacts/jl_ec8WH0...
[ Info: Unpacking /home/pbachant/tmp_nsight_compute/jl_dOfCjStU50-download.gz into /home/pbachant/.julia/artifacts/jl_ApFxUo...
[ Info: Unpacking /home/pbachant/tmp_nsight_compute/jl_1OpKlgJuPy-download.gz into /home/pbachant/.julia/artifacts/jl_6etWAu...
[ Info: Unpacking /home/pbachant/tmp_nsight_compute/jl_bQli9KJoVy-download.gz into /home/pbachant/.julia/artifacts/jl_RzRRyI...
[ Info: Unpacking /home/pbachant/tmp_nsight_compute/jl_rIHaTij27I-download.gz into /home/pbachant/.julia/artifacts/jl_Y89r8f...
[ Info: Unpacking /home/pbachant/tmp_nsight_compute/jl_ZQj2FofOLM-download.gz into /home/pbachant/.julia/artifacts/jl_2gBfVW...
[ Info: Unpacking /home/pbachant/tmp_nsight_compute/jl_f6R2p2nqts-download.gz into /home/pbachant/.julia/artifacts/jl_Zg8XeK...
[ Info: Unpacking /home/pbachant/tmp_nsight_compute/jl_18vIfQHiDg-download.gz into /home/pbachant/.julia/artifacts/jl_ebMttX...
[ Info: Unpacking /home/pbachant/tmp_nsight_compute/jl_XgFEt4heFC-download.gz into /home/pbachant/.julia/artifacts/jl_4ZaD0K...
[ Info: Unpacking /home/pbachant/tmp_nsight_compute/jl_ra7g1WFiHM-download.gz into /home/pbachant/.julia/artifacts/jl_r4NAyF...
[ Info: Unpacking /home/pbachant/tmp_nsight_compute/jl_30LgdAjMvc-download.gz into /home/pbachant/.julia/artifacts/jl_3Eyrgl...
[ Info: Unpacking /home/pbachant/tmp_nsight_compute/jl_vUdU3qBO3m-download.gz into /home/pbachant/.julia/artifacts/jl_2u6Kvh...
[ Info: Unpacking /home/pbachant/tmp_nsight_compute/jl_DWBoN0Nu9A-download.gz into /home/pbachant/.julia/artifacts/jl_ctKEic...
[ Info: Unpacking /home/pbachant/tmp_nsight_compute/jl_dIJ2RahUHY-download.gz into /home/pbachant/.julia/artifacts/jl_j74QPK...
[ Info: Unpacking /home/pbachant/tmp_nsight_compute/jl_j87Gl6R6xg-download.gz into /home/pbachant/.julia/artifacts/jl_5g80kP...
[ Info: Unpacking /home/pbachant/tmp_nsight_compute/jl_VYPUZ0dCPY-download.gz into /home/pbachant/.julia/artifacts/jl_wZmnYk...
[ Info: Unpacking /home/pbachant/tmp_nsight_compute/jl_70dif4TA30-download.gz into /home/pbachant/.julia/artifacts/jl_1zbuvS...
[ Info: Unpacking /home/pbachant/tmp_nsight_compute/jl_XQDEvoPWB4-download.gz into /home/pbachant/.julia/artifacts/jl_RNU1i6...
[ Info: Unpacking /home/pbachant/tmp_nsight_compute/jl_dClWz4R6jK-download.gz into /home/pbachant/.julia/artifacts/jl_vSr44M...
[ Info: Unpacking /home/pbachant/tmp_nsight_compute/jl_DWjGp8vWhi-download.gz into /home/pbachant/.julia/artifacts/jl_MqxcsJ...
[ Info: Unpacking /home/pbachant/tmp_nsight_compute/jl_JKTcRoHYTa-download.gz into /home/pbachant/.julia/artifacts/jl_7yBLta...
[ Info: Unpacking /home/pbachant/tmp_nsight_compute/jl_1cpgBUHYFm-download.gz into /home/pbachant/.julia/artifacts/jl_5APjDj...
[ Info: Unpacking /home/pbachant/tmp_nsight_compute/jl_98JGd8Jory-download.gz into /home/pbachant/.julia/artifacts/jl_KCxNtt...
[ Info: Unpacking /home/pbachant/tmp_nsight_compute/jl_h2X0DqDixi-download.gz into /home/pbachant/.julia/artifacts/jl_RtSEtg...
[ Info: Unpacking /home/pbachant/tmp_nsight_compute/jl_bilMbITCHw-download.gz into /home/pbachant/.julia/artifacts/jl_3gpc03...
[ Info: Unpacking /home/pbachant/tmp_nsight_compute/jl_nQRSfyNQtA-download.gz into /home/pbachant/.julia/artifacts/jl_foAt4t...
[ Info: Unpacking /home/pbachant/tmp_nsight_compute/jl_98Vw18PiJs-download.gz into /home/pbachant/.julia/artifacts/jl_YuZNDs...
[ Info: Unpacking /home/pbachant/tmp_nsight_compute/jl_B61C1AzSbQ-download.gz into /home/pbachant/.julia/artifacts/jl_9BkZp4...
[ Info: Unpacking /home/pbachant/tmp_nsight_compute/jl_DC1WL6jUDS-download.gz into /home/pbachant/.julia/artifacts/jl_EON9G6...
[ Info: Unpacking /home/pbachant/tmp_nsight_compute/jl_lIH65mRmf2-download.gz into /home/pbachant/.julia/artifacts/jl_1wsRmw...
[ Info: Unpacking /home/pbachant/tmp_nsight_compute/jl_Nctgh8RSPE-download.gz into /home/pbachant/.julia/artifacts/jl_KIsr6r...
[ Info: Unpacking /home/pbachant/tmp_nsight_compute/jl_h8dIhO7mRU-download.gz into /home/pbachant/.julia/artifacts/jl_ODIdHt...
[ Info: Unpacking /home/pbachant/tmp_nsight_compute/jl_Z4hcj4FkRw-download.gz into /home/pbachant/.julia/artifacts/jl_3g9g9d...
[ Info: Unpacking /home/pbachant/tmp_nsight_compute/jl_3KbMRiFYr6-download.gz into /home/pbachant/.julia/artifacts/jl_QBwSXK...
[ Info: Unpacking /home/pbachant/tmp_nsight_compute/jl_PiFKhcHGDA-download.gz into /home/pbachant/.julia/artifacts/jl_3wPnIy...
[ Info: Unpacking /home/pbachant/tmp_nsight_compute/jl_181OXYD8Xy-download.gz into /home/pbachant/.julia/artifacts/jl_EIlBuI...
[ Info: Unpacking /home/pbachant/tmp_nsight_compute/jl_BmxG727WBK-download.gz into /home/pbachant/.julia/artifacts/jl_rLvWF8...
┌ Warning: Failed to clean up temporary directory "/home/pbachant/.julia/artifacts/jl_dsDJAM"
│   exception = IOError: rm("/home/pbachant/.julia/artifacts/jl_dsDJAM"): directory not empty (ENOTEMPTY)
└ @ Pkg.Artifacts /clima/software/julia/julia-1.11.5/share/julia/stdlib/v1.11/Pkg/src/Artifacts.jl:407
┌ Warning: Failed to clean up temporary directory "/home/pbachant/.julia/artifacts/jl_zxpmlO"
│   exception = IOError: rm("/home/pbachant/.julia/artifacts/jl_zxpmlO"): directory not empty (ENOTEMPTY)
└ @ Pkg.Artifacts /clima/software/julia/julia-1.11.5/share/julia/stdlib/v1.11/Pkg/src/Artifacts.jl:407
┌ Warning: Failed to clean up temporary directory "/home/pbachant/.julia/artifacts/jl_ZIZLGk"
│   exception = IOError: rm("/home/pbachant/.julia/artifacts/jl_ZIZLGk"): directory not empty (ENOTEMPTY)
└ @ Pkg.Artifacts /clima/software/julia/julia-1.11.5/share/julia/stdlib/v1.11/Pkg/src/Artifacts.jl:407
┌ Warning: Failed to clean up temporary directory "/home/pbachant/.julia/artifacts/jl_xF4Zdq"
│   exception = IOError: rm("/home/pbachant/.julia/artifacts/jl_xF4Zdq"): directory not empty (ENOTEMPTY)
└ @ Pkg.Artifacts /clima/software/julia/julia-1.11.5/share/julia/stdlib/v1.11/Pkg/src/Artifacts.jl:407
┌ Warning: Failed to clean up temporary directory "/home/pbachant/.julia/artifacts/jl_Wqcy57"
│   exception = IOError: rm("/home/pbachant/.julia/artifacts/jl_Wqcy57"): directory not empty (ENOTEMPTY)
└ @ Pkg.Artifacts /clima/software/julia/julia-1.11.5/share/julia/stdlib/v1.11/Pkg/src/Artifacts.jl:407
┌ Warning: CUDA runtime library `libcublasLt.so.13` was loaded from a system path, `/usr/local/cuda/lib64/libcublasLt.so.13`.
│ This may cause errors.
│ 
│ If you're running under a profiler, this situation is expected. Otherwise,
│ ensure that your library path environment variable (e.g., `PATH` on Windows
│ or `LD_LIBRARY_PATH` on Linux) does not include CUDA library paths.
│ 
│ In any other case, please file an issue.
└ @ CUDA ~/.julia/packages/CUDA/FQwqy/src/initialization.jl:198
┌ Warning: CUDA runtime library `libnvJitLink.so.13` was loaded from a system path, `/usr/local/cuda/lib64/libnvJitLink.so.13`.
│ This may cause errors.
│ 
│ If you're running under a profiler, this situation is expected. Otherwise,
│ ensure that your library path environment variable (e.g., `PATH` on Windows
│ or `LD_LIBRARY_PATH` on Linux) does not include CUDA library paths.
│ 
│ In any other case, please file an issue.
└ @ CUDA ~/.julia/packages/CUDA/FQwqy/src/initialization.jl:198
┌ Warning: CUDA runtime library `libcusparse.so.12` was loaded from a system path, `/usr/local/cuda/lib64/libcusparse.so.12`.
│ This may cause errors.
│ 
│ If you're running under a profiler, this situation is expected. Otherwise,
│ ensure that your library path environment variable (e.g., `PATH` on Windows
│ or `LD_LIBRARY_PATH` on Linux) does not include CUDA library paths.
│ 
│ In any other case, please file an issue.
└ @ CUDA ~/.julia/packages/CUDA/FQwqy/src/initialization.jl:198
Status `~/calkit/clima-gpu-profiling/ClimaCoupler.jl-mod/experiments/AMIP/Project.toml`
  [c7e460c6] ArgParse v1.2.0
⌅ [052768ef] CUDA v5.11.3
  [159f3aea] Cairo v1.1.1
⌃ [13f3f980] CairoMakie v0.15.11
→ [29b5916a] ClimaAnalysis v0.5.22
  [b2c96348] ClimaAtmos v0.40.0 `../../../ClimaAtmos.jl-mod`
  [4347a170] ClimaCalibrate v0.3.1
  [3a4d1b5c] ClimaComms v0.6.11
  [d414da3d] ClimaCore v0.14.54 `../../../ClimaCore.jl-mod`
  [908f55d8] ClimaCoreMakie v0.4.7
→ [4ade58fe] ClimaCoupler v0.2.1 `../..`
  [1ecacbb8] ClimaDiagnostics v0.3.6
→ [08f4d4ce] ClimaLand v1.9.0
⌃ [5c42b081] ClimaParams v1.0.17
  [595c0a79] ClimaTimeSteppers v0.9.0
  [b3f4f4ca] ClimaUtilities v0.1.29
  [6a9e3e04] CloudMicrophysics v0.37.0 `../../../CloudMicrophysics.jl-mod`
  [aa8a2aa5] EnsembleKalmanProcesses v2.7.1
⌅ [61eb1bfa] GPUCompiler v1.17.1
  [db073c08] GeoMakie v0.7.16
  [e98cc03f] Insolation v1.1.1
⌅ [a98d9a8b] Interpolations v0.15.1
  [033835bb] JLD2 v0.6.4
  [da04e1cc] MPI v0.20.26
⌅ [ee78f7c6] Makie v0.24.11
  [85f8d34a] NCDatasets v0.14.15
  [5da4648a] NVTX v1.0.3
⌅ [b946abbf] NaNStatistics v0.6.56
  [08abe8d2] PrettyTables v3.3.2
  [1bc83da4] SafeTestsets v0.1.0
  [90137ffa] StaticArrays v1.9.18
  [49b00bb7] SurfaceFluxes v1.0.0
  [b60c26fb] Thermodynamics v1.2.1
  [ddb6d928] YAML v0.4.16
⌅ [9c32591e] Poppler_jll v24.6.0+0
  [de0858da] Printf v1.11.0
Info Packages marked with → are not downloaded, use `instantiate` to download
Info Packages marked with ⌃ and ⌅ have new versions available. Those with ⌃ may be upgradable, but those with ⌅ are restricted by compatibility constraints from upgrading. To see why use `status --outdated`
==PROF== Connected to process 1884800 (/clima/software/julia/julia-1.11.5/bin/julia)
┌ Warning: CUDA runtime library `libcublasLt.so.13` was loaded from a system path, `/usr/local/cuda/lib64/libcublasLt.so.13`.
│ This may cause errors.
│ 
│ If you're running under a profiler, this situation is expected. Otherwise,
│ ensure that your library path environment variable (e.g., `PATH` on Windows
│ or `LD_LIBRARY_PATH` on Linux) does not include CUDA library paths.
│ 
│ In any other case, please file an issue.
└ @ CUDA ~/.julia/packages/CUDA/FQwqy/src/initialization.jl:198
┌ Warning: CUDA runtime library `libnvJitLink.so.13` was loaded from a system path, `/usr/local/cuda/lib64/libnvJitLink.so.13`.
│ This may cause errors.
│ 
│ If you're running under a profiler, this situation is expected. Otherwise,
│ ensure that your library path environment variable (e.g., `PATH` on Windows
│ or `LD_LIBRARY_PATH` on Linux) does not include CUDA library paths.
│ 
│ In any other case, please file an issue.
└ @ CUDA ~/.julia/packages/CUDA/FQwqy/src/initialization.jl:198
┌ Warning: CUDA runtime library `libcusparse.so.12` was loaded from a system path, `/usr/local/cuda/lib64/libcusparse.so.12`.
│ This may cause errors.
│ 
│ If you're running under a profiler, this situation is expected. Otherwise,
│ ensure that your library path environment variable (e.g., `PATH` on Windows
│ or `LD_LIBRARY_PATH` on Linux) does not include CUDA library paths.
│ 
│ In any other case, please file an issue.
└ @ CUDA ~/.julia/packages/CUDA/FQwqy/src/initialization.jl:198
┌ Warning: CUDA runtime library `libnvperf_target.so` was loaded from a system path, `/opt/nvidia/nsight-compute/2025.3.1/target/linux-desktop-glibc_2_11_3-x64/./libnvperf_target.so`.
│ This may cause errors.
│ 
│ If you're running under a profiler, this situation is expected. Otherwise,
│ ensure that your library path environment variable (e.g., `PATH` on Windows
│ or `LD_LIBRARY_PATH` on Linux) does not include CUDA library paths.
│ 
│ In any other case, please file an issue.
└ @ CUDA ~/.julia/packages/CUDA/FQwqy/src/initialization.jl:198
[ Info: Active project: /home/pbachant/calkit/clima-gpu-profiling/ClimaCoupler.jl-mod/experiments/AMIP
[ Info: Using Atmos configuration from ClimaCoupler in config/atmos_configs/climaatmos_progedmf_1m.yml
[ Info: Dict{Any, Any}("sleve_eta" => 0.7, "use_coupler_diagnostics" => true, "era5_diurnal_warming" => nothing, "ocean_progress_interval" => nothing, "dt" => "30secs", "prognostic_tke" => true, "use_newton_rtol" => false, "netcdf_output_at_levels" => true, "microphysics_model" => "1M", "output_dir_style" => "ActiveLink", "external_forcing" => nothing, "device" => "auto", "t_end" => "1200secs", "c_amd" => 0.29, "scm_surface_type" => "ocean", "y_elem" => 6, "z_stretch" => true, "extra_atmos_diagnostics" => Dict{Any, Any}[], "h_elem_coupler" => 32, "edmfx_nh_pressure" => true, "era5_initial_condition_dir" => nothing, "cloud_liquid_rain_accretion" => "CloudLiquidRainAccretion", "conservation_softfail" => false, "check_steady_state" => false, "restart_cache" => true, "update_jacobian_every" => "solve", "test_dycore_consistency" => false, "add_isothermal_boundary_layer" => true, "use_itime" => true, "rad" => "allskywithclear", "share_surface_space" => true, "binary_area_fraction" => true, "cloud_model" => "quadrature", "initial_condition" => "DecayingProfile", "krylov_rtol" => 0.1, "eisenstat_walker_forcing_alpha" => 2.0, "dt_cloud_fraction" => "1hours", "surface_setup" => "PrescribedSurface", "cloud_ice_snow_accretion" => "CloudIceSnowAccretion", "jvp_step_adjustment" => 1.0, "microphysics_n_substeps" => 3, "insolation" => "timevarying", "ocean_diagnostic_mode" => "average", "snow_melt" => "SnowMelt", "log_progress" => true, "site_latitude" => 17.0, "h_elem" => 16, "coupler_toml" => ["/home/pbachant/calkit/clima-gpu-profiling/ClimaCoupler.jl-mod/toml/amip_progedmf_1m.toml"], "netcdf_interpolation_num_points" => nothing, "coupler_output_dir" => "output", "z_max" => 60000.0, "atmos_log_progress" => false, "diagnostics" => Any[], "edmfx_filter" => true, "debug_jacobian" => false, "job_id" => "amip_progedmf_1m_land_he16", "sst_adjustment" => 0.0, "log_to_file" => false, "orographic_gravity_wave" => "raw_topo", "dt_rad" => "600secs", "simple_ocean" => false, "edmfx_upwinding" => "first_order", "tracer_upwinding" => "vanleer_limiter", "nh_poly" => 3, "edmfx_sgs_diffusive_flux" => true, "y_max" => 300000.0, "non_orographic_gravity_wave" => true, "chemistry_model" => nothing, "print_config_dict" => true, "save_cache" => true, "microphysics_n_substeps_quadrature" => 2, "topography_damping_factor" => 5, "cloud_ice_rain_accretion" => "CloudIceRainAccretion", "config" => "sphere", "hyperdiffusion_prandtl_number" => 0.2, "reproducibility_test" => false, "component_dt_dict" => Dict("dt_atmos" => 30.0, "dt_land" => 30.0, "dt_seaice" => 30.0, "dt_ocean" => 30.0), "cloud_liquid_snow_accretion" => "CloudLiquidSnowAccretion", "check_conservation" => false, "rmse_check" => false, "land_spun_up_ic" => false, "vertical_water_borrowing_species" => nothing, "auto_jacobian_padding_bands" => nothing, "sgs_distribution" => "gaussian", "implicit_diffusion" => true, "z_elem" => 63, "snow_autoconversion" => "NoSupersaturation", "ocean_model" => "prescribed", "use_auto_jacobian" => false, "disable_surface_flux_tendency" => false, "cfsite_number" => "site23", "dt_ogw" => "1800secs", "fixed_terminal_velocity" => true, "turbconv" => "prognostic_edmfx", "x_elem" => 6, "idealized_clouds" => false, "edmfx_mse_q_tot_upwinding" => "first_order", "check_nan_every" => 1024, "ice_model" => "prescribed", "use_dynamic_krylov_rtol" => false, "lai_source" => "modis_monthly", "reproducible_restart" => false, "strict_config" => false, "toml" => ["toml/longrun_aquaplanet_progedmf.toml"], "mesh_warp_type" => "SLEVE", "edmfx_detr_model" => "Generalized", "cloud_ice_formation" => "ConstantTimescale", "external_forcing_file" => nothing, "cloud_nn_architecture" => "arch_2layers_8nodes.jld2", "topo_smoothing" => true, "hyperdiff" => "Hyperdiffusion", "output_dir" => nothing, "rain_condensation_evaporation" => "RainEvaporation", "constant_horizontal_diffusion" => false, "apply_sem_quasimonotone_limiter" => false, "bubble" => false, "cloud_ice_melt" => "CloudIceMelt", "ode_algo" => "ARS222", "max_newton_iters_ode" => 1, "start_date" => "20100101", "time_varying_trace_gases" => ["CO2", "O3"], "ocean_diagnostic_interval" => "1days", "use_dense_jacobian" => false, "snow_deposition_sublimation" => "DepositionAndSublimation", "detect_restart_file" => false, "prognostic_surface" => "PrescribedSST", "edmfx_vertical_diffusion" => true, "restart_file" => nothing, "nh_poly_coupler" => 2, "unique_seed" => false, "rayleigh_sponge" => true, "edmfx_tracer_upwinding" => "first_order", "divergence_damping_factor" => 5.0, "edmfx_entr_model" => "Generalized", "energy_check" => false, "land_model" => "integrated", "use_land_diagnostics" => true, "idealized_h2o" => false, "perturb_initstate" => true, "rain_autoconversion" => "Kessler1M", "edmfx_scale_blending" => "SmoothMinimum", "seaice_diagnostic_mode" => "average", "t_start" => "0secs", "land_fraction_source" => "etopo", "dz_bottom" => 30.0, "dt_save_state_to_disk" => "30days", "restart_t" => nothing, "advection_test" => false, "dt_cpl" => "30secs", "checkpoint_dt" => "366days", "topography" => "Earth", "aerosol_radiation" => true, "reference_job_id" => nothing, "vorticity_hyperdiffusion_coefficient" => 0.1857, "viscous_sponge" => true, "strict_params" => true, "config_file" => "ClimaCoupler.jl-mod/config/benchmark_configs/amip_progedmf_1m_land_he16.yml", "bucket_initial_condition" => "", "domain_type" => "global", "approximate_linear_solve_iters" => 2, "land_diagnostics_reduction" => "average", "smagorinsky_lilly" => nothing, "rain_snow_accretion" => "RainSnowAccretion", "enable_diagnostics" => true, "tracer_nonnegativity_method" => nothing, "site_longitude" => -149.0, "evolving_ocean" => true, "cloud_liquid_formation" => "CloudLiquidFormation", "prescribe_clouds_in_radiation" => false, "albedo_model" => "CouplerAlbedo", "quadrature_order" => 3, "coupler_diagnostics_period" => nothing, "FLOAT_TYPE" => "Float32", "deep_atmosphere" => true, "updraft_number" => 1, "amd_les" => false, "restart_dir" => nothing, "detect_restart_files" => false, "column_latlon" => [0.0, 0.0], "energy_q_tot_upwinding" => "vanleer_limiter", "prescribed_aerosols" => ["CB1", "CB2", "DST01", "DST02", "DST03", "DST04", "DST05", "OC1", "OC2", "SO4", "SSLT01", "SSLT02", "SSLT03", "SSLT04", "SSLT05"], "dt_nogw" => "1800secs", "output_default_diagnostics" => true, "edmfx_sgs_mass_flux" => true, "x_max" => 300000.0, "radiation_reset_rng_seed" => true, "land_diagnostics_period" => "1months", "newton_rtol" => 1.0e-5, "atmos_config_file" => "config/atmos_configs/climaatmos_progedmf_1m.yml", "edmfx_sgsflux_upwinding" => "none", "mode_name" => "amip", "land_temperature_anomaly" => "aquaplanet", "use_sgs_quadrature" => true, "bucket_albedo_type" => "map_static", "vert_diff" => nothing, "use_krylov_method" => false, "sleve_s" => 10.0, "implicit_microphysics" => true, "seaice_diagnostic_interval" => "1days", "prescribed_flow" => nothing, "coupler_diagnostics_reduction" => "average")
[ Info: Setting up single-process ClimaCoupler run on device: CUDADevice.
[ Info: Dict{Any, Any}("sleve_eta" => 0.7, "use_coupler_diagnostics" => true, "era5_diurnal_warming" => nothing, "ocean_progress_interval" => nothing, "dt" => "30secs", "prognostic_tke" => true, "use_newton_rtol" => false, "netcdf_output_at_levels" => true, "microphysics_model" => "1M", "output_dir_style" => "ActiveLink", "external_forcing" => nothing, "device" => "auto", "t_end" => "1200secs", "c_amd" => 0.29, "scm_surface_type" => "ocean", "y_elem" => 6, "z_stretch" => true, "extra_atmos_diagnostics" => Dict{Any, Any}[], "h_elem_coupler" => 32, "edmfx_nh_pressure" => true, "era5_initial_condition_dir" => nothing, "cloud_liquid_rain_accretion" => "CloudLiquidRainAccretion", "conservation_softfail" => false, "check_steady_state" => false, "restart_cache" => true, "update_jacobian_every" => "solve", "test_dycore_consistency" => false, "add_isothermal_boundary_layer" => true, "use_itime" => true, "rad" => "allskywithclear", "share_surface_space" => true, "binary_area_fraction" => true, "cloud_model" => "quadrature", "initial_condition" => "DecayingProfile", "krylov_rtol" => 0.1, "eisenstat_walker_forcing_alpha" => 2.0, "dt_cloud_fraction" => "1hours", "surface_setup" => "PrescribedSurface", "cloud_ice_snow_accretion" => "CloudIceSnowAccretion", "jvp_step_adjustment" => 1.0, "microphysics_n_substeps" => 3, "insolation" => "timevarying", "ocean_diagnostic_mode" => "average", "snow_melt" => "SnowMelt", "log_progress" => true, "site_latitude" => 17.0, "h_elem" => 16, "coupler_toml" => ["/home/pbachant/calkit/clima-gpu-profiling/ClimaCoupler.jl-mod/toml/amip_progedmf_1m.toml"], "netcdf_interpolation_num_points" => nothing, "coupler_output_dir" => "output", "z_max" => 60000.0, "atmos_log_progress" => false, "diagnostics" => Any[], "edmfx_filter" => true, "debug_jacobian" => false, "job_id" => "amip_progedmf_1m_land_he16", "sst_adjustment" => 0.0, "log_to_file" => false, "orographic_gravity_wave" => "raw_topo", "dt_rad" => "600secs", "simple_ocean" => false, "edmfx_upwinding" => "first_order", "tracer_upwinding" => "vanleer_limiter", "nh_poly" => 3, "edmfx_sgs_diffusive_flux" => true, "y_max" => 300000.0, "non_orographic_gravity_wave" => true, "chemistry_model" => nothing, "print_config_dict" => true, "save_cache" => true, "microphysics_n_substeps_quadrature" => 2, "topography_damping_factor" => 5, "cloud_ice_rain_accretion" => "CloudIceRainAccretion", "config" => "sphere", "hyperdiffusion_prandtl_number" => 0.2, "reproducibility_test" => false, "component_dt_dict" => Dict("dt_atmos" => 30.0, "dt_land" => 30.0, "dt_seaice" => 30.0, "dt_ocean" => 30.0), "cloud_liquid_snow_accretion" => "CloudLiquidSnowAccretion", "check_conservation" => false, "rmse_check" => false, "land_spun_up_ic" => false, "vertical_water_borrowing_species" => nothing, "auto_jacobian_padding_bands" => nothing, "sgs_distribution" => "gaussian", "implicit_diffusion" => true, "z_elem" => 63, "snow_autoconversion" => "NoSupersaturation", "ocean_model" => "prescribed", "use_auto_jacobian" => false, "disable_surface_flux_tendency" => false, "cfsite_number" => "site23", "dt_ogw" => "1800secs", "fixed_terminal_velocity" => true, "turbconv" => "prognostic_edmfx", "x_elem" => 6, "idealized_clouds" => false, "edmfx_mse_q_tot_upwinding" => "first_order", "check_nan_every" => 1024, "ice_model" => "prescribed", "use_dynamic_krylov_rtol" => false, "lai_source" => "modis_monthly", "reproducible_restart" => false, "strict_config" => false, "toml" => ["toml/longrun_aquaplanet_progedmf.toml"], "mesh_warp_type" => "SLEVE", "edmfx_detr_model" => "Generalized", "cloud_ice_formation" => "ConstantTimescale", "external_forcing_file" => nothing, "cloud_nn_architecture" => "arch_2layers_8nodes.jld2", "topo_smoothing" => true, "hyperdiff" => "Hyperdiffusion", "output_dir" => nothing, "rain_condensation_evaporation" => "RainEvaporation", "constant_horizontal_diffusion" => false, "apply_sem_quasimonotone_limiter" => false, "bubble" => false, "cloud_ice_melt" => "CloudIceMelt", "ode_algo" => "ARS222", "max_newton_iters_ode" => 1, "start_date" => "20100101", "time_varying_trace_gases" => ["CO2", "O3"], "ocean_diagnostic_interval" => "1days", "use_dense_jacobian" => false, "snow_deposition_sublimation" => "DepositionAndSublimation", "detect_restart_file" => false, "prognostic_surface" => "PrescribedSST", "edmfx_vertical_diffusion" => true, "restart_file" => nothing, "nh_poly_coupler" => 2, "unique_seed" => false, "rayleigh_sponge" => true, "edmfx_tracer_upwinding" => "first_order", "divergence_damping_factor" => 5.0, "edmfx_entr_model" => "Generalized", "energy_check" => false, "land_model" => "integrated", "use_land_diagnostics" => true, "idealized_h2o" => false, "perturb_initstate" => true, "rain_autoconversion" => "Kessler1M", "edmfx_scale_blending" => "SmoothMinimum", "seaice_diagnostic_mode" => "average", "t_start" => "0secs", "land_fraction_source" => "etopo", "dz_bottom" => 30.0, "dt_save_state_to_disk" => "30days", "restart_t" => nothing, "advection_test" => false, "dt_cpl" => "30secs", "checkpoint_dt" => "366days", "topography" => "Earth", "aerosol_radiation" => true, "reference_job_id" => nothing, "vorticity_hyperdiffusion_coefficient" => 0.1857, "viscous_sponge" => true, "strict_params" => true, "config_file" => "ClimaCoupler.jl-mod/config/benchmark_configs/amip_progedmf_1m_land_he16.yml", "bucket_initial_condition" => "", "domain_type" => "global", "approximate_linear_solve_iters" => 2, "land_diagnostics_reduction" => "average", "smagorinsky_lilly" => nothing, "rain_snow_accretion" => "RainSnowAccretion", "enable_diagnostics" => true, "tracer_nonnegativity_method" => nothing, "site_longitude" => -149.0, "evolving_ocean" => true, "cloud_liquid_formation" => "CloudLiquidFormation", "prescribe_clouds_in_radiation" => false, "albedo_model" => "CouplerAlbedo", "quadrature_order" => 3, "coupler_diagnostics_period" => nothing, "FLOAT_TYPE" => "Float32", "deep_atmosphere" => true, "updraft_number" => 1, "amd_les" => false, "restart_dir" => nothing, "detect_restart_files" => false, "column_latlon" => [0.0, 0.0], "energy_q_tot_upwinding" => "vanleer_limiter", "prescribed_aerosols" => ["CB1", "CB2", "DST01", "DST02", "DST03", "DST04", "DST05", "OC1", "OC2", "SO4", "SSLT01", "SSLT02", "SSLT03", "SSLT04", "SSLT05"], "dt_nogw" => "1800secs", "output_default_diagnostics" => true, "edmfx_sgs_mass_flux" => true, "x_max" => 300000.0, "radiation_reset_rng_seed" => true, "land_diagnostics_period" => "1months", "newton_rtol" => 1.0e-5, "atmos_config_file" => "config/atmos_configs/climaatmos_progedmf_1m.yml", "edmfx_sgsflux_upwinding" => "none", "mode_name" => "amip", "land_temperature_anomaly" => "aquaplanet", "use_sgs_quadrature" => true, "bucket_albedo_type" => "map_static", "vert_diff" => nothing, "use_krylov_method" => false, "sleve_s" => 10.0, "implicit_microphysics" => true, "seaice_diagnostic_interval" => "1days", "prescribed_flow" => nothing, "coupler_diagnostics_reduction" => "average")
[ Info: Output directories output/amip_progedmf_1m_land_he16/output_0192
[ Info: Coupler artifacts directory output/amip_progedmf_1m_land_he16/artifacts
[ Info: Coupler checkpoint directory output/amip_progedmf_1m_land_he16/checkpoints
[ Info: Random seed set to 1234
[ Info: Starting from t_start 0.0 seconds (2010-01-01T00:00:00) [counter = 0, period = 1 second, epoch = 2010-01-01T00:00:00]
[ Info: Overwriting Atmos parameters from input TOML file(s): ["/home/pbachant/calkit/clima-gpu-profiling/ClimaCoupler.jl-mod/toml/amip_progedmf_1m.toml"]
┌ Warning: The configuration passed to ClimaAtmos contains unused keys: use_coupler_diagnostics, ocean_progress_interval, scm_surface_type, extra_atmos_diagnostics, h_elem_coupler, ocean_diagnostic_interval, conservation_softfail, restart_cache, nh_poly_coupler, use_itime, unique_seed, share_surface_space, binary_area_fraction, energy_check, use_land_diagnostics, land_model, dt_cloud_fraction, seaice_diagnostic_mode, ocean_diagnostic_mode, land_fraction_source, coupler_toml, restart_t, coupler_output_dir, dt_cpl, checkpoint_dt, atmos_log_progress, config_file, sst_adjustment, bucket_initial_condition, domain_type, simple_ocean, edmfx_upwinding, land_diagnostics_reduction, evolving_ocean, save_cache, print_config_dict, coupler_diagnostics_period, component_dt_dict, restart_dir, detect_restart_files, rmse_check, column_latlon, land_spun_up_ic, land_diagnostics_period, atmos_config_file, ocean_model, mode_name, land_temperature_anomaly, bucket_albedo_type, ice_model, lai_source, seaice_diagnostic_interval, coupler_diagnostics_reduction
└ @ ClimaAtmos ~/calkit/clima-gpu-profiling/ClimaAtmos.jl-mod/src/config/yaml_helper.jl:145
┌ Info: numerics 
│        `energy_q_tot_upwinding`::`Val{:vanleer_limiter}`
│              `tracer_upwinding`::`Val{:vanleer_limiter}`
│     `edmfx_mse_q_tot_upwinding`::`Val{:first_order}`
│       `edmfx_sgsflux_upwinding`::`Val{:none}`
│        `edmfx_tracer_upwinding`::`Val{:first_order}`
│       `test_dycore_consistency`::`Nothing`
│          `reproducible_restart`::`Nothing`
│                       `limiter`::`Nothing`
│                     `diff_mode`::`ClimaAtmos.Implicit`
└                     `hyperdiff`::`ClimaAtmos.Hyperdiffusion{Float32}`
┌ Info: AtmosModel: 
│ 
│                             `water`::`ClimaAtmos.AtmosWater{ClimaAtmos.NonEquilibriumMicrophysics1M, ClimaAtmos.QuadratureCloud, ClimaAtmos.Implicit, Nothing, ClimaAtmos.SGSQuadrature{3, StaticArraysCore.SVector{3, Float32}, StaticArraysCore.SVector{3, Float32}, ClimaAtmos.GaussianSGS, Float32}, ClimaAtmos.FixedTerminalVelocity{Float32}}`
│                         `scm_setup`::`ClimaAtmos.SCMSetup{Nothing, Nothing, Nothing, Bool, Nothing}`
│                         `radiation`::`ClimaAtmos.AtmosRadiation{ClimaAtmos.RRTMGPInterface.AllSkyRadiationWithClearSkyDiagnostics{ClimaAtmos.InteractiveCloudInRadiation}, ClimaAtmos.TimeVaryingInsolation}`
│                          `turbconv`::`ClimaAtmos.AtmosTurbconv{ClimaAtmos.EDMFXModel{ClimaAtmos.InvZEntrainment, ClimaAtmos.BuoyancyVelocityDetrainment, Val{true}, Val{true}, Val{true}, Val{true}, Val{true}, ClimaAtmos.SmoothMinimumBlending}, ClimaAtmos.PrognosticEDMFX{1, true, Float32}, Nothing, Nothing, Nothing}`
│                   `prescribed_flow`::`Nothing`
│                      `gravity_wave`::`ClimaAtmos.AtmosGravityWave{ClimaAtmos.NonOrographicGravityWave{Float32}, ClimaAtmos.FullOrographicGravityWave{Float32, Val{:raw_topo}, Val{:Earth}}}`
│                `vertical_diffusion`::`Nothing`
│                            `sponge`::`ClimaAtmos.AtmosSponge{ClimaAtmos.ViscousSponge{Float32}, ClimaAtmos.RayleighSponge{Float32}}`
│                           `surface`::`ClimaAtmos.AtmosSurface{Nothing, ClimaAtmos.SurfaceConditions.AnalyticTemperature{typeof(ClimaAtmos.Setups.zonally_symmetric_temperature)}, ClimaAtmos.SurfaceConditions.SurfaceBoundaryOverrides{Nothing, Nothing, Nothing, Nothing, Nothing, Nothing}, ClimaAtmos.CouplerAlbedo}`
│                          `numerics`::`ClimaAtmos.AtmosNumerics{Val{:vanleer_limiter}, Val{:vanleer_limiter}, Val{:first_order}, Val{:none}, Val{:first_order}, Nothing, Nothing, Nothing, ClimaAtmos.Implicit, ClimaAtmos.Hyperdiffusion{Float32}}`
└                         `chemistry`::`ClimaAtmos.AtmosChem{Nothing}`
┌ Info: Microphysics settings: 
│                        `n_substeps`::`3`
│                   `n_substeps_quad`::`2`
│            `cloud_liquid_formation`::`CloudLiquidFormation`
│               `cloud_ice_formation`::`ConstantTimescale`
│                    `cloud_ice_melt`::`CloudIceMelt`
│               `rain_autoconversion`::`Kessler1M`
│               `snow_autoconversion`::`NoSupersaturation`
│     `rain_condensation_evaporation`::`RainEvaporation`
│       `snow_deposition_sublimation`::`DepositionAndSublimation`
│                         `snow_melt`::`SnowMelt`
│       `cloud_liquid_rain_accretion`::`CloudLiquidRainAccretion`
│       `cloud_liquid_snow_accretion`::`CloudLiquidSnowAccretion`
│          `cloud_ice_rain_accretion`::`CloudIceRainAccretion`
│          `cloud_ice_snow_accretion`::`CloudIceSnowAccretion`
└               `rain_snow_accretion`::`RainSnowAccretion`
 Downloading artifact: earth_orography_60arcseconds
 Downloading artifact: earth_orography_60arcseconds
ERROR: LoadError: NetCDF error: Opening path /resnick/groups/esm/ClimaArtifacts/artifacts/earth_orography_60arcseconds/ETOPO_2022_v1_60s_N90W180_surface.nc: No such file or directory (NetCDF error code: 2)
Stacktrace:
  [1] macro expansion
    @ ~/.julia/packages/NCDatasets/umdPP/src/netcdf_c.jl:285 [inlined]
  [2] (::NCDatasets.var"#11#12"{String, UInt16})()
    @ NCDatasets ~/.julia/packages/NCDatasets/umdPP/src/lock.jl:9
  [3] lock(f::NCDatasets.var"#11#12"{String, UInt16}, l::ReentrantLock)
    @ Base ./lock.jl:232
  [4] nc_open(path::String, mode::UInt16)
    @ NCDatasets ~/.julia/packages/NCDatasets/umdPP/src/lock.jl:8
  [5] NCDatasets.NCDataset(filename::String, mode::String; format::Symbol, share::Bool, diskless::Bool, persist::Bool, memory::Nothing, maskingvalue::Missing, attrib::Vector{…})
    @ NCDatasets ~/.julia/packages/NCDatasets/umdPP/src/dataset.jl:262
  [6] NCDataset (repeats 2 times)
    @ ~/.julia/packages/NCDatasets/umdPP/src/dataset.jl:241 [inlined]
  [7] NCFileReader(file_paths::Vector{String}, varname::String; preprocess_func::Function, cache_max_size::Int64)
    @ ClimaUtilitiesNCDatasetsExt.NCFileReaderExt ~/.julia/packages/ClimaUtilities/Rd5Ys/ext/NCFileReaderExt.jl:132
  [8] NCFileReader
    @ ~/.julia/packages/ClimaUtilities/Rd5Ys/ext/NCFileReaderExt.jl:89 [inlined]
  [9] (::ClimaUtilitiesClimaCoreNCDatasetsExt.DataHandlingExt.var"#4#12"{Tuple{}})(::Tuple{Vector{String}, String})
    @ ClimaUtilitiesClimaCoreNCDatasetsExt.DataHandlingExt ./none:0
 [10] iterate
    @ ./generator.jl:48 [inlined]
 [11] grow_to!(dest::Dict{…}, itr::Base.Generator{…})
    @ Base ./abstractdict.jl:591
 [12] dict_with_eltype
    @ ./abstractdict.jl:645 [inlined]
 [13] Dict(kv::Base.Generator{Base.Iterators.Zip{…}, ClimaUtilitiesClimaCoreNCDatasetsExt.DataHandlingExt.var"#4#12"{…}})
    @ Base ./dict.jl:117
 [14] DataHandler(file_paths::String, varnames::String, target_space::ClimaCore.Spaces.SpectralElementSpace2D{…}; start_date::Dates.DateTime, regridder_type::Nothing, cache_max_size::Int64, regridder_kwargs::Tuple{}, file_reader_kwargs::Tuple{}, compose_function::Function, reference_date::Nothing, t_start::Nothing)
    @ ClimaUtilitiesClimaCoreNCDatasetsExt.DataHandlingExt ~/.julia/packages/ClimaUtilities/Rd5Ys/ext/DataHandlingExt.jl:282
 [15] DataHandler
    @ ~/.julia/packages/ClimaUtilities/Rd5Ys/ext/DataHandlingExt.jl:201 [inlined]
 [16] SpaceVaryingInput(file_paths::String, varnames::String, target_space::ClimaCore.Spaces.SpectralElementSpace2D{…}; regridder_type::Nothing, regridder_kwargs::Tuple{}, file_reader_kwargs::Tuple{}, compose_function::Function)
    @ ClimaUtilitiesClimaCoreNCDatasetsExt.SpaceVaryingInputsExt ~/.julia/packages/ClimaUtilities/Rd5Ys/ext/SpaceVaryingInputsExt.jl:155
 [17] SpaceVaryingInput
    @ ~/.julia/packages/ClimaUtilities/Rd5Ys/ext/SpaceVaryingInputsExt.jl:146 [inlined]
 [18] (::ClimaAtmos.var"#hypsography#527"{…})(h_grid::ClimaCore.Grids.SpectralElementGrid2D{…}, z_grid::ClimaCore.Grids.FiniteDifferenceGrid{…})
    @ ClimaAtmos ~/calkit/clima-gpu-profiling/ClimaAtmos.jl-mod/src/simulation/grids.jl:303
 [19] ExtrudedCubedSphereGrid(::Type{…}; z_elem::Int64, z_min::Int64, z_max::Float64, radius::Float32, h_elem::Int64, n_quad_points::Int64, device::ClimaComms.CUDADevice, context::ClimaComms.SingletonCommsContext{…}, stretch::ClimaCore.Meshes.Uniform, hypsography_fun::ClimaAtmos.var"#hypsography#527"{…}, global_geometry::ClimaCore.Geometry.DeepSphericalGlobalGeometry{…}, quad::ClimaCore.Quadratures.GLL{…}, h_mesh::ClimaCore.Meshes.EquiangularCubedSphere{…}, h_topology::ClimaCore.Topologies.Topology2D{…}, horizontal_layout_type::Type, z_mesh::ClimaCore.Meshes.IntervalMesh{…}, enable_bubble::Bool, enable_mask::Bool)
    @ ClimaCore.CommonGrids ~/calkit/clima-gpu-profiling/ClimaCore.jl-mod/src/CommonGrids/CommonGrids.jl:203
 [20] SphereGrid(::Type{…}; context::ClimaComms.SingletonCommsContext{…}, z_elem::Int64, z_max::Float64, z_stretch::Bool, dz_bottom::Float64, radius::Float32, h_elem::Int64, nh_poly::Int64, bubble::Bool, deep_atmosphere::Bool, topography::ClimaAtmos.EarthTopography, topography_damping_factor::Int64, mesh_warp_type::ClimaAtmos.SLEVEWarp{…}, topo_smoothing::Bool, z_mesh::ClimaCore.Meshes.IntervalMesh{…})
    @ ClimaAtmos ~/calkit/clima-gpu-profiling/ClimaAtmos.jl-mod/src/simulation/grids.jl:77
 [21] get_grid(parsed_args::Dict{…}, params::ClimaAtmos.Parameters.ClimaAtmosParameters{…}, context::ClimaComms.SingletonCommsContext{…})
    @ ClimaAtmos ~/calkit/clima-gpu-profiling/ClimaAtmos.jl-mod/src/config/type_getters.jl:356
 [22] get_simulation(config::ClimaAtmos.AtmosConfig{…})
    @ ClimaAtmos ~/calkit/clima-gpu-profiling/ClimaAtmos.jl-mod/src/config/type_getters.jl:512
 [23] ClimaCouplerClimaAtmosExt.ClimaAtmosSimulation(atmos_config::ClimaAtmos.AtmosConfig{…})
    @ ClimaCouplerClimaAtmosExt ~/calkit/clima-gpu-profiling/ClimaCoupler.jl-mod/ext/ClimaCouplerClimaAtmosExt.jl:91
 [24] ClimaCouplerClimaAtmosExt.ClimaAtmosSimulation(config_dict::Dict{…}, atmos_output_dir::String, coupled_param_dict::ClimaParams.ParamDict{…}, comms_ctx::ClimaComms.SingletonCommsContext{…})
    @ ClimaCouplerClimaAtmosExt ~/calkit/clima-gpu-profiling/ClimaCoupler.jl-mod/ext/ClimaCouplerClimaAtmosExt.jl:85
 [25] #AtmosSimulation#1
    @ ~/calkit/clima-gpu-profiling/ClimaCoupler.jl-mod/ext/ClimaCouplerClimaAtmosExt.jl:69 [inlined]
 [26] CoupledSimulation(config_dict::Dict{Any, Any})
    @ ClimaCoupler.SimCoordinator ~/calkit/clima-gpu-profiling/ClimaCoupler.jl-mod/src/SimCoordinator.jl:277
 [27] CoupledSimulation(config_file::String)
    @ ClimaCoupler.SimCoordinator ~/calkit/clima-gpu-profiling/ClimaCoupler.jl-mod/src/SimCoordinator.jl:198
 [28] top-level scope
    @ ~/calkit/clima-gpu-profiling/scripts/run.jl:18
in expression starting at /home/pbachant/calkit/clima-gpu-profiling/scripts/run.jl:18
==PROF== Disconnected from process 1884800
==ERROR== The application returned an error code (1).
