Loading climacommon/2025_05_15
  Loading requirement: climaauth/2025_05_15 openmpi/4.1.5-mpitrampoline
    julia/1.11.5 cuda/julia-pref
Precompiling project...
  10075.6 ms  ✓ ClimaCore
   6933.0 ms  ✓ ClimaUtilities → ClimaUtilitiesClimaCoreExt
   7498.5 ms  ✓ ClimaCore → KrylovExt
  15001.1 ms  ✓ ClimaCore → ClimaCoreCUDAExt
  11496.0 ms  ✓ ClimaUtilities → ClimaUtilitiesClimaCoreNCDatasetsExt
  15212.8 ms  ✓ ClimaDiagnostics
  16243.4 ms  ✓ ClimaUtilities → ClimaUtilitiesClimaCoreInterpolationsExt
  28124.8 ms  ✓ ClimaCoreMakie
  12295.0 ms  ✓ ClimaLand
  10441.9 ms  ✓ ClimaLand → FluxnetSimulationsExt
  15691.3 ms  ✓ ClimaLand → ConstrainedNeuralModelExt
  30375.9 ms  ✓ ClimaAtmos
  28021.2 ms  ✓ ClimaLand → LandSimulationVisualizationExt
  10614.7 ms  ✓ ClimaCoupler
  11352.7 ms  ✓ ClimaCoupler → ClimaCouplerClimaAtmosExt
  15472.9 ms  ✓ ClimaCoupler → ClimaCouplerClimaLandExt
  20283.5 ms  ✓ ClimaCoupler → ClimaCouplerMakieExt
  17 dependencies successfully precompiled in 102 seconds. 643 already precompiled.
Status `~/calkit/clima-gpu-profiling/ClimaCoupler.jl/experiments/AMIP/Project.toml`
  [c7e460c6] ArgParse v1.2.0
⌅ [052768ef] CUDA v5.11.2
  [159f3aea] Cairo v1.1.1
  [13f3f980] CairoMakie v0.15.10
  [29b5916a] ClimaAnalysis v0.5.21
  [b2c96348] ClimaAtmos v0.38.3 `../../../ClimaAtmos.jl`
  [4347a170] ClimaCalibrate v0.2.2
  [3a4d1b5c] ClimaComms v0.6.11
  [d414da3d] ClimaCore v0.14.51 `../../../ClimaCore.jl`
  [908f55d8] ClimaCoreMakie v0.4.7
  [4ade58fe] ClimaCoupler v0.1.2 `../..`
  [1ecacbb8] ClimaDiagnostics v0.3.5
  [08f4d4ce] ClimaLand v1.8.0
  [5c42b081] ClimaParams v1.0.17
  [595c0a79] ClimaTimeSteppers v0.9.0
  [b3f4f4ca] ClimaUtilities v0.1.28
  [aa8a2aa5] EnsembleKalmanProcesses v2.7.0
⌃ [61eb1bfa] GPUCompiler v1.9.1
  [db073c08] GeoMakie v0.7.16
  [e98cc03f] Insolation v1.1.0
⌅ [a98d9a8b] Interpolations v0.15.1
  [033835bb] JLD2 v0.6.4
  [da04e1cc] MPI v0.20.26
  [ee78f7c6] Makie v0.24.10
  [85f8d34a] NCDatasets v0.14.15
  [08abe8d2] PrettyTables v3.3.2
  [1bc83da4] SafeTestsets v0.1.0
⌅ [0bca4576] SciMLBase v2.112.0
  [90137ffa] StaticArrays v1.9.18
  [49b00bb7] SurfaceFluxes v1.0.0
  [b60c26fb] Thermodynamics v1.2.1
  [ddb6d928] YAML v0.4.16
⌅ [9c32591e] Poppler_jll v24.6.0+0
  [de0858da] Printf v1.11.0
Info Packages marked with ⌃ and ⌅ have new versions available. Those with ⌃ may be upgradable, but those with ⌅ are restricted by compatibility constraints from upgrading. To see why use `status --outdated`
[ Info: Using Atmos configuration from ClimaCoupler in config/atmos_configs/climaatmos_progedmf_1m.yml
[ Info: Dict{Any, Any}("sleve_eta" => 0.7, "use_coupler_diagnostics" => true, "era5_diurnal_warming" => nothing, "dt" => "30secs", "prognostic_tke" => true, "use_newton_rtol" => false, "netcdf_output_at_levels" => true, "microphysics_model" => "1M", "output_dir_style" => "ActiveLink", "external_forcing" => nothing, "device" => "auto", "t_end" => "1200secs", "c_amd" => 0.29, "scm_surface_type" => "ocean", "y_elem" => 6, "z_stretch" => true, "extra_atmos_diagnostics" => Dict{Any, Any}[], "h_elem_coupler" => 32, "forcing" => nothing, "edmfx_nh_pressure" => true, "era5_initial_condition_dir" => nothing, "conservation_softfail" => false, "check_steady_state" => false, "restart_cache" => true, "update_jacobian_every" => "solve", "test_dycore_consistency" => false, "add_isothermal_boundary_layer" => true, "use_itime" => true, "rad" => "allskywithclear", "share_surface_space" => true, "binary_area_fraction" => true, "cloud_model" => "quadrature", "initial_condition" => "DecayingProfile", "krylov_rtol" => 0.1, "eisenstat_walker_forcing_alpha" => 2.0, "dt_cloud_fraction" => "1hours", "surface_setup" => "PrescribedSurface", "jvp_step_adjustment" => 1.0, "microphysics_n_substeps" => 3, "insolation" => "timevarying", "log_progress" => true, "site_latitude" => 17.0, "h_elem" => 16, "implicit_sgs_nh_pressure" => true, "coupler_toml" => ["/home/pbachant/calkit/clima-gpu-profiling/ClimaCoupler.jl/toml/amip_progedmf_1m.toml"], "netcdf_interpolation_num_points" => nothing, "coupler_output_dir" => "output", "z_max" => 60000.0, "atmos_log_progress" => false, "edmfx_filter" => true, "debug_jacobian" => false, "job_id" => "gpu_amip_progedmf_1M_land_he16_baseline", "sst_adjustment" => 0.0, "log_to_file" => false, "orographic_gravity_wave" => "raw_topo", "dt_rad" => "600secs", "simple_ocean" => false, "edmfx_upwinding" => "first_order", "tracer_upwinding" => "vanleer_limiter", "nh_poly" => 3, "edmfx_sgs_diffusive_flux" => true, "y_max" => 300000.0, "non_orographic_gravity_wave" => true, "print_config_dict" => true, "save_cache" => true, "topography_damping_factor" => 5, "config" => "sphere", "hyperdiffusion_prandtl_number" => 0.2, "reproducibility_test" => false, "component_dt_dict" => Dict("dt_atmos" => 30.0, "dt_land" => 30.0, "dt_seaice" => 30.0, "dt_ocean" => 30.0), "check_conservation" => false, "rmse_check" => false, "land_spun_up_ic" => false, "vertical_water_borrowing_species" => nothing, "auto_jacobian_padding_bands" => nothing, "sgs_distribution" => "lognormal", "implicit_diffusion" => true, "z_elem" => 63, "implicit_sgs_entr_detr" => true, "ocean_model" => "prescribed", "use_auto_jacobian" => false, "disable_surface_flux_tendency" => false, "cfsite_number" => "site23", "dt_ogw" => "1800secs", "fixed_terminal_velocity" => true, "turbconv" => "prognostic_edmfx", "x_elem" => 6, "idealized_clouds" => false, "edmfx_mse_q_tot_upwinding" => "first_order", "check_nan_every" => 1024, "ice_model" => "prescribed", "subsidence" => nothing, "use_dynamic_krylov_rtol" => false, "lai_source" => "modis_monthly", "reproducible_restart" => false, "toml" => ["toml/longrun_aquaplanet_diagedmf.toml"], "mesh_warp_type" => "SLEVE", "edmfx_detr_model" => "Generalized", "external_forcing_file" => nothing, "cloud_nn_architecture" => "arch_2layers_8nodes.jld2", "topo_smoothing" => true, "hyperdiff" => "Hyperdiffusion", "output_dir" => nothing, "constant_horizontal_diffusion" => false, "apply_sem_quasimonotone_limiter" => false, "scm_coriolis" => nothing, "bubble" => false, "ode_algo" => "ARS343", "max_newton_iters_ode" => 1, "start_date" => "20100101", "time_varying_trace_gases" => ["CO2", "O3"], "netcdf_horizontal_method" => "bilinear", "use_dense_jacobian" => false, "detect_restart_file" => false, "prognostic_surface" => "false", "edmfx_vertical_diffusion" => true, "restart_file" => nothing, "nh_poly_coupler" => 2, "unique_seed" => false, "rayleigh_sponge" => true, "edmfx_tracer_upwinding" => "first_order", "divergence_damping_factor" => 5.0, "edmfx_entr_model" => "Generalized", "energy_check" => false, "land_model" => "integrated", "use_land_diagnostics" => true, "idealized_h2o" => false, "perturb_initstate" => true, "implicit_sgs_advection" => true, "edmfx_scale_blending" => "SmoothMinimum", "t_start" => "0secs", "land_fraction_source" => "etopo", "dz_bottom" => 30.0, "dt_save_state_to_disk" => "30days", "restart_t" => nothing, "advection_test" => false, "dt_cpl" => "30secs", "checkpoint_dt" => "366days", "topography" => "Earth", "aerosol_radiation" => true, "reference_job_id" => nothing, "vorticity_hyperdiffusion_coefficient" => 0.1857, "implicit_sgs_mass_flux" => true, "viscous_sponge" => true, "strict_params" => true, "config_file" => "ClimaCoupler.jl/config/benchmark_configs/amip_progedmf_1m_land_he16.yml", "bucket_initial_condition" => "", "domain_type" => "global", "approximate_linear_solve_iters" => 2, "smagorinsky_lilly" => nothing, "enable_diagnostics" => true, "tracer_nonnegativity_method" => nothing, "site_longitude" => -149.0, "evolving_ocean" => true, "implicit_sgs_vertdiff" => true, "prescribe_clouds_in_radiation" => false, "albedo_model" => "CouplerAlbedo", "quadrature_order" => 3, "FLOAT_TYPE" => "Float32", "deep_atmosphere" => true, "updraft_number" => 1, "amd_les" => false, "restart_dir" => nothing, "detect_restart_files" => false, "column_latlon" => [0.0, 0.0], "ls_adv" => nothing, "energy_q_tot_upwinding" => "vanleer_limiter", "prescribed_aerosols" => ["CB1", "CB2", "DST01", "DST02", "DST03", "DST04", "DST05", "OC1", "OC2", "SO4", "SSLT01", "SSLT02", "SSLT03", "SSLT04", "SSLT05"], "dt_nogw" => "1800secs", "output_default_diagnostics" => true, "edmfx_sgs_mass_flux" => true, "x_max" => 300000.0, "radiation_reset_rng_seed" => true, "newton_rtol" => 1.0e-5, "atmos_config_file" => "config/atmos_configs/climaatmos_progedmf_1m.yml", "edmfx_sgsflux_upwinding" => "none", "mode_name" => "amip", "land_temperature_anomaly" => "aquaplanet", "use_sgs_quadrature" => true, "bucket_albedo_type" => "map_static", "vert_diff" => "false", "use_krylov_method" => false, "sleve_s" => 10.0, "implicit_microphysics" => true, "prescribed_flow" => nothing)
[ Info: Setting up single-process ClimaCoupler run on device: CUDADevice.
[ Info: Dict{Any, Any}("sleve_eta" => 0.7, "use_coupler_diagnostics" => true, "era5_diurnal_warming" => nothing, "dt" => "30secs", "prognostic_tke" => true, "use_newton_rtol" => false, "netcdf_output_at_levels" => true, "microphysics_model" => "1M", "output_dir_style" => "ActiveLink", "external_forcing" => nothing, "device" => "auto", "t_end" => "1200secs", "c_amd" => 0.29, "scm_surface_type" => "ocean", "y_elem" => 6, "z_stretch" => true, "extra_atmos_diagnostics" => Dict{Any, Any}[], "h_elem_coupler" => 32, "forcing" => nothing, "edmfx_nh_pressure" => true, "era5_initial_condition_dir" => nothing, "conservation_softfail" => false, "check_steady_state" => false, "restart_cache" => true, "update_jacobian_every" => "solve", "test_dycore_consistency" => false, "add_isothermal_boundary_layer" => true, "use_itime" => true, "rad" => "allskywithclear", "share_surface_space" => true, "binary_area_fraction" => true, "cloud_model" => "quadrature", "initial_condition" => "DecayingProfile", "krylov_rtol" => 0.1, "eisenstat_walker_forcing_alpha" => 2.0, "dt_cloud_fraction" => "1hours", "surface_setup" => "PrescribedSurface", "jvp_step_adjustment" => 1.0, "microphysics_n_substeps" => 3, "insolation" => "timevarying", "log_progress" => true, "site_latitude" => 17.0, "h_elem" => 16, "implicit_sgs_nh_pressure" => true, "coupler_toml" => ["/home/pbachant/calkit/clima-gpu-profiling/ClimaCoupler.jl/toml/amip_progedmf_1m.toml"], "netcdf_interpolation_num_points" => nothing, "coupler_output_dir" => "output", "z_max" => 60000.0, "atmos_log_progress" => false, "edmfx_filter" => true, "debug_jacobian" => false, "job_id" => "gpu_amip_progedmf_1M_land_he16_baseline", "sst_adjustment" => 0.0, "log_to_file" => false, "orographic_gravity_wave" => "raw_topo", "dt_rad" => "600secs", "simple_ocean" => false, "edmfx_upwinding" => "first_order", "tracer_upwinding" => "vanleer_limiter", "nh_poly" => 3, "edmfx_sgs_diffusive_flux" => true, "y_max" => 300000.0, "non_orographic_gravity_wave" => true, "print_config_dict" => true, "save_cache" => true, "topography_damping_factor" => 5, "config" => "sphere", "hyperdiffusion_prandtl_number" => 0.2, "reproducibility_test" => false, "component_dt_dict" => Dict("dt_atmos" => 30.0, "dt_land" => 30.0, "dt_seaice" => 30.0, "dt_ocean" => 30.0), "check_conservation" => false, "rmse_check" => false, "land_spun_up_ic" => false, "vertical_water_borrowing_species" => nothing, "auto_jacobian_padding_bands" => nothing, "sgs_distribution" => "lognormal", "implicit_diffusion" => true, "z_elem" => 63, "implicit_sgs_entr_detr" => true, "ocean_model" => "prescribed", "use_auto_jacobian" => false, "disable_surface_flux_tendency" => false, "cfsite_number" => "site23", "dt_ogw" => "1800secs", "fixed_terminal_velocity" => true, "turbconv" => "prognostic_edmfx", "x_elem" => 6, "idealized_clouds" => false, "edmfx_mse_q_tot_upwinding" => "first_order", "check_nan_every" => 1024, "ice_model" => "prescribed", "subsidence" => nothing, "use_dynamic_krylov_rtol" => false, "lai_source" => "modis_monthly", "reproducible_restart" => false, "toml" => ["toml/longrun_aquaplanet_diagedmf.toml"], "mesh_warp_type" => "SLEVE", "edmfx_detr_model" => "Generalized", "external_forcing_file" => nothing, "cloud_nn_architecture" => "arch_2layers_8nodes.jld2", "topo_smoothing" => true, "hyperdiff" => "Hyperdiffusion", "output_dir" => nothing, "constant_horizontal_diffusion" => false, "apply_sem_quasimonotone_limiter" => false, "scm_coriolis" => nothing, "bubble" => false, "ode_algo" => "ARS343", "max_newton_iters_ode" => 1, "start_date" => "20100101", "time_varying_trace_gases" => ["CO2", "O3"], "netcdf_horizontal_method" => "bilinear", "use_dense_jacobian" => false, "detect_restart_file" => false, "prognostic_surface" => "false", "edmfx_vertical_diffusion" => true, "restart_file" => nothing, "nh_poly_coupler" => 2, "unique_seed" => false, "rayleigh_sponge" => true, "edmfx_tracer_upwinding" => "first_order", "divergence_damping_factor" => 5.0, "edmfx_entr_model" => "Generalized", "energy_check" => false, "land_model" => "integrated", "use_land_diagnostics" => true, "idealized_h2o" => false, "perturb_initstate" => true, "implicit_sgs_advection" => true, "edmfx_scale_blending" => "SmoothMinimum", "t_start" => "0secs", "land_fraction_source" => "etopo", "dz_bottom" => 30.0, "dt_save_state_to_disk" => "30days", "restart_t" => nothing, "advection_test" => false, "dt_cpl" => "30secs", "checkpoint_dt" => "366days", "topography" => "Earth", "aerosol_radiation" => true, "reference_job_id" => nothing, "vorticity_hyperdiffusion_coefficient" => 0.1857, "implicit_sgs_mass_flux" => true, "viscous_sponge" => true, "strict_params" => true, "config_file" => "ClimaCoupler.jl/config/benchmark_configs/amip_progedmf_1m_land_he16.yml", "bucket_initial_condition" => "", "domain_type" => "global", "approximate_linear_solve_iters" => 2, "smagorinsky_lilly" => nothing, "enable_diagnostics" => true, "tracer_nonnegativity_method" => nothing, "site_longitude" => -149.0, "evolving_ocean" => true, "implicit_sgs_vertdiff" => true, "prescribe_clouds_in_radiation" => false, "albedo_model" => "CouplerAlbedo", "quadrature_order" => 3, "FLOAT_TYPE" => "Float32", "deep_atmosphere" => true, "updraft_number" => 1, "amd_les" => false, "restart_dir" => nothing, "detect_restart_files" => false, "column_latlon" => [0.0, 0.0], "ls_adv" => nothing, "energy_q_tot_upwinding" => "vanleer_limiter", "prescribed_aerosols" => ["CB1", "CB2", "DST01", "DST02", "DST03", "DST04", "DST05", "OC1", "OC2", "SO4", "SSLT01", "SSLT02", "SSLT03", "SSLT04", "SSLT05"], "dt_nogw" => "1800secs", "output_default_diagnostics" => true, "edmfx_sgs_mass_flux" => true, "x_max" => 300000.0, "radiation_reset_rng_seed" => true, "newton_rtol" => 1.0e-5, "atmos_config_file" => "config/atmos_configs/climaatmos_progedmf_1m.yml", "edmfx_sgsflux_upwinding" => "none", "mode_name" => "amip", "land_temperature_anomaly" => "aquaplanet", "use_sgs_quadrature" => true, "bucket_albedo_type" => "map_static", "vert_diff" => "false", "use_krylov_method" => false, "sleve_s" => 10.0, "implicit_microphysics" => true, "prescribed_flow" => nothing)
[ Info: Output directories output/gpu_amip_progedmf_1M_land_he16_baseline/output_0012
[ Info: Coupler artifacts directory output/gpu_amip_progedmf_1M_land_he16_baseline/artifacts
[ Info: Coupler checkpoint directory output/gpu_amip_progedmf_1M_land_he16_baseline/checkpoints
[ Info: Random seed set to 1234
[ Info: Starting from t_start 0.0 seconds (2010-01-01T00:00:00) [counter = 0, period = 1 second, epoch = 2010-01-01T00:00:00]
[ Info: Overwriting Atmos parameters from input TOML file(s): ["/home/pbachant/calkit/clima-gpu-profiling/ClimaCoupler.jl/toml/amip_progedmf_1m.toml"]
┌ Warning: The configuration passed to ClimaAtmos contains unused keys: use_coupler_diagnostics, scm_surface_type, extra_atmos_diagnostics, h_elem_coupler, conservation_softfail, restart_cache, nh_poly_coupler, unique_seed, share_surface_space, binary_area_fraction, energy_check, use_land_diagnostics, land_model, dt_cloud_fraction, land_fraction_source, coupler_toml, restart_t, coupler_output_dir, dt_cpl, checkpoint_dt, atmos_log_progress, config_file, sst_adjustment, bucket_initial_condition, domain_type, simple_ocean, edmfx_upwinding, evolving_ocean, save_cache, print_config_dict, component_dt_dict, restart_dir, detect_restart_files, rmse_check, column_latlon, land_spun_up_ic, atmos_config_file, ocean_model, mode_name, land_temperature_anomaly, bucket_albedo_type, ice_model, lai_source
└ @ ClimaAtmos ~/calkit/clima-gpu-profiling/ClimaAtmos.jl/src/solver/yaml_helper.jl:89
┌ Warning: Removing output/gpu_amip_progedmf_1M_land_he16_baseline/output_0012/clima_atmos
└ @ ClimaUtilities.OutputPathGenerator ~/.julia/packages/ClimaUtilities/iLaE2/src/OutputPathGenerator.jl:157
[ Info: Running on CUDADevice
[ Info: Setting up single-process ClimaAtmos run
┌ Info: Time info:
│   dt = "30secs"
│   t_start = "0secs"
│   t_end = "1200secs"
└   floor_n_steps = 40
┌ Info: numerics 
│        `energy_q_tot_upwinding`::`Val{:vanleer_limiter}`
│              `tracer_upwinding`::`Val{:vanleer_limiter}`
│     `edmfx_mse_q_tot_upwinding`::`Val{:first_order}`
│       `edmfx_sgsflux_upwinding`::`Val{:none}`
│        `edmfx_tracer_upwinding`::`Val{:first_order}`
│       `test_dycore_consistency`::`Nothing`
│          `reproducible_restart`::`Nothing`
│                       `limiter`::`Nothing`
│                     `diff_mode`::`ClimaAtmos.Implicit`
└                     `hyperdiff`::`ClimaAtmos.Hyperdiffusion{Float32}`
┌ Info: AtmosModel: 
│ 
│                             `water`::`ClimaAtmos.AtmosWater{ClimaAtmos.NonEquilibriumMicrophysics1M, ClimaAtmos.QuadratureCloud, ClimaAtmos.Implicit, Nothing, ClimaAtmos.SGSQuadrature{3, StaticArraysCore.SVector{3, Float32}, StaticArraysCore.SVector{3, Float32}, ClimaAtmos.LogNormalSGS, Float32}, ClimaAtmos.FixedTerminalVelocity{Float32}}`
│                         `scm_setup`::`ClimaAtmos.SCMSetup{Nothing, Nothing, Nothing, Bool, Nothing}`
│                         `radiation`::`ClimaAtmos.AtmosRadiation{ClimaAtmos.RRTMGPInterface.AllSkyRadiationWithClearSkyDiagnostics{ClimaAtmos.InteractiveCloudInRadiation}, ClimaAtmos.TimeVaryingInsolation}`
│                          `turbconv`::`ClimaAtmos.AtmosTurbconv{ClimaAtmos.EDMFXModel{ClimaAtmos.InvZEntrainment, ClimaAtmos.BuoyancyVelocityDetrainment, Val{true}, Val{true}, Val{true}, Val{true}, Val{true}, ClimaAtmos.SmoothMinimumBlending}, ClimaAtmos.PrognosticEDMFX{1, true, Float32}, ClimaAtmos.Implicit, ClimaAtmos.Implicit, ClimaAtmos.Implicit, ClimaAtmos.Implicit, ClimaAtmos.Implicit, Nothing, Nothing, Nothing}`
│                   `prescribed_flow`::`Nothing`
│                      `gravity_wave`::`ClimaAtmos.AtmosGravityWave{ClimaAtmos.NonOrographicGravityWave{Float32}, ClimaAtmos.FullOrographicGravityWave{Float32, Val{:raw_topo}, Val{:Earth}}}`
│                `vertical_diffusion`::`Nothing`
│                            `sponge`::`ClimaAtmos.AtmosSponge{ClimaAtmos.ViscousSponge{Float32}, ClimaAtmos.RayleighSponge{Float32}}`
│                           `surface`::`ClimaAtmos.AtmosSurface{ClimaAtmos.ZonallySymmetricSST, ClimaAtmos.PrescribedSST, ClimaAtmos.CouplerAlbedo}`
└                          `numerics`::`ClimaAtmos.AtmosNumerics{Val{:vanleer_limiter}, Val{:vanleer_limiter}, Val{:first_order}, Val{:none}, Val{:first_order}, Nothing, Nothing, Nothing, ClimaAtmos.Implicit, ClimaAtmos.Hyperdiffusion{Float32}}`
┌ Info: Simulation info
│   job_id = "gpu_amip_progedmf_1M_land_he16_baseline"
└   output_dir = "output/gpu_amip_progedmf_1M_land_he16_baseline/output_0012/clima_atmos"
┌ Info: Simulation Grid: ExtrudedFiniteDifferenceGrid:
│   horizontal:
│     context: SingletonCommsContext using CUDADevice
│     mesh: 16×16×6-element EquiangularCubedSphere of SphereDomain: radius = 6.371e6
│     quadrature: 4-point Gauss-Legendre-Lobatto quadrature
│   vertical:
└     mesh: 63-element IntervalMesh of IntervalDomain: z ∈ [0.0,60000.0] (:bottom, :top)
[ Info: Allocating Y: 6.468 s (8989817 allocations: 430.21 MiB)
[ Info: Local file not found, loading from ClimaArtifacts (h_elem=16)...
[ Info: Loading from: /net/sampo/data1/ClimaArtifacts/artifacts/ogw_computed_drag_h16/computed_drag_Earth_false_1_16.hdf5
[ Info: Allocating cache (p): 214.908 s (610247608 allocations: 32.16 GiB)
[ Info: Using ODE config: `ClimaTimeSteppers.ARS343`
[ Info: ode_configuration: 478.13 ms (807135 allocations: 39.99 MiB)
[ Info: get_callbacks: 314.067 ms (692330 allocations: 35.18 MiB)
[ Info: Saving accumulated diagnostics to disk with frequency: 1 hour
[ Info: DictWriter: String[]
[ Info: HDF5Writer: String[]
[ Info: NetCDFWriter: ["orog_inst", "ts_1h_min", "ts_1h_max"]
[ Info: initializing diagnostics: 6.395 s (16124540 allocations: 830.72 MiB)
[ Info: Prepared CTS.CallbackSet callbacks: 15.723 ms (547 allocations: 27.16 KiB)
[ Info: n_steps_per_cycle_per_cb (non diagnostics): Real[1024, 1, 20//1, 60//1, 60//1, 1//1]
[ Info: n_steps_per_cycle (non diagnostics): 15360//1
┌ Info: Jacobian algorithm: ManualSparseJacobian(
│   approximate_solve_iters = 2,
└ )
[ Info: Jacobian derivative flags: topography_flag = UseDerivative, diffusion_flag = UseDerivative, sgs_advection_flag = UseDerivative, sgs_entr_detr_flag = UseDerivative, sgs_mass_flux_flag = UseDerivative, sgs_nh_pressure_flag = UseDerivative, sgs_vertdiff_flag = UseDerivative
┌ Warning: Setting surface albedo to 0.38 at the beginning of the simulation
└ @ ClimaAtmos ~/calkit/clima-gpu-profiling/ClimaAtmos.jl/src/cache/surface_albedo.jl:120
[ Info: init integrator: 159.291 s (284925174 allocations: 15.2 GiB)
[ Info: Added diagnostics: 11.574 s (12908855 allocations: 665.23 MiB)
[ Info: ClimaCoupler.Interfacer.AMIPMode
┌ Info: PrescribedOcean: using SST file
└   sst_data = "/net/sampo/data1/ClimaArtifacts/artifacts/historical_sst_sic/MODEL.SST.HAD187001-198110.OI198111-202206.nc"
┌ Info: PrescribedIce: using SIC file
└   sic_data = "/net/sampo/data1/ClimaArtifacts/artifacts/historical_sst_sic/MODEL.ICE.HAD187001-198110.OI198111-202206.nc"
┌ Info: PrescribedIce: ISTL1 not in file, using constant initialization
└   file = "/net/sampo/data1/ClimaArtifacts/artifacts/historical_sst_sic/MODEL.ICE.HAD187001-198110.OI198111-202206.nc"
[ Info: Component models initialized: (:atmos_sim, :ice_sim, :land_sim, :ocean_sim)
[ Info: Using default coupler diagnostics
┌ Warning: `update_field!` is not extended for the `liquid_precipitation` field of PrescribedIceSimulation: skipping update.
└ @ ClimaCoupler.Interfacer ~/calkit/clima-gpu-profiling/ClimaCoupler.jl/src/Interfacer.jl:362
┌ Warning: Setting surface albedo to 0.38 at the beginning of the simulation
└ @ ClimaAtmos ~/calkit/clima-gpu-profiling/ClimaAtmos.jl/src/cache/surface_albedo.jl:120
[ Info: Memory in use: 11.237 GiB
[ Info: Starting coupling loop
┌ Info: Progress
│   simulation_time = "2 minutes"
│   n_steps_completed = 4
│   wall_time_per_step = "0 seconds"
│   wall_time_total = "0 seconds"
│   wall_time_remaining = "0 seconds"
│   wall_time_spent = "0 seconds"
│   percent_complete = "10.0%"
│   estimated_sypd = "Inf"
│   date_now = 2026-05-05T18:38:47.958
└   estimated_finish_date = 2026-05-05T18:38:47.958
┌ Info: Progress
│   simulation_time = "3 minutes"
│   n_steps_completed = 6
│   wall_time_per_step = "278 milliseconds, 154 microseconds"
│   wall_time_total = "11 seconds, 126 milliseconds"
│   wall_time_remaining = "9 seconds, 457 milliseconds"
│   wall_time_spent = "1 second, 668 milliseconds"
│   percent_complete = "15.0%"
│   estimated_sypd = "0.295"
│   date_now = 2026-05-05T18:38:48.622
└   estimated_finish_date = 2026-05-05T18:38:58.622
┌ Info: Progress
│   simulation_time = "4 minutes"
│   n_steps_completed = 8
│   wall_time_per_step = "287 milliseconds, 46 microseconds"
│   wall_time_total = "11 seconds, 481 milliseconds"
│   wall_time_remaining = "9 seconds, 185 milliseconds"
│   wall_time_spent = "2 seconds, 296 milliseconds"
│   percent_complete = "20.0%"
│   estimated_sypd = "0.286"
│   date_now = 2026-05-05T18:38:49.101
└   estimated_finish_date = 2026-05-05T18:38:59.101
┌ Info: Progress
│   simulation_time = "5 minutes"
│   n_steps_completed = 10
│   wall_time_per_step = "277 milliseconds, 449 microseconds"
│   wall_time_total = "11 seconds, 97 milliseconds"
│   wall_time_remaining = "8 seconds, 323 milliseconds"
│   wall_time_spent = "2 seconds, 774 milliseconds"
│   percent_complete = "25.0%"
│   estimated_sypd = "0.296"
│   date_now = 2026-05-05T18:38:49.579
└   estimated_finish_date = 2026-05-05T18:38:58.579
┌ Info: Progress
│   simulation_time = "6 minutes"
│   n_steps_completed = 12
│   wall_time_per_step = "271 milliseconds, 77 microseconds"
│   wall_time_total = "10 seconds, 843 milliseconds"
│   wall_time_remaining = "7 seconds, 590 milliseconds"
│   wall_time_spent = "3 seconds, 252 milliseconds"
│   percent_complete = "30.0%"
│   estimated_sypd = "0.303"
│   date_now = 2026-05-05T18:38:50.057
└   estimated_finish_date = 2026-05-05T18:38:58.057
┌ Info: Progress
│   simulation_time = "7 minutes"
│   n_steps_completed = 14
│   wall_time_per_step = "266 milliseconds, 429 microseconds"
│   wall_time_total = "10 seconds, 657 milliseconds"
│   wall_time_remaining = "6 seconds, 927 milliseconds"
│   wall_time_spent = "3 seconds, 730 milliseconds"
│   percent_complete = "35.0%"
│   estimated_sypd = "0.308"
│   date_now = 2026-05-05T18:38:50.534
└   estimated_finish_date = 2026-05-05T18:38:57.534
┌ Info: Progress
│   simulation_time = "8 minutes"
│   n_steps_completed = 16
│   wall_time_per_step = "262 milliseconds, 932 microseconds"
│   wall_time_total = "10 seconds, 517 milliseconds"
│   wall_time_remaining = "6 seconds, 310 milliseconds"
│   wall_time_spent = "4 seconds, 206 milliseconds"
│   percent_complete = "40.0%"
│   estimated_sypd = "0.312"
│   date_now = 2026-05-05T18:38:51.011
└   estimated_finish_date = 2026-05-05T18:38:58.011
┌ Info: Progress
│   simulation_time = "9 minutes"
│   n_steps_completed = 18
│   wall_time_per_step = "260 milliseconds, 248 microseconds"
│   wall_time_total = "10 seconds, 409 milliseconds"
│   wall_time_remaining = "5 seconds, 725 milliseconds"
│   wall_time_spent = "4 seconds, 684 milliseconds"
│   percent_complete = "45.0%"
│   estimated_sypd = "0.316"
│   date_now = 2026-05-05T18:38:51.489
└   estimated_finish_date = 2026-05-05T18:38:57.489
┌ Info: Progress
│   simulation_time = "10 minutes"
│   n_steps_completed = 20
│   wall_time_per_step = "351 milliseconds, 175 microseconds"
│   wall_time_total = "14 seconds, 47 milliseconds"
│   wall_time_remaining = "7 seconds, 23 milliseconds"
│   wall_time_spent = "7 seconds, 23 milliseconds"
│   percent_complete = "50.0%"
│   estimated_sypd = "0.234"
│   date_now = 2026-05-05T18:38:53.828
└   estimated_finish_date = 2026-05-05T18:39:01.828
┌ Info: Progress
│   simulation_time = "11 minutes"
│   n_steps_completed = 22
│   wall_time_per_step = "340 milliseconds, 986 microseconds"
│   wall_time_total = "13 seconds, 639 milliseconds"
│   wall_time_remaining = "6 seconds, 137 milliseconds"
│   wall_time_spent = "7 seconds, 501 milliseconds"
│   percent_complete = "55.0%"
│   estimated_sypd = "0.241"
│   date_now = 2026-05-05T18:38:54.306
└   estimated_finish_date = 2026-05-05T18:39:01.306
┌ Info: Progress
│   simulation_time = "12 minutes"
│   n_steps_completed = 24
│   wall_time_per_step = "332 milliseconds, 468 microseconds"
│   wall_time_total = "13 seconds, 298 milliseconds"
│   wall_time_remaining = "5 seconds, 319 milliseconds"
│   wall_time_spent = "7 seconds, 979 milliseconds"
│   percent_complete = "60.0%"
│   estimated_sypd = "0.247"
│   date_now = 2026-05-05T18:38:54.784
└   estimated_finish_date = 2026-05-05T18:39:00.783
┌ Info: Progress
│   simulation_time = "13 minutes"
│   n_steps_completed = 26
│   wall_time_per_step = "325 milliseconds, 324 microseconds"
│   wall_time_total = "13 seconds, 12 milliseconds"
│   wall_time_remaining = "4 seconds, 554 milliseconds"
│   wall_time_spent = "8 seconds, 458 milliseconds"
│   percent_complete = "65.0%"
│   estimated_sypd = "0.252"
│   date_now = 2026-05-05T18:38:55.263
└   estimated_finish_date = 2026-05-05T18:39:00.263
┌ Info: Progress
│   simulation_time = "14 minutes"
│   n_steps_completed = 28
│   wall_time_per_step = "319 milliseconds, 159 microseconds"
│   wall_time_total = "12 seconds, 766 milliseconds"
│   wall_time_remaining = "3 seconds, 829 milliseconds"
│   wall_time_spent = "8 seconds, 936 milliseconds"
│   percent_complete = "70.0%"
│   estimated_sypd = "0.257"
│   date_now = 2026-05-05T18:38:55.741
└   estimated_finish_date = 2026-05-05T18:38:59.741
┌ Info: Progress
│   simulation_time = "15 minutes"
│   n_steps_completed = 30
│   wall_time_per_step = "313 milliseconds, 888 microseconds"
│   wall_time_total = "12 seconds, 555 milliseconds"
│   wall_time_remaining = "3 seconds, 138 milliseconds"
│   wall_time_spent = "9 seconds, 416 milliseconds"
│   percent_complete = "75.0%"
│   estimated_sypd = "0.262"
│   date_now = 2026-05-05T18:38:56.221
└   estimated_finish_date = 2026-05-05T18:39:00.221
┌ Info: Progress
│   simulation_time = "16 minutes"
│   n_steps_completed = 32
│   wall_time_per_step = "309 milliseconds, 399 microseconds"
│   wall_time_total = "12 seconds, 375 milliseconds"
│   wall_time_remaining = "2 seconds, 475 milliseconds"
│   wall_time_spent = "9 seconds, 900 milliseconds"
│   percent_complete = "80.0%"
│   estimated_sypd = "0.265"
│   date_now = 2026-05-05T18:38:56.705
└   estimated_finish_date = 2026-05-05T18:38:59.705
┌ Info: Progress
│   simulation_time = "17 minutes"
│   n_steps_completed = 34
│   wall_time_per_step = "305 milliseconds, 246 microseconds"
│   wall_time_total = "12 seconds, 209 milliseconds"
│   wall_time_remaining = "1 second, 831 milliseconds"
│   wall_time_spent = "10 seconds, 378 milliseconds"
│   percent_complete = "85.0%"
│   estimated_sypd = "0.269"
│   date_now = 2026-05-05T18:38:57.183
└   estimated_finish_date = 2026-05-05T18:38:59.183
┌ Info: Progress
│   simulation_time = "18 minutes"
│   n_steps_completed = 36
│   wall_time_per_step = "301 milliseconds, 555 microseconds"
│   wall_time_total = "12 seconds, 62 milliseconds"
│   wall_time_remaining = "1 second, 206 milliseconds"
│   wall_time_spent = "10 seconds, 855 milliseconds"
│   percent_complete = "90.0%"
│   estimated_sypd = "0.272"
│   date_now = 2026-05-05T18:38:57.660
└   estimated_finish_date = 2026-05-05T18:38:59.660
┌ Info: Progress
│   simulation_time = "19 minutes"
│   n_steps_completed = 38
│   wall_time_per_step = "298 milliseconds, 265 microseconds"
│   wall_time_total = "11 seconds, 930 milliseconds"
│   wall_time_remaining = "596 milliseconds, 531 microseconds"
│   wall_time_spent = "11 seconds, 334 milliseconds"
│   percent_complete = "95.0%"
│   estimated_sypd = "0.275"
│   date_now = 2026-05-05T18:38:58.138
└   estimated_finish_date = 2026-05-05T18:38:59.138
┌ Info: Progress
│   simulation_time = "20 minutes"
│   n_steps_completed = 40
│   wall_time_per_step = "341 milliseconds, 779 microseconds"
│   wall_time_total = "13 seconds, 671 milliseconds"
│   wall_time_remaining = "0 seconds"
│   wall_time_spent = "13 seconds, 671 milliseconds"
│   percent_complete = "100.0%"
│   estimated_sypd = "0.24"
│   date_now = 2026-05-05T18:39:00.475
└   estimated_finish_date = 2026-05-05T18:39:00.475
[ Info: Simulation took 13.054923 seconds
[ Info: SYPD: 0.25166145599432926
[ Info: Walltime per coupling step: 0.32637307
[ Info: Using Atmos configuration from ClimaCoupler in config/atmos_configs/climaatmos_progedmf_1m.yml
[ Info: Dict{Any, Any}("sleve_eta" => 0.7, "use_coupler_diagnostics" => true, "era5_diurnal_warming" => nothing, "dt" => "30secs", "prognostic_tke" => true, "use_newton_rtol" => false, "netcdf_output_at_levels" => true, "microphysics_model" => "1M", "output_dir_style" => "ActiveLink", "external_forcing" => nothing, "device" => "auto", "t_end" => "1200secs", "c_amd" => 0.29, "scm_surface_type" => "ocean", "y_elem" => 6, "z_stretch" => true, "extra_atmos_diagnostics" => Dict{Any, Any}[], "h_elem_coupler" => 32, "forcing" => nothing, "edmfx_nh_pressure" => true, "era5_initial_condition_dir" => nothing, "conservation_softfail" => false, "check_steady_state" => false, "restart_cache" => true, "update_jacobian_every" => "solve", "test_dycore_consistency" => false, "add_isothermal_boundary_layer" => true, "use_itime" => true, "rad" => "allskywithclear", "share_surface_space" => true, "binary_area_fraction" => true, "cloud_model" => "quadrature", "initial_condition" => "DecayingProfile", "krylov_rtol" => 0.1, "eisenstat_walker_forcing_alpha" => 2.0, "dt_cloud_fraction" => "1hours", "surface_setup" => "PrescribedSurface", "jvp_step_adjustment" => 1.0, "microphysics_n_substeps" => 3, "insolation" => "timevarying", "log_progress" => true, "site_latitude" => 17.0, "h_elem" => 16, "implicit_sgs_nh_pressure" => true, "coupler_toml" => ["/home/pbachant/calkit/clima-gpu-profiling/ClimaCoupler.jl/toml/amip_progedmf_1m.toml"], "netcdf_interpolation_num_points" => nothing, "coupler_output_dir" => "output", "z_max" => 60000.0, "atmos_log_progress" => false, "edmfx_filter" => true, "debug_jacobian" => false, "job_id" => "gpu_amip_progedmf_1M_land_he16_baseline", "sst_adjustment" => 0.0, "log_to_file" => false, "orographic_gravity_wave" => "raw_topo", "dt_rad" => "600secs", "simple_ocean" => false, "edmfx_upwinding" => "first_order", "tracer_upwinding" => "vanleer_limiter", "nh_poly" => 3, "edmfx_sgs_diffusive_flux" => true, "y_max" => 300000.0, "non_orographic_gravity_wave" => true, "print_config_dict" => true, "save_cache" => true, "topography_damping_factor" => 5, "config" => "sphere", "hyperdiffusion_prandtl_number" => 0.2, "reproducibility_test" => false, "component_dt_dict" => Dict("dt_atmos" => 30.0, "dt_land" => 30.0, "dt_seaice" => 30.0, "dt_ocean" => 30.0), "check_conservation" => false, "rmse_check" => false, "land_spun_up_ic" => false, "vertical_water_borrowing_species" => nothing, "auto_jacobian_padding_bands" => nothing, "sgs_distribution" => "lognormal", "implicit_diffusion" => true, "z_elem" => 63, "implicit_sgs_entr_detr" => true, "ocean_model" => "prescribed", "use_auto_jacobian" => false, "disable_surface_flux_tendency" => false, "cfsite_number" => "site23", "dt_ogw" => "1800secs", "fixed_terminal_velocity" => true, "turbconv" => "prognostic_edmfx", "x_elem" => 6, "idealized_clouds" => false, "edmfx_mse_q_tot_upwinding" => "first_order", "check_nan_every" => 1024, "ice_model" => "prescribed", "subsidence" => nothing, "use_dynamic_krylov_rtol" => false, "lai_source" => "modis_monthly", "reproducible_restart" => false, "toml" => ["toml/longrun_aquaplanet_diagedmf.toml"], "mesh_warp_type" => "SLEVE", "edmfx_detr_model" => "Generalized", "external_forcing_file" => nothing, "cloud_nn_architecture" => "arch_2layers_8nodes.jld2", "topo_smoothing" => true, "hyperdiff" => "Hyperdiffusion", "output_dir" => nothing, "constant_horizontal_diffusion" => false, "apply_sem_quasimonotone_limiter" => false, "scm_coriolis" => nothing, "bubble" => false, "ode_algo" => "ARS343", "max_newton_iters_ode" => 1, "start_date" => "20100101", "time_varying_trace_gases" => ["CO2", "O3"], "netcdf_horizontal_method" => "bilinear", "use_dense_jacobian" => false, "detect_restart_file" => false, "prognostic_surface" => "false", "edmfx_vertical_diffusion" => true, "restart_file" => nothing, "nh_poly_coupler" => 2, "unique_seed" => false, "rayleigh_sponge" => true, "edmfx_tracer_upwinding" => "first_order", "divergence_damping_factor" => 5.0, "edmfx_entr_model" => "Generalized", "energy_check" => false, "land_model" => "integrated", "use_land_diagnostics" => true, "idealized_h2o" => false, "perturb_initstate" => true, "implicit_sgs_advection" => true, "edmfx_scale_blending" => "SmoothMinimum", "t_start" => "0secs", "land_fraction_source" => "etopo", "dz_bottom" => 30.0, "dt_save_state_to_disk" => "30days", "restart_t" => nothing, "advection_test" => false, "dt_cpl" => "30secs", "checkpoint_dt" => "366days", "topography" => "Earth", "aerosol_radiation" => true, "reference_job_id" => nothing, "vorticity_hyperdiffusion_coefficient" => 0.1857, "implicit_sgs_mass_flux" => true, "viscous_sponge" => true, "strict_params" => true, "config_file" => "ClimaCoupler.jl/config/benchmark_configs/amip_progedmf_1m_land_he16.yml", "bucket_initial_condition" => "", "domain_type" => "global", "approximate_linear_solve_iters" => 2, "smagorinsky_lilly" => nothing, "enable_diagnostics" => true, "tracer_nonnegativity_method" => nothing, "site_longitude" => -149.0, "evolving_ocean" => true, "implicit_sgs_vertdiff" => true, "prescribe_clouds_in_radiation" => false, "albedo_model" => "CouplerAlbedo", "quadrature_order" => 3, "FLOAT_TYPE" => "Float32", "deep_atmosphere" => true, "updraft_number" => 1, "amd_les" => false, "restart_dir" => nothing, "detect_restart_files" => false, "column_latlon" => [0.0, 0.0], "ls_adv" => nothing, "energy_q_tot_upwinding" => "vanleer_limiter", "prescribed_aerosols" => ["CB1", "CB2", "DST01", "DST02", "DST03", "DST04", "DST05", "OC1", "OC2", "SO4", "SSLT01", "SSLT02", "SSLT03", "SSLT04", "SSLT05"], "dt_nogw" => "1800secs", "output_default_diagnostics" => true, "edmfx_sgs_mass_flux" => true, "x_max" => 300000.0, "radiation_reset_rng_seed" => true, "newton_rtol" => 1.0e-5, "atmos_config_file" => "config/atmos_configs/climaatmos_progedmf_1m.yml", "edmfx_sgsflux_upwinding" => "none", "mode_name" => "amip", "land_temperature_anomaly" => "aquaplanet", "use_sgs_quadrature" => true, "bucket_albedo_type" => "map_static", "vert_diff" => "false", "use_krylov_method" => false, "sleve_s" => 10.0, "implicit_microphysics" => true, "prescribed_flow" => nothing)
[ Info: Using Atmos configuration from ClimaCoupler in config/atmos_configs/climaatmos_progedmf_1m.yml
[ Info: Dict{Any, Any}("sleve_eta" => 0.7, "use_coupler_diagnostics" => true, "era5_diurnal_warming" => nothing, "dt" => "30secs", "prognostic_tke" => true, "use_newton_rtol" => false, "netcdf_output_at_levels" => true, "microphysics_model" => "1M", "output_dir_style" => "ActiveLink", "external_forcing" => nothing, "device" => "auto", "t_end" => "1200secs", "c_amd" => 0.29, "scm_surface_type" => "ocean", "y_elem" => 6, "z_stretch" => true, "extra_atmos_diagnostics" => Dict{Any, Any}[], "h_elem_coupler" => 32, "forcing" => nothing, "edmfx_nh_pressure" => true, "era5_initial_condition_dir" => nothing, "conservation_softfail" => false, "check_steady_state" => false, "restart_cache" => true, "update_jacobian_every" => "solve", "test_dycore_consistency" => false, "add_isothermal_boundary_layer" => true, "use_itime" => true, "rad" => "allskywithclear", "share_surface_space" => true, "binary_area_fraction" => true, "cloud_model" => "quadrature", "initial_condition" => "DecayingProfile", "krylov_rtol" => 0.1, "eisenstat_walker_forcing_alpha" => 2.0, "dt_cloud_fraction" => "1hours", "surface_setup" => "PrescribedSurface", "jvp_step_adjustment" => 1.0, "microphysics_n_substeps" => 3, "insolation" => "timevarying", "log_progress" => true, "site_latitude" => 17.0, "h_elem" => 16, "implicit_sgs_nh_pressure" => true, "coupler_toml" => ["/home/pbachant/calkit/clima-gpu-profiling/ClimaCoupler.jl/toml/amip_progedmf_1m.toml"], "netcdf_interpolation_num_points" => nothing, "coupler_output_dir" => "output", "z_max" => 60000.0, "atmos_log_progress" => false, "edmfx_filter" => true, "debug_jacobian" => false, "job_id" => "gpu_amip_progedmf_1M_land_he16_baseline", "sst_adjustment" => 0.0, "log_to_file" => false, "orographic_gravity_wave" => "raw_topo", "dt_rad" => "600secs", "simple_ocean" => false, "edmfx_upwinding" => "first_order", "tracer_upwinding" => "vanleer_limiter", "nh_poly" => 3, "edmfx_sgs_diffusive_flux" => true, "y_max" => 300000.0, "non_orographic_gravity_wave" => true, "print_config_dict" => true, "save_cache" => true, "topography_damping_factor" => 5, "config" => "sphere", "hyperdiffusion_prandtl_number" => 0.2, "reproducibility_test" => false, "component_dt_dict" => Dict("dt_atmos" => 30.0, "dt_land" => 30.0, "dt_seaice" => 30.0, "dt_ocean" => 30.0), "check_conservation" => false, "rmse_check" => false, "land_spun_up_ic" => false, "vertical_water_borrowing_species" => nothing, "auto_jacobian_padding_bands" => nothing, "sgs_distribution" => "lognormal", "implicit_diffusion" => true, "z_elem" => 63, "implicit_sgs_entr_detr" => true, "ocean_model" => "prescribed", "use_auto_jacobian" => false, "disable_surface_flux_tendency" => false, "cfsite_number" => "site23", "dt_ogw" => "1800secs", "fixed_terminal_velocity" => true, "turbconv" => "prognostic_edmfx", "x_elem" => 6, "idealized_clouds" => false, "edmfx_mse_q_tot_upwinding" => "first_order", "check_nan_every" => 1024, "ice_model" => "prescribed", "subsidence" => nothing, "use_dynamic_krylov_rtol" => false, "lai_source" => "modis_monthly", "reproducible_restart" => false, "toml" => ["toml/longrun_aquaplanet_diagedmf.toml"], "mesh_warp_type" => "SLEVE", "edmfx_detr_model" => "Generalized", "external_forcing_file" => nothing, "cloud_nn_architecture" => "arch_2layers_8nodes.jld2", "topo_smoothing" => true, "hyperdiff" => "Hyperdiffusion", "output_dir" => nothing, "constant_horizontal_diffusion" => false, "apply_sem_quasimonotone_limiter" => false, "scm_coriolis" => nothing, "bubble" => false, "ode_algo" => "ARS343", "max_newton_iters_ode" => 1, "start_date" => "20100101", "time_varying_trace_gases" => ["CO2", "O3"], "netcdf_horizontal_method" => "bilinear", "use_dense_jacobian" => false, "detect_restart_file" => false, "prognostic_surface" => "false", "edmfx_vertical_diffusion" => true, "restart_file" => nothing, "nh_poly_coupler" => 2, "unique_seed" => false, "rayleigh_sponge" => true, "edmfx_tracer_upwinding" => "first_order", "divergence_damping_factor" => 5.0, "edmfx_entr_model" => "Generalized", "energy_check" => false, "land_model" => "integrated", "use_land_diagnostics" => true, "idealized_h2o" => false, "perturb_initstate" => true, "implicit_sgs_advection" => true, "edmfx_scale_blending" => "SmoothMinimum", "t_start" => "0secs", "land_fraction_source" => "etopo", "dz_bottom" => 30.0, "dt_save_state_to_disk" => "30days", "restart_t" => nothing, "advection_test" => false, "dt_cpl" => "30secs", "checkpoint_dt" => "366days", "topography" => "Earth", "aerosol_radiation" => true, "reference_job_id" => nothing, "vorticity_hyperdiffusion_coefficient" => 0.1857, "implicit_sgs_mass_flux" => true, "viscous_sponge" => true, "strict_params" => true, "config_file" => "ClimaCoupler.jl/config/benchmark_configs/amip_progedmf_1m_land_he16.yml", "bucket_initial_condition" => "", "domain_type" => "global", "approximate_linear_solve_iters" => 2, "smagorinsky_lilly" => nothing, "enable_diagnostics" => true, "tracer_nonnegativity_method" => nothing, "site_longitude" => -149.0, "evolving_ocean" => true, "implicit_sgs_vertdiff" => true, "prescribe_clouds_in_radiation" => false, "albedo_model" => "CouplerAlbedo", "quadrature_order" => 3, "FLOAT_TYPE" => "Float32", "deep_atmosphere" => true, "updraft_number" => 1, "amd_les" => false, "restart_dir" => nothing, "detect_restart_files" => false, "column_latlon" => [0.0, 0.0], "ls_adv" => nothing, "energy_q_tot_upwinding" => "vanleer_limiter", "prescribed_aerosols" => ["CB1", "CB2", "DST01", "DST02", "DST03", "DST04", "DST05", "OC1", "OC2", "SO4", "SSLT01", "SSLT02", "SSLT03", "SSLT04", "SSLT05"], "dt_nogw" => "1800secs", "output_default_diagnostics" => true, "edmfx_sgs_mass_flux" => true, "x_max" => 300000.0, "radiation_reset_rng_seed" => true, "newton_rtol" => 1.0e-5, "atmos_config_file" => "config/atmos_configs/climaatmos_progedmf_1m.yml", "edmfx_sgsflux_upwinding" => "none", "mode_name" => "amip", "land_temperature_anomaly" => "aquaplanet", "use_sgs_quadrature" => true, "bucket_albedo_type" => "map_static", "vert_diff" => "false", "use_krylov_method" => false, "sleve_s" => 10.0, "implicit_microphysics" => true, "prescribed_flow" => nothing)
[ Info: Plotting diagnostics for coupler, atmos, land, and ocean
[ Info: plotting debug in output/gpu_amip_progedmf_1M_land_he16_baseline/artifacts
