Loading climacommon/2025_05_15
  Loading requirement: climaauth/2025_05_15 openmpi/4.1.5-mpitrampoline
    julia/1.11.5 cuda/julia-pref
Precompiling project...
  10866.8 ms  ✓ ClimaCore
   7538.0 ms  ✓ ClimaCore → KrylovExt
   7535.9 ms  ✓ ClimaUtilities → ClimaUtilitiesClimaCoreExt
  15335.8 ms  ✓ ClimaCore → ClimaCoreCUDAExt
  13828.5 ms  ✓ ClimaUtilities → ClimaUtilitiesClimaCoreNCDatasetsExt
  14409.8 ms  ✓ ClimaUtilities → ClimaUtilitiesClimaCoreInterpolationsExt
  15891.1 ms  ✓ ClimaDiagnostics
  29854.2 ms  ✓ ClimaCoreMakie
  13238.8 ms  ✓ ClimaLand
  13043.4 ms  ✓ ClimaLand → FluxnetSimulationsExt
  17607.0 ms  ✓ ClimaLand → ConstrainedNeuralModelExt
  33304.7 ms  ✓ ClimaAtmos
  30750.9 ms  ✓ ClimaLand → LandSimulationVisualizationExt
  10940.5 ms  ✓ ClimaCoupler
  11250.7 ms  ✓ ClimaCoupler → ClimaCouplerClimaAtmosExt
  15674.9 ms  ✓ ClimaCoupler → ClimaCouplerClimaLandExt
  21457.0 ms  ✓ ClimaCoupler → ClimaCouplerMakieExt
  17 dependencies successfully precompiled in 107 seconds. 631 already precompiled.
Status `~/calkit/clima-gpu-profiling/ClimaCoupler.jl-mod/experiments/AMIP/Project.toml`
  [c7e460c6] ArgParse v1.2.0
⌅ [052768ef] CUDA v5.11.0
  [159f3aea] Cairo v1.1.1
  [13f3f980] CairoMakie v0.15.9
  [29b5916a] ClimaAnalysis v0.5.21
  [b2c96348] ClimaAtmos v0.38.2 `../../../ClimaAtmos.jl-mod`
  [4347a170] ClimaCalibrate v0.2.2
  [3a4d1b5c] ClimaComms v0.6.10
  [d414da3d] ClimaCore v0.14.51 `../../../ClimaCore.jl-mod`
  [908f55d8] ClimaCoreMakie v0.4.7
  [4ade58fe] ClimaCoupler v0.1.2 `../..`
  [1ecacbb8] ClimaDiagnostics v0.3.4
  [08f4d4ce] ClimaLand v1.7.0
  [5c42b081] ClimaParams v1.0.15
  [595c0a79] ClimaTimeSteppers v0.8.11
  [b3f4f4ca] ClimaUtilities v0.1.28
  [aa8a2aa5] EnsembleKalmanProcesses v2.7.0
  [61eb1bfa] GPUCompiler v1.9.1
  [db073c08] GeoMakie v0.7.16
  [e98cc03f] Insolation v1.1.0
⌅ [a98d9a8b] Interpolations v0.15.1
  [033835bb] JLD2 v0.6.4
  [da04e1cc] MPI v0.20.24
  [ee78f7c6] Makie v0.24.9
  [85f8d34a] NCDatasets v0.14.15
  [08abe8d2] PrettyTables v3.3.2
  [1bc83da4] SafeTestsets v0.1.0
⌅ [0bca4576] SciMLBase v2.112.0
  [90137ffa] StaticArrays v1.9.18
  [49b00bb7] SurfaceFluxes v1.0.0
  [b60c26fb] Thermodynamics v1.2.1
  [ddb6d928] YAML v0.4.16
⌅ [9c32591e] Poppler_jll v24.6.0+0
  [de0858da] Printf v1.11.0
Info Packages marked with ⌅ have new versions available but compatibility constraints restrict them from upgrading. To see why use `status --outdated`
[ Info: Using Atmos configuration from ClimaCoupler in config/atmos_configs/climaatmos_progedmf_1m.yml
[ Info: Dict{Any, Any}("sleve_eta" => 0.7, "use_coupler_diagnostics" => true, "era5_diurnal_warming" => nothing, "dt" => "30secs", "prognostic_tke" => true, "use_newton_rtol" => false, "netcdf_output_at_levels" => true, "microphysics_model" => "1M", "output_dir_style" => "ActiveLink", "external_forcing" => nothing, "device" => "auto", "t_end" => "1200secs", "c_amd" => 0.29, "scm_surface_type" => "ocean", "y_elem" => 6, "z_stretch" => true, "extra_atmos_diagnostics" => Dict{Any, Any}[], "forcing" => nothing, "edmfx_nh_pressure" => true, "era5_initial_condition_dir" => nothing, "conservation_softfail" => false, "check_steady_state" => false, "restart_cache" => true, "update_jacobian_every" => "solve", "test_dycore_consistency" => false, "add_isothermal_boundary_layer" => true, "use_itime" => true, "rad" => "allskywithclear", "share_surface_space" => true, "binary_area_fraction" => true, "cloud_model" => "quadrature", "initial_condition" => "DecayingProfile", "krylov_rtol" => 0.1, "eisenstat_walker_forcing_alpha" => 2.0, "dt_cloud_fraction" => "1hours", "surface_setup" => "PrescribedSurface", "jvp_step_adjustment" => 1.0, "insolation" => "timevarying", "log_progress" => true, "site_latitude" => 17.0, "h_elem" => 16, "implicit_sgs_nh_pressure" => true, "coupler_toml" => ["/home/pbachant/calkit/clima-gpu-profiling/ClimaCoupler.jl-mod/toml/amip_progedmf_1m.toml"], "netcdf_interpolation_num_points" => nothing, "coupler_output_dir" => "output", "z_max" => 60000.0, "atmos_log_progress" => false, "edmfx_filter" => true, "debug_jacobian" => false, "job_id" => "gpu_amip_progedmf_1M_land_he16_mod", "sst_adjustment" => 0.0, "log_to_file" => false, "orographic_gravity_wave" => "raw_topo", "dt_rad" => "600secs", "simple_ocean" => false, "edmfx_upwinding" => "first_order", "tracer_upwinding" => "vanleer_limiter", "nh_poly" => 3, "edmfx_sgs_diffusive_flux" => true, "y_max" => 300000.0, "non_orographic_gravity_wave" => true, "print_config_dict" => true, "save_cache" => true, "max_newton_iters_ode_subproblem" => 0, "topography_damping_factor" => 5, "config" => "sphere", "hyperdiffusion_prandtl_number" => 0.2, "reproducibility_test" => false, "component_dt_dict" => Dict("dt_atmos" => 30.0, "dt_land" => 30.0, "dt_seaice" => 30.0, "dt_ocean" => 30.0), "check_conservation" => false, "rmse_check" => false, "land_spun_up_ic" => true, "vertical_water_borrowing_species" => nothing, "auto_jacobian_padding_bands" => nothing, "sgs_distribution" => "lognormal", "implicit_diffusion" => true, "z_elem" => 63, "implicit_sgs_entr_detr" => true, "ocean_model" => "prescribed", "use_auto_jacobian" => false, "disable_surface_flux_tendency" => false, "cfsite_number" => "site23", "dt_ogw" => "1800secs", "turbconv" => "prognostic_edmfx", "x_elem" => 6, "idealized_clouds" => false, "edmfx_mse_q_tot_upwinding" => "first_order", "check_nan_every" => 1024, "ice_model" => "prescribed", "subsidence" => nothing, "use_dynamic_krylov_rtol" => false, "lai_source" => "modis_monthly", "reproducible_restart" => false, "toml" => ["toml/longrun_aquaplanet_diagedmf.toml"], "mesh_warp_type" => "SLEVE", "edmfx_detr_model" => "Generalized", "external_forcing_file" => nothing, "cloud_nn_architecture" => "arch_2layers_8nodes.jld2", "topo_smoothing" => true, "hyperdiff" => "Hyperdiffusion", "output_dir" => nothing, "constant_horizontal_diffusion" => false, "apply_sem_quasimonotone_limiter" => false, "scm_coriolis" => nothing, "bubble" => false, "ode_algo" => "ARS343", "max_newton_iters_ode" => 3, "start_date" => "20100101", "time_varying_trace_gases" => ["CO2", "O3"], "netcdf_horizontal_method" => "bilinear", "use_dense_jacobian" => false, "detect_restart_file" => false, "prognostic_surface" => "false", "edmfx_vertical_diffusion" => true, "restart_file" => nothing, "unique_seed" => false, "rayleigh_sponge" => true, "edmfx_tracer_upwinding" => "first_order", "divergence_damping_factor" => 5.0, "edmfx_entr_model" => "PiGroups", "energy_check" => false, "land_model" => "integrated", "use_land_diagnostics" => true, "idealized_h2o" => false, "perturb_initstate" => true, "implicit_sgs_advection" => true, "edmfx_scale_blending" => "SmoothMinimum", "t_start" => "0secs", "land_fraction_source" => "etopo", "dz_bottom" => 30.0, "dt_save_state_to_disk" => "30days", "restart_t" => nothing, "advection_test" => false, "dt_cpl" => "30secs", "checkpoint_dt" => "366days", "topography" => "Earth", "aerosol_radiation" => true, "reference_job_id" => nothing, "perf_summary" => false, "vorticity_hyperdiffusion_coefficient" => 0.1857, "implicit_sgs_mass_flux" => true, "viscous_sponge" => true, "strict_params" => true, "config_file" => "ClimaCoupler.jl-mod/config/benchmark_configs/amip_progedmf_1m_land_he16.yml", "bucket_initial_condition" => "", "domain_type" => "global", "approximate_linear_solve_iters" => 2, "smagorinsky_lilly" => nothing, "enable_diagnostics" => true, "tracer_nonnegativity_method" => nothing, "site_longitude" => -149.0, "evolving_ocean" => true, "implicit_sgs_vertdiff" => true, "prescribe_clouds_in_radiation" => false, "albedo_model" => "CouplerAlbedo", "quadrature_order" => 3, "FLOAT_TYPE" => "Float32", "deep_atmosphere" => true, "split_ode" => true, "amd_les" => false, "updraft_number" => 1, "restart_dir" => nothing, "detect_restart_files" => false, "column_latlon" => [0.0, 0.0], "ls_adv" => nothing, "energy_q_tot_upwinding" => "vanleer_limiter", "prescribed_aerosols" => ["CB1", "CB2", "DST01", "DST02", "DST03", "DST04", "DST05", "OC1", "OC2", "SO4", "SSLT01", "SSLT02", "SSLT03", "SSLT04", "SSLT05"], "dt_nogw" => "1800secs", "output_default_diagnostics" => true, "edmfx_sgs_mass_flux" => true, "x_max" => 300000.0, "radiation_reset_rng_seed" => true, "newton_rtol" => 1.0e-5, "atmos_config_file" => "config/atmos_configs/climaatmos_progedmf_1m.yml", "edmfx_sgsflux_upwinding" => "none", "mode_name" => "amip", "land_temperature_anomaly" => "aquaplanet", "use_sgs_quadrature" => false, "bucket_albedo_type" => "map_static", "vert_diff" => "false", "use_krylov_method" => false, "sleve_s" => 10.0, "implicit_microphysics" => true, "prescribed_flow" => nothing)
[ Info: Setting up single-process ClimaCoupler run on device: CUDADevice.
[ Info: Dict{Any, Any}("sleve_eta" => 0.7, "use_coupler_diagnostics" => true, "era5_diurnal_warming" => nothing, "dt" => "30secs", "prognostic_tke" => true, "use_newton_rtol" => false, "netcdf_output_at_levels" => true, "microphysics_model" => "1M", "output_dir_style" => "ActiveLink", "external_forcing" => nothing, "device" => "auto", "t_end" => "1200secs", "c_amd" => 0.29, "scm_surface_type" => "ocean", "y_elem" => 6, "z_stretch" => true, "extra_atmos_diagnostics" => Dict{Any, Any}[], "forcing" => nothing, "edmfx_nh_pressure" => true, "era5_initial_condition_dir" => nothing, "conservation_softfail" => false, "check_steady_state" => false, "restart_cache" => true, "update_jacobian_every" => "solve", "test_dycore_consistency" => false, "add_isothermal_boundary_layer" => true, "use_itime" => true, "rad" => "allskywithclear", "share_surface_space" => true, "binary_area_fraction" => true, "cloud_model" => "quadrature", "initial_condition" => "DecayingProfile", "krylov_rtol" => 0.1, "eisenstat_walker_forcing_alpha" => 2.0, "dt_cloud_fraction" => "1hours", "surface_setup" => "PrescribedSurface", "jvp_step_adjustment" => 1.0, "insolation" => "timevarying", "log_progress" => true, "site_latitude" => 17.0, "h_elem" => 16, "implicit_sgs_nh_pressure" => true, "coupler_toml" => ["/home/pbachant/calkit/clima-gpu-profiling/ClimaCoupler.jl-mod/toml/amip_progedmf_1m.toml"], "netcdf_interpolation_num_points" => nothing, "coupler_output_dir" => "output", "z_max" => 60000.0, "atmos_log_progress" => false, "edmfx_filter" => true, "debug_jacobian" => false, "job_id" => "gpu_amip_progedmf_1M_land_he16_mod", "sst_adjustment" => 0.0, "log_to_file" => false, "orographic_gravity_wave" => "raw_topo", "dt_rad" => "600secs", "simple_ocean" => false, "edmfx_upwinding" => "first_order", "tracer_upwinding" => "vanleer_limiter", "nh_poly" => 3, "edmfx_sgs_diffusive_flux" => true, "y_max" => 300000.0, "non_orographic_gravity_wave" => true, "print_config_dict" => true, "save_cache" => true, "max_newton_iters_ode_subproblem" => 0, "topography_damping_factor" => 5, "config" => "sphere", "hyperdiffusion_prandtl_number" => 0.2, "reproducibility_test" => false, "component_dt_dict" => Dict("dt_atmos" => 30.0, "dt_land" => 30.0, "dt_seaice" => 30.0, "dt_ocean" => 30.0), "check_conservation" => false, "rmse_check" => false, "land_spun_up_ic" => true, "vertical_water_borrowing_species" => nothing, "auto_jacobian_padding_bands" => nothing, "sgs_distribution" => "lognormal", "implicit_diffusion" => true, "z_elem" => 63, "implicit_sgs_entr_detr" => true, "ocean_model" => "prescribed", "use_auto_jacobian" => false, "disable_surface_flux_tendency" => false, "cfsite_number" => "site23", "dt_ogw" => "1800secs", "turbconv" => "prognostic_edmfx", "x_elem" => 6, "idealized_clouds" => false, "edmfx_mse_q_tot_upwinding" => "first_order", "check_nan_every" => 1024, "ice_model" => "prescribed", "subsidence" => nothing, "use_dynamic_krylov_rtol" => false, "lai_source" => "modis_monthly", "reproducible_restart" => false, "toml" => ["toml/longrun_aquaplanet_diagedmf.toml"], "mesh_warp_type" => "SLEVE", "edmfx_detr_model" => "Generalized", "external_forcing_file" => nothing, "cloud_nn_architecture" => "arch_2layers_8nodes.jld2", "topo_smoothing" => true, "hyperdiff" => "Hyperdiffusion", "output_dir" => nothing, "constant_horizontal_diffusion" => false, "apply_sem_quasimonotone_limiter" => false, "scm_coriolis" => nothing, "bubble" => false, "ode_algo" => "ARS343", "max_newton_iters_ode" => 3, "start_date" => "20100101", "time_varying_trace_gases" => ["CO2", "O3"], "netcdf_horizontal_method" => "bilinear", "use_dense_jacobian" => false, "detect_restart_file" => false, "prognostic_surface" => "false", "edmfx_vertical_diffusion" => true, "restart_file" => nothing, "unique_seed" => false, "rayleigh_sponge" => true, "edmfx_tracer_upwinding" => "first_order", "divergence_damping_factor" => 5.0, "edmfx_entr_model" => "PiGroups", "energy_check" => false, "land_model" => "integrated", "use_land_diagnostics" => true, "idealized_h2o" => false, "perturb_initstate" => true, "implicit_sgs_advection" => true, "edmfx_scale_blending" => "SmoothMinimum", "t_start" => "0secs", "land_fraction_source" => "etopo", "dz_bottom" => 30.0, "dt_save_state_to_disk" => "30days", "restart_t" => nothing, "advection_test" => false, "dt_cpl" => "30secs", "checkpoint_dt" => "366days", "topography" => "Earth", "aerosol_radiation" => true, "reference_job_id" => nothing, "perf_summary" => false, "vorticity_hyperdiffusion_coefficient" => 0.1857, "implicit_sgs_mass_flux" => true, "viscous_sponge" => true, "strict_params" => true, "config_file" => "ClimaCoupler.jl-mod/config/benchmark_configs/amip_progedmf_1m_land_he16.yml", "bucket_initial_condition" => "", "domain_type" => "global", "approximate_linear_solve_iters" => 2, "smagorinsky_lilly" => nothing, "enable_diagnostics" => true, "tracer_nonnegativity_method" => nothing, "site_longitude" => -149.0, "evolving_ocean" => true, "implicit_sgs_vertdiff" => true, "prescribe_clouds_in_radiation" => false, "albedo_model" => "CouplerAlbedo", "quadrature_order" => 3, "FLOAT_TYPE" => "Float32", "deep_atmosphere" => true, "split_ode" => true, "amd_les" => false, "updraft_number" => 1, "restart_dir" => nothing, "detect_restart_files" => false, "column_latlon" => [0.0, 0.0], "ls_adv" => nothing, "energy_q_tot_upwinding" => "vanleer_limiter", "prescribed_aerosols" => ["CB1", "CB2", "DST01", "DST02", "DST03", "DST04", "DST05", "OC1", "OC2", "SO4", "SSLT01", "SSLT02", "SSLT03", "SSLT04", "SSLT05"], "dt_nogw" => "1800secs", "output_default_diagnostics" => true, "edmfx_sgs_mass_flux" => true, "x_max" => 300000.0, "radiation_reset_rng_seed" => true, "newton_rtol" => 1.0e-5, "atmos_config_file" => "config/atmos_configs/climaatmos_progedmf_1m.yml", "edmfx_sgsflux_upwinding" => "none", "mode_name" => "amip", "land_temperature_anomaly" => "aquaplanet", "use_sgs_quadrature" => false, "bucket_albedo_type" => "map_static", "vert_diff" => "false", "use_krylov_method" => false, "sleve_s" => 10.0, "implicit_microphysics" => true, "prescribed_flow" => nothing)
[ Info: Output directories output/gpu_amip_progedmf_1M_land_he16_mod/output_0021
[ Info: Coupler artifacts directory output/gpu_amip_progedmf_1M_land_he16_mod/artifacts
[ Info: Coupler checkpoint directory output/gpu_amip_progedmf_1M_land_he16_mod/checkpoints
[ Info: Random seed set to 1234
[ Info: Starting from t_start 0.0 seconds (2010-01-01T00:00:00) [counter = 0, period = 1 second, epoch = 2010-01-01T00:00:00]
[ Info: Overwriting Atmos parameters from input TOML file(s): ["/home/pbachant/calkit/clima-gpu-profiling/ClimaCoupler.jl-mod/toml/amip_progedmf_1m.toml"]
┌ Warning: The configuration passed to ClimaAtmos contains unused keys: share_surface_space, binary_area_fraction, use_coupler_diagnostics, bucket_initial_condition, energy_check, domain_type, use_land_diagnostics, sst_adjustment, simple_ocean, dt_cloud_fraction, edmfx_upwinding, land_model, atmos_config_file, ocean_model, mode_name, land_temperature_anomaly, evolving_ocean, bucket_albedo_type, scm_surface_type, save_cache, print_config_dict, land_fraction_source, extra_atmos_diagnostics, ice_model, coupler_toml, restart_t, coupler_output_dir, dt_cpl, lai_source, checkpoint_dt, component_dt_dict, atmos_log_progress, conservation_softfail, restart_dir, restart_cache, detect_restart_files, rmse_check, column_latlon, land_spun_up_ic, config_file, unique_seed
└ @ ClimaAtmos ~/calkit/clima-gpu-profiling/ClimaAtmos.jl-mod/src/solver/yaml_helper.jl:89
┌ Warning: Removing output/gpu_amip_progedmf_1M_land_he16_mod/output_0021/clima_atmos
└ @ ClimaUtilities.OutputPathGenerator ~/.julia/packages/ClimaUtilities/iLaE2/src/OutputPathGenerator.jl:157
[ Info: Running on CUDADevice
[ Info: Setting up single-process ClimaAtmos run
┌ Info: Time info:
│   dt = "30secs"
│   t_start = "0secs"
│   t_end = "1200secs"
└   floor_n_steps = 40
┌ Info: numerics 
│        `energy_q_tot_upwinding`::`Val{:vanleer_limiter}`
│              `tracer_upwinding`::`Val{:vanleer_limiter}`
│     `edmfx_mse_q_tot_upwinding`::`Val{:first_order}`
│       `edmfx_sgsflux_upwinding`::`Val{:none}`
│        `edmfx_tracer_upwinding`::`Val{:first_order}`
│       `test_dycore_consistency`::`Nothing`
│          `reproducible_restart`::`Nothing`
│                       `limiter`::`Nothing`
│                     `diff_mode`::`ClimaAtmos.Implicit`
└                     `hyperdiff`::`ClimaAtmos.Hyperdiffusion{Float32}`
┌ Info: AtmosModel: 
│ 
│                             `water`::`ClimaAtmos.AtmosWater{ClimaAtmos.NonEquilibriumMicrophysics1M, ClimaAtmos.QuadratureCloud, ClimaAtmos.Implicit, Nothing, Nothing}`
│                         `scm_setup`::`ClimaAtmos.SCMSetup{Nothing, Nothing, Nothing, Bool, Nothing}`
│                         `radiation`::`ClimaAtmos.AtmosRadiation{ClimaAtmos.RRTMGPInterface.AllSkyRadiationWithClearSkyDiagnostics{ClimaAtmos.InteractiveCloudInRadiation}, ClimaAtmos.TimeVaryingInsolation}`
│                          `turbconv`::`ClimaAtmos.AtmosTurbconv{ClimaAtmos.EDMFXModel{ClimaAtmos.PiGroupsEntrainment, ClimaAtmos.BuoyancyVelocityDetrainment, Val{true}, Val{true}, Val{true}, Val{true}, Val{true}, ClimaAtmos.SmoothMinimumBlending}, ClimaAtmos.PrognosticEDMFX{1, true, Float32}, ClimaAtmos.Implicit, ClimaAtmos.Implicit, ClimaAtmos.Implicit, ClimaAtmos.Implicit, ClimaAtmos.Implicit, Nothing, Nothing, Nothing}`
│                   `prescribed_flow`::`Nothing`
│                      `gravity_wave`::`ClimaAtmos.AtmosGravityWave{ClimaAtmos.NonOrographicGravityWave{Float32}, ClimaAtmos.FullOrographicGravityWave{Float32, Val{:raw_topo}, Val{:Earth}}}`
│                `vertical_diffusion`::`Nothing`
│                            `sponge`::`ClimaAtmos.AtmosSponge{ClimaAtmos.ViscousSponge{Float32}, ClimaAtmos.RayleighSponge{Float32}}`
│                           `surface`::`ClimaAtmos.AtmosSurface{ClimaAtmos.ZonallySymmetricSST, ClimaAtmos.PrescribedSST, ClimaAtmos.CouplerAlbedo}`
└                          `numerics`::`ClimaAtmos.AtmosNumerics{Val{:vanleer_limiter}, Val{:vanleer_limiter}, Val{:first_order}, Val{:none}, Val{:first_order}, Nothing, Nothing, Nothing, ClimaAtmos.Implicit, ClimaAtmos.Hyperdiffusion{Float32}}`
┌ Info: Simulation info
│   job_id = "gpu_amip_progedmf_1M_land_he16_mod"
└   output_dir = "output/gpu_amip_progedmf_1M_land_he16_mod/output_0021/clima_atmos"
┌ Info: Simulation Grid: ExtrudedFiniteDifferenceGrid:
│   horizontal:
│     context: SingletonCommsContext using CUDADevice
│     mesh: 16×16×6-element EquiangularCubedSphere of SphereDomain: radius = 6.371e6
│     quadrature: 4-point Gauss-Legendre-Lobatto quadrature
│   vertical:
└     mesh: 63-element IntervalMesh of IntervalDomain: z ∈ [0.0,60000.0] (:bottom, :top)
[ Info: Allocating Y: 7.427 s (8932957 allocations: 427.21 MiB)
[ Info: Local file not found, loading from ClimaArtifacts (h_elem=16)...
[ Info: Loading from: /net/sampo/data1/ClimaArtifacts/artifacts/ogw_computed_drag_h16/computed_drag_Earth_false_1_16.hdf5
[ Info: Allocating cache (p): 188.502 s (599258795 allocations: 31.59 GiB)
[ Info: Using ODE config: `ClimaTimeSteppers.ARS343`
[ Info: ode_configuration: 583.849 ms (829179 allocations: 41.03 MiB)
[ Info: get_callbacks: 363.692 ms (692337 allocations: 35.13 MiB)
[ Info: Saving accumulated diagnostics to disk with frequency: 1 hour
[ Info: DictWriter: String[]
[ Info: HDF5Writer: String[]
[ Info: NetCDFWriter: ["orog_inst", "ts_1h_min", "ts_1h_max"]
[ Info: initializing diagnostics: 7.553 s (16122815 allocations: 829.41 MiB)
[ Info: Prepared CTS.CallbackSet callbacks: 19.13 ms (547 allocations: 27.16 KiB)
[ Info: n_steps_per_cycle_per_cb (non diagnostics): Real[1024, 1, 20//1, 60//1, 60//1, 1//1]
[ Info: n_steps_per_cycle (non diagnostics): 15360//1
┌ Info: Jacobian algorithm: ManualSparseJacobian(
│   topography_flag = ClimaAtmos.UseDerivative(),
│   diffusion_flag = ClimaAtmos.UseDerivative(),
│   sgs_advection_flag = ClimaAtmos.UseDerivative(),
│   sgs_entr_detr_flag = ClimaAtmos.UseDerivative(),
│   sgs_mass_flux_flag = ClimaAtmos.UseDerivative(),
│   sgs_nh_pressure_flag = ClimaAtmos.UseDerivative(),
│   sgs_vertdiff_flag = ClimaAtmos.UseDerivative(),
│   approximate_solve_iters = 2,
└ )
┌ Info: Jacobian algorithm: ManualSparseJacobian(
│   topography_flag = ClimaAtmos.UseDerivative(),
│   diffusion_flag = ClimaAtmos.UseDerivative(),
│   sgs_advection_flag = ClimaAtmos.UseDerivative(),
│   sgs_entr_detr_flag = ClimaAtmos.UseDerivative(),
│   sgs_mass_flux_flag = ClimaAtmos.UseDerivative(),
│   sgs_nh_pressure_flag = ClimaAtmos.UseDerivative(),
│   sgs_vertdiff_flag = ClimaAtmos.UseDerivative(),
│   approximate_solve_iters = 2,
└ )
┌ Warning: Setting surface albedo to 0.38 at the beginning of the simulation
└ @ ClimaAtmos ~/calkit/clima-gpu-profiling/ClimaAtmos.jl-mod/src/cache/surface_albedo.jl:120
[ Info: init integrator: 159.011 s (272002307 allocations: 14.5 GiB)
[ Info: Added diagnostics: 14.001 s (12824191 allocations: 659.82 MiB)
[ Info: ClimaCoupler.Interfacer.AMIPMode
┌ Info: ClimaLand: using land IC file
└   ic_path = "/net/sampo/data1/ClimaArtifacts/artifacts/soil_ic_2008_50m/soil_ic_2008_50m.nc"
┌ Info: PrescribedOcean: using SST file
└   sst_data = "/net/sampo/data1/ClimaArtifacts/artifacts/historical_sst_sic/MODEL.SST.HAD187001-198110.OI198111-202206.nc"
┌ Info: PrescribedIce: using SIC file
└   sic_data = "/net/sampo/data1/ClimaArtifacts/artifacts/historical_sst_sic/MODEL.ICE.HAD187001-198110.OI198111-202206.nc"
┌ Info: PrescribedIce: ISTL1 not in file, using constant initialization
└   file = "/net/sampo/data1/ClimaArtifacts/artifacts/historical_sst_sic/MODEL.ICE.HAD187001-198110.OI198111-202206.nc"
[ Info: Component models initialized: (:atmos_sim, :ice_sim, :land_sim, :ocean_sim)
[ Info: Using default coupler diagnostics
┌ Warning: `update_field!` is not extended for the `liquid_precipitation` field of PrescribedIceSimulation: skipping update.
└ @ ClimaCoupler.Interfacer ~/calkit/clima-gpu-profiling/ClimaCoupler.jl-mod/src/Interfacer.jl:358
┌ Warning: Setting surface albedo to 0.38 at the beginning of the simulation
└ @ ClimaAtmos ~/calkit/clima-gpu-profiling/ClimaAtmos.jl-mod/src/cache/surface_albedo.jl:120
[ Info: Memory in use: 11.598 GiB
[ Info: Starting coupling loop
┌ Info: Progress
│   simulation_time = "2 minutes"
│   n_steps_completed = 4
│   wall_time_per_step = "0 seconds"
│   wall_time_total = "0 seconds"
│   wall_time_remaining = "0 seconds"
│   wall_time_spent = "0 seconds"
│   percent_complete = "10.0%"
│   estimated_sypd = "Inf"
│   date_now = 2026-05-04T16:16:41.921
└   estimated_finish_date = 2026-05-04T16:16:41.921
┌ Info: Progress
│   simulation_time = "3 minutes"
│   n_steps_completed = 6
│   wall_time_per_step = "461 milliseconds, 80 microseconds"
│   wall_time_total = "18 seconds, 443 milliseconds"
│   wall_time_remaining = "15 seconds, 676 milliseconds"
│   wall_time_spent = "2 seconds, 766 milliseconds"
│   percent_complete = "15.0%"
│   estimated_sypd = "0.178"
│   date_now = 2026-05-04T16:16:42.979
└   estimated_finish_date = 2026-05-04T16:16:58.979
┌ Info: Progress
│   simulation_time = "4 minutes"
│   n_steps_completed = 8
│   wall_time_per_step = "472 milliseconds, 603 microseconds"
│   wall_time_total = "18 seconds, 904 milliseconds"
│   wall_time_remaining = "15 seconds, 123 milliseconds"
│   wall_time_spent = "3 seconds, 780 milliseconds"
│   percent_complete = "20.0%"
│   estimated_sypd = "0.174"
│   date_now = 2026-05-04T16:16:43.808
└   estimated_finish_date = 2026-05-04T16:16:59.808
┌ Info: Progress
│   simulation_time = "5 minutes"
│   n_steps_completed = 10
│   wall_time_per_step = "460 milliseconds, 739 microseconds"
│   wall_time_total = "18 seconds, 429 milliseconds"
│   wall_time_remaining = "13 seconds, 822 milliseconds"
│   wall_time_spent = "4 seconds, 607 milliseconds"
│   percent_complete = "25.0%"
│   estimated_sypd = "0.178"
│   date_now = 2026-05-04T16:16:44.635
└   estimated_finish_date = 2026-05-04T16:16:58.635
┌ Info: Progress
│   simulation_time = "6 minutes"
│   n_steps_completed = 12
│   wall_time_per_step = "453 milliseconds, 76 microseconds"
│   wall_time_total = "18 seconds, 123 milliseconds"
│   wall_time_remaining = "12 seconds, 686 milliseconds"
│   wall_time_spent = "5 seconds, 436 milliseconds"
│   percent_complete = "30.0%"
│   estimated_sypd = "0.181"
│   date_now = 2026-05-04T16:16:45.464
└   estimated_finish_date = 2026-05-04T16:16:58.464
┌ Info: Progress
│   simulation_time = "7 minutes"
│   n_steps_completed = 14
│   wall_time_per_step = "447 milliseconds, 660 microseconds"
│   wall_time_total = "17 seconds, 906 milliseconds"
│   wall_time_remaining = "11 seconds, 639 milliseconds"
│   wall_time_spent = "6 seconds, 267 milliseconds"
│   percent_complete = "35.0%"
│   estimated_sypd = "0.183"
│   date_now = 2026-05-04T16:16:46.295
└   estimated_finish_date = 2026-05-04T16:16:58.294
┌ Info: Progress
│   simulation_time = "8 minutes"
│   n_steps_completed = 16
│   wall_time_per_step = "443 milliseconds, 576 microseconds"
│   wall_time_total = "17 seconds, 743 milliseconds"
│   wall_time_remaining = "10 seconds, 645 milliseconds"
│   wall_time_spent = "7 seconds, 97 milliseconds"
│   percent_complete = "40.0%"
│   estimated_sypd = "0.185"
│   date_now = 2026-05-04T16:16:47.125
└   estimated_finish_date = 2026-05-04T16:16:58.124
┌ Info: Progress
│   simulation_time = "9 minutes"
│   n_steps_completed = 18
│   wall_time_per_step = "440 milliseconds, 411 microseconds"
│   wall_time_total = "17 seconds, 616 milliseconds"
│   wall_time_remaining = "9 seconds, 689 milliseconds"
│   wall_time_spent = "7 seconds, 927 milliseconds"
│   percent_complete = "45.0%"
│   estimated_sypd = "0.186"
│   date_now = 2026-05-04T16:16:47.955
└   estimated_finish_date = 2026-05-04T16:16:57.955
┌ Info: Progress
│   simulation_time = "10 minutes"
│   n_steps_completed = 20
│   wall_time_per_step = "530 milliseconds, 937 microseconds"
│   wall_time_total = "21 seconds, 237 milliseconds"
│   wall_time_remaining = "10 seconds, 618 milliseconds"
│   wall_time_spent = "10 seconds, 618 milliseconds"
│   percent_complete = "50.0%"
│   estimated_sypd = "0.155"
│   date_now = 2026-05-04T16:16:50.646
└   estimated_finish_date = 2026-05-04T16:17:01.646
┌ Info: Progress
│   simulation_time = "11 minutes"
│   n_steps_completed = 22
│   wall_time_per_step = "520 milliseconds, 499 microseconds"
│   wall_time_total = "20 seconds, 819 milliseconds"
│   wall_time_remaining = "9 seconds, 368 milliseconds"
│   wall_time_spent = "11 seconds, 450 milliseconds"
│   percent_complete = "55.0%"
│   estimated_sypd = "0.158"
│   date_now = 2026-05-04T16:16:51.478
└   estimated_finish_date = 2026-05-04T16:17:01.478
┌ Info: Progress
│   simulation_time = "12 minutes"
│   n_steps_completed = 24
│   wall_time_per_step = "511 milliseconds, 737 microseconds"
│   wall_time_total = "20 seconds, 469 milliseconds"
│   wall_time_remaining = "8 seconds, 187 milliseconds"
│   wall_time_spent = "12 seconds, 281 milliseconds"
│   percent_complete = "60.0%"
│   estimated_sypd = "0.161"
│   date_now = 2026-05-04T16:16:52.309
└   estimated_finish_date = 2026-05-04T16:17:01.309
┌ Info: Progress
│   simulation_time = "13 minutes"
│   n_steps_completed = 26
│   wall_time_per_step = "504 milliseconds, 731 microseconds"
│   wall_time_total = "20 seconds, 189 milliseconds"
│   wall_time_remaining = "7 seconds, 66 milliseconds"
│   wall_time_spent = "13 seconds, 123 milliseconds"
│   percent_complete = "65.0%"
│   estimated_sypd = "0.163"
│   date_now = 2026-05-04T16:16:53.150
└   estimated_finish_date = 2026-05-04T16:17:01.150
┌ Info: Progress
│   simulation_time = "14 minutes"
│   n_steps_completed = 28
│   wall_time_per_step = "498 milliseconds, 362 microseconds"
│   wall_time_total = "19 seconds, 934 milliseconds"
│   wall_time_remaining = "5 seconds, 980 milliseconds"
│   wall_time_spent = "13 seconds, 954 milliseconds"
│   percent_complete = "70.0%"
│   estimated_sypd = "0.165"
│   date_now = 2026-05-04T16:16:53.981
└   estimated_finish_date = 2026-05-04T16:16:59.981
┌ Info: Progress
│   simulation_time = "15 minutes"
│   n_steps_completed = 30
│   wall_time_per_step = "492 milliseconds, 855 microseconds"
│   wall_time_total = "19 seconds, 714 milliseconds"
│   wall_time_remaining = "4 seconds, 928 milliseconds"
│   wall_time_spent = "14 seconds, 785 milliseconds"
│   percent_complete = "75.0%"
│   estimated_sypd = "0.167"
│   date_now = 2026-05-04T16:16:54.813
└   estimated_finish_date = 2026-05-04T16:16:59.813
┌ Info: Progress
│   simulation_time = "16 minutes"
│   n_steps_completed = 32
│   wall_time_per_step = "488 milliseconds, 17 microseconds"
│   wall_time_total = "19 seconds, 520 milliseconds"
│   wall_time_remaining = "3 seconds, 904 milliseconds"
│   wall_time_spent = "15 seconds, 616 milliseconds"
│   percent_complete = "80.0%"
│   estimated_sypd = "0.168"
│   date_now = 2026-05-04T16:16:55.644
└   estimated_finish_date = 2026-05-04T16:16:59.644
┌ Info: Progress
│   simulation_time = "17 minutes"
│   n_steps_completed = 34
│   wall_time_per_step = "483 milliseconds, 802 microseconds"
│   wall_time_total = "19 seconds, 352 milliseconds"
│   wall_time_remaining = "2 seconds, 902 milliseconds"
│   wall_time_spent = "16 seconds, 449 milliseconds"
│   percent_complete = "85.0%"
│   estimated_sypd = "0.17"
│   date_now = 2026-05-04T16:16:56.477
└   estimated_finish_date = 2026-05-04T16:16:59.477
┌ Info: Progress
│   simulation_time = "18 minutes"
│   n_steps_completed = 36
│   wall_time_per_step = "480 milliseconds, 15 microseconds"
│   wall_time_total = "19 seconds, 200 milliseconds"
│   wall_time_remaining = "1 second, 920 milliseconds"
│   wall_time_spent = "17 seconds, 280 milliseconds"
│   percent_complete = "90.0%"
│   estimated_sypd = "0.171"
│   date_now = 2026-05-04T16:16:57.308
└   estimated_finish_date = 2026-05-04T16:16:59.308
┌ Info: Progress
│   simulation_time = "19 minutes"
│   n_steps_completed = 38
│   wall_time_per_step = "476 milliseconds, 685 microseconds"
│   wall_time_total = "19 seconds, 67 milliseconds"
│   wall_time_remaining = "953 milliseconds, 370 microseconds"
│   wall_time_spent = "18 seconds, 114 milliseconds"
│   percent_complete = "95.0%"
│   estimated_sypd = "0.172"
│   date_now = 2026-05-04T16:16:58.141
└   estimated_finish_date = 2026-05-04T16:16:59.141
┌ Info: Progress
│   simulation_time = "20 minutes"
│   n_steps_completed = 40
│   wall_time_per_step = "520 milliseconds, 399 microseconds"
│   wall_time_total = "20 seconds, 815 milliseconds"
│   wall_time_remaining = "0 seconds"
│   wall_time_spent = "20 seconds, 815 milliseconds"
│   percent_complete = "100.0%"
│   estimated_sypd = "0.158"
│   date_now = 2026-05-04T16:17:00.843
└   estimated_finish_date = 2026-05-04T16:17:00.843
[ Info: Simulation took 19.828133 seconds
[ Info: SYPD: 0.1656949247801579
[ Info: Walltime per coupling step: 0.4957033
[ Info: Using Atmos configuration from ClimaCoupler in config/atmos_configs/climaatmos_progedmf_1m.yml
[ Info: Dict{Any, Any}("sleve_eta" => 0.7, "use_coupler_diagnostics" => true, "era5_diurnal_warming" => nothing, "dt" => "30secs", "prognostic_tke" => true, "use_newton_rtol" => false, "netcdf_output_at_levels" => true, "microphysics_model" => "1M", "output_dir_style" => "ActiveLink", "external_forcing" => nothing, "device" => "auto", "t_end" => "1200secs", "c_amd" => 0.29, "scm_surface_type" => "ocean", "y_elem" => 6, "z_stretch" => true, "extra_atmos_diagnostics" => Dict{Any, Any}[], "forcing" => nothing, "edmfx_nh_pressure" => true, "era5_initial_condition_dir" => nothing, "conservation_softfail" => false, "check_steady_state" => false, "restart_cache" => true, "update_jacobian_every" => "solve", "test_dycore_consistency" => false, "add_isothermal_boundary_layer" => true, "use_itime" => true, "rad" => "allskywithclear", "share_surface_space" => true, "binary_area_fraction" => true, "cloud_model" => "quadrature", "initial_condition" => "DecayingProfile", "krylov_rtol" => 0.1, "eisenstat_walker_forcing_alpha" => 2.0, "dt_cloud_fraction" => "1hours", "surface_setup" => "PrescribedSurface", "jvp_step_adjustment" => 1.0, "insolation" => "timevarying", "log_progress" => true, "site_latitude" => 17.0, "h_elem" => 16, "implicit_sgs_nh_pressure" => true, "coupler_toml" => ["/home/pbachant/calkit/clima-gpu-profiling/ClimaCoupler.jl-mod/toml/amip_progedmf_1m.toml"], "netcdf_interpolation_num_points" => nothing, "coupler_output_dir" => "output", "z_max" => 60000.0, "atmos_log_progress" => false, "edmfx_filter" => true, "debug_jacobian" => false, "job_id" => "gpu_amip_progedmf_1M_land_he16_mod", "sst_adjustment" => 0.0, "log_to_file" => false, "orographic_gravity_wave" => "raw_topo", "dt_rad" => "600secs", "simple_ocean" => false, "edmfx_upwinding" => "first_order", "tracer_upwinding" => "vanleer_limiter", "nh_poly" => 3, "edmfx_sgs_diffusive_flux" => true, "y_max" => 300000.0, "non_orographic_gravity_wave" => true, "print_config_dict" => true, "save_cache" => true, "max_newton_iters_ode_subproblem" => 0, "topography_damping_factor" => 5, "config" => "sphere", "hyperdiffusion_prandtl_number" => 0.2, "reproducibility_test" => false, "component_dt_dict" => Dict("dt_atmos" => 30.0, "dt_land" => 30.0, "dt_seaice" => 30.0, "dt_ocean" => 30.0), "check_conservation" => false, "rmse_check" => false, "land_spun_up_ic" => true, "vertical_water_borrowing_species" => nothing, "auto_jacobian_padding_bands" => nothing, "sgs_distribution" => "lognormal", "implicit_diffusion" => true, "z_elem" => 63, "implicit_sgs_entr_detr" => true, "ocean_model" => "prescribed", "use_auto_jacobian" => false, "disable_surface_flux_tendency" => false, "cfsite_number" => "site23", "dt_ogw" => "1800secs", "turbconv" => "prognostic_edmfx", "x_elem" => 6, "idealized_clouds" => false, "edmfx_mse_q_tot_upwinding" => "first_order", "check_nan_every" => 1024, "ice_model" => "prescribed", "subsidence" => nothing, "use_dynamic_krylov_rtol" => false, "lai_source" => "modis_monthly", "reproducible_restart" => false, "toml" => ["toml/longrun_aquaplanet_diagedmf.toml"], "mesh_warp_type" => "SLEVE", "edmfx_detr_model" => "Generalized", "external_forcing_file" => nothing, "cloud_nn_architecture" => "arch_2layers_8nodes.jld2", "topo_smoothing" => true, "hyperdiff" => "Hyperdiffusion", "output_dir" => nothing, "constant_horizontal_diffusion" => false, "apply_sem_quasimonotone_limiter" => false, "scm_coriolis" => nothing, "bubble" => false, "ode_algo" => "ARS343", "max_newton_iters_ode" => 3, "start_date" => "20100101", "time_varying_trace_gases" => ["CO2", "O3"], "netcdf_horizontal_method" => "bilinear", "use_dense_jacobian" => false, "detect_restart_file" => false, "prognostic_surface" => "false", "edmfx_vertical_diffusion" => true, "restart_file" => nothing, "unique_seed" => false, "rayleigh_sponge" => true, "edmfx_tracer_upwinding" => "first_order", "divergence_damping_factor" => 5.0, "edmfx_entr_model" => "PiGroups", "energy_check" => false, "land_model" => "integrated", "use_land_diagnostics" => true, "idealized_h2o" => false, "perturb_initstate" => true, "implicit_sgs_advection" => true, "edmfx_scale_blending" => "SmoothMinimum", "t_start" => "0secs", "land_fraction_source" => "etopo", "dz_bottom" => 30.0, "dt_save_state_to_disk" => "30days", "restart_t" => nothing, "advection_test" => false, "dt_cpl" => "30secs", "checkpoint_dt" => "366days", "topography" => "Earth", "aerosol_radiation" => true, "reference_job_id" => nothing, "perf_summary" => false, "vorticity_hyperdiffusion_coefficient" => 0.1857, "implicit_sgs_mass_flux" => true, "viscous_sponge" => true, "strict_params" => true, "config_file" => "ClimaCoupler.jl-mod/config/benchmark_configs/amip_progedmf_1m_land_he16.yml", "bucket_initial_condition" => "", "domain_type" => "global", "approximate_linear_solve_iters" => 2, "smagorinsky_lilly" => nothing, "enable_diagnostics" => true, "tracer_nonnegativity_method" => nothing, "site_longitude" => -149.0, "evolving_ocean" => true, "implicit_sgs_vertdiff" => true, "prescribe_clouds_in_radiation" => false, "albedo_model" => "CouplerAlbedo", "quadrature_order" => 3, "FLOAT_TYPE" => "Float32", "deep_atmosphere" => true, "split_ode" => true, "amd_les" => false, "updraft_number" => 1, "restart_dir" => nothing, "detect_restart_files" => false, "column_latlon" => [0.0, 0.0], "ls_adv" => nothing, "energy_q_tot_upwinding" => "vanleer_limiter", "prescribed_aerosols" => ["CB1", "CB2", "DST01", "DST02", "DST03", "DST04", "DST05", "OC1", "OC2", "SO4", "SSLT01", "SSLT02", "SSLT03", "SSLT04", "SSLT05"], "dt_nogw" => "1800secs", "output_default_diagnostics" => true, "edmfx_sgs_mass_flux" => true, "x_max" => 300000.0, "radiation_reset_rng_seed" => true, "newton_rtol" => 1.0e-5, "atmos_config_file" => "config/atmos_configs/climaatmos_progedmf_1m.yml", "edmfx_sgsflux_upwinding" => "none", "mode_name" => "amip", "land_temperature_anomaly" => "aquaplanet", "use_sgs_quadrature" => false, "bucket_albedo_type" => "map_static", "vert_diff" => "false", "use_krylov_method" => false, "sleve_s" => 10.0, "implicit_microphysics" => true, "prescribed_flow" => nothing)
[ Info: Using Atmos configuration from ClimaCoupler in config/atmos_configs/climaatmos_progedmf_1m.yml
[ Info: Dict{Any, Any}("sleve_eta" => 0.7, "use_coupler_diagnostics" => true, "era5_diurnal_warming" => nothing, "dt" => "30secs", "prognostic_tke" => true, "use_newton_rtol" => false, "netcdf_output_at_levels" => true, "microphysics_model" => "1M", "output_dir_style" => "ActiveLink", "external_forcing" => nothing, "device" => "auto", "t_end" => "1200secs", "c_amd" => 0.29, "scm_surface_type" => "ocean", "y_elem" => 6, "z_stretch" => true, "extra_atmos_diagnostics" => Dict{Any, Any}[], "forcing" => nothing, "edmfx_nh_pressure" => true, "era5_initial_condition_dir" => nothing, "conservation_softfail" => false, "check_steady_state" => false, "restart_cache" => true, "update_jacobian_every" => "solve", "test_dycore_consistency" => false, "add_isothermal_boundary_layer" => true, "use_itime" => true, "rad" => "allskywithclear", "share_surface_space" => true, "binary_area_fraction" => true, "cloud_model" => "quadrature", "initial_condition" => "DecayingProfile", "krylov_rtol" => 0.1, "eisenstat_walker_forcing_alpha" => 2.0, "dt_cloud_fraction" => "1hours", "surface_setup" => "PrescribedSurface", "jvp_step_adjustment" => 1.0, "insolation" => "timevarying", "log_progress" => true, "site_latitude" => 17.0, "h_elem" => 16, "implicit_sgs_nh_pressure" => true, "coupler_toml" => ["/home/pbachant/calkit/clima-gpu-profiling/ClimaCoupler.jl-mod/toml/amip_progedmf_1m.toml"], "netcdf_interpolation_num_points" => nothing, "coupler_output_dir" => "output", "z_max" => 60000.0, "atmos_log_progress" => false, "edmfx_filter" => true, "debug_jacobian" => false, "job_id" => "gpu_amip_progedmf_1M_land_he16_mod", "sst_adjustment" => 0.0, "log_to_file" => false, "orographic_gravity_wave" => "raw_topo", "dt_rad" => "600secs", "simple_ocean" => false, "edmfx_upwinding" => "first_order", "tracer_upwinding" => "vanleer_limiter", "nh_poly" => 3, "edmfx_sgs_diffusive_flux" => true, "y_max" => 300000.0, "non_orographic_gravity_wave" => true, "print_config_dict" => true, "save_cache" => true, "max_newton_iters_ode_subproblem" => 0, "topography_damping_factor" => 5, "config" => "sphere", "hyperdiffusion_prandtl_number" => 0.2, "reproducibility_test" => false, "component_dt_dict" => Dict("dt_atmos" => 30.0, "dt_land" => 30.0, "dt_seaice" => 30.0, "dt_ocean" => 30.0), "check_conservation" => false, "rmse_check" => false, "land_spun_up_ic" => true, "vertical_water_borrowing_species" => nothing, "auto_jacobian_padding_bands" => nothing, "sgs_distribution" => "lognormal", "implicit_diffusion" => true, "z_elem" => 63, "implicit_sgs_entr_detr" => true, "ocean_model" => "prescribed", "use_auto_jacobian" => false, "disable_surface_flux_tendency" => false, "cfsite_number" => "site23", "dt_ogw" => "1800secs", "turbconv" => "prognostic_edmfx", "x_elem" => 6, "idealized_clouds" => false, "edmfx_mse_q_tot_upwinding" => "first_order", "check_nan_every" => 1024, "ice_model" => "prescribed", "subsidence" => nothing, "use_dynamic_krylov_rtol" => false, "lai_source" => "modis_monthly", "reproducible_restart" => false, "toml" => ["toml/longrun_aquaplanet_diagedmf.toml"], "mesh_warp_type" => "SLEVE", "edmfx_detr_model" => "Generalized", "external_forcing_file" => nothing, "cloud_nn_architecture" => "arch_2layers_8nodes.jld2", "topo_smoothing" => true, "hyperdiff" => "Hyperdiffusion", "output_dir" => nothing, "constant_horizontal_diffusion" => false, "apply_sem_quasimonotone_limiter" => false, "scm_coriolis" => nothing, "bubble" => false, "ode_algo" => "ARS343", "max_newton_iters_ode" => 3, "start_date" => "20100101", "time_varying_trace_gases" => ["CO2", "O3"], "netcdf_horizontal_method" => "bilinear", "use_dense_jacobian" => false, "detect_restart_file" => false, "prognostic_surface" => "false", "edmfx_vertical_diffusion" => true, "restart_file" => nothing, "unique_seed" => false, "rayleigh_sponge" => true, "edmfx_tracer_upwinding" => "first_order", "divergence_damping_factor" => 5.0, "edmfx_entr_model" => "PiGroups", "energy_check" => false, "land_model" => "integrated", "use_land_diagnostics" => true, "idealized_h2o" => false, "perturb_initstate" => true, "implicit_sgs_advection" => true, "edmfx_scale_blending" => "SmoothMinimum", "t_start" => "0secs", "land_fraction_source" => "etopo", "dz_bottom" => 30.0, "dt_save_state_to_disk" => "30days", "restart_t" => nothing, "advection_test" => false, "dt_cpl" => "30secs", "checkpoint_dt" => "366days", "topography" => "Earth", "aerosol_radiation" => true, "reference_job_id" => nothing, "perf_summary" => false, "vorticity_hyperdiffusion_coefficient" => 0.1857, "implicit_sgs_mass_flux" => true, "viscous_sponge" => true, "strict_params" => true, "config_file" => "ClimaCoupler.jl-mod/config/benchmark_configs/amip_progedmf_1m_land_he16.yml", "bucket_initial_condition" => "", "domain_type" => "global", "approximate_linear_solve_iters" => 2, "smagorinsky_lilly" => nothing, "enable_diagnostics" => true, "tracer_nonnegativity_method" => nothing, "site_longitude" => -149.0, "evolving_ocean" => true, "implicit_sgs_vertdiff" => true, "prescribe_clouds_in_radiation" => false, "albedo_model" => "CouplerAlbedo", "quadrature_order" => 3, "FLOAT_TYPE" => "Float32", "deep_atmosphere" => true, "split_ode" => true, "amd_les" => false, "updraft_number" => 1, "restart_dir" => nothing, "detect_restart_files" => false, "column_latlon" => [0.0, 0.0], "ls_adv" => nothing, "energy_q_tot_upwinding" => "vanleer_limiter", "prescribed_aerosols" => ["CB1", "CB2", "DST01", "DST02", "DST03", "DST04", "DST05", "OC1", "OC2", "SO4", "SSLT01", "SSLT02", "SSLT03", "SSLT04", "SSLT05"], "dt_nogw" => "1800secs", "output_default_diagnostics" => true, "edmfx_sgs_mass_flux" => true, "x_max" => 300000.0, "radiation_reset_rng_seed" => true, "newton_rtol" => 1.0e-5, "atmos_config_file" => "config/atmos_configs/climaatmos_progedmf_1m.yml", "edmfx_sgsflux_upwinding" => "none", "mode_name" => "amip", "land_temperature_anomaly" => "aquaplanet", "use_sgs_quadrature" => false, "bucket_albedo_type" => "map_static", "vert_diff" => "false", "use_krylov_method" => false, "sleve_s" => 10.0, "implicit_microphysics" => true, "prescribed_flow" => nothing)
[ Info: Plotting diagnostics for coupler, atmos, land, and ocean
[ Info: plotting debug in output/gpu_amip_progedmf_1M_land_he16_mod/artifacts
