Loading climacommon/2025_05_15
  Loading requirement: climaauth/2025_05_15 openmpi/4.1.5-mpitrampoline
    julia/1.11.5 cuda/julia-pref
┌ Warning: CUDA runtime library `libcublasLt.so.13` was loaded from a system path, `/usr/local/cuda/lib64/libcublasLt.so.13`.
│ This may cause errors.
│ 
│ If you're running under a profiler, this situation is expected. Otherwise,
│ ensure that your library path environment variable (e.g., `PATH` on Windows
│ or `LD_LIBRARY_PATH` on Linux) does not include CUDA library paths.
│ 
│ In any other case, please file an issue.
└ @ CUDA ~/.julia/packages/CUDA/TPbi4/src/initialization.jl:218
┌ Warning: CUDA runtime library `libnvJitLink.so.13` was loaded from a system path, `/usr/local/cuda/lib64/libnvJitLink.so.13`.
│ This may cause errors.
│ 
│ If you're running under a profiler, this situation is expected. Otherwise,
│ ensure that your library path environment variable (e.g., `PATH` on Windows
│ or `LD_LIBRARY_PATH` on Linux) does not include CUDA library paths.
│ 
│ In any other case, please file an issue.
└ @ CUDA ~/.julia/packages/CUDA/TPbi4/src/initialization.jl:218
┌ Warning: CUDA runtime library `libcusparse.so.12` was loaded from a system path, `/usr/local/cuda/lib64/libcusparse.so.12`.
│ This may cause errors.
│ 
│ If you're running under a profiler, this situation is expected. Otherwise,
│ ensure that your library path environment variable (e.g., `PATH` on Windows
│ or `LD_LIBRARY_PATH` on Linux) does not include CUDA library paths.
│ 
│ In any other case, please file an issue.
└ @ CUDA ~/.julia/packages/CUDA/TPbi4/src/initialization.jl:218
Status `~/calkit/clima-gpu-profiling/ClimaCoupler.jl-mod/experiments/ClimaEarth/Project.toml`
  [c7e460c6] ArgParse v1.2.0
⌃ [052768ef] CUDA v5.8.5
  [159f3aea] Cairo v1.1.1
⌃ [13f3f980] CairoMakie v0.12.18
  [29b5916a] ClimaAnalysis v0.5.20
  [b2c96348] ClimaAtmos v0.33.2
⌅ [4347a170] ClimaCalibrate v0.1.4
  [3a4d1b5c] ClimaComms v0.6.10
  [d414da3d] ClimaCore v0.14.45 `../../../ClimaCore.jl-mod`
  [908f55d8] ClimaCoreMakie v0.4.6
  [4ade58fe] ClimaCoupler v0.1.2 `../..`
⌅ [1ecacbb8] ClimaDiagnostics v0.2.15
  [08f4d4ce] ClimaLand v1.3.0
⌃ [0376089a] ClimaOcean v0.8.7
  [5c42b081] ClimaParams v1.0.10
⌃ [6ba0ff68] ClimaSeaIce v0.3.10
  [595c0a79] ClimaTimeSteppers v0.8.5 `https://github.com/CliMA/ClimaTimesteppers.jl#pb/rm-nvtx`
  [b3f4f4ca] ClimaUtilities v0.1.27
  [aa8a2aa5] EnsembleKalmanProcesses v2.6.0
⌃ [db073c08] GeoMakie v0.7.12
⌅ [e98cc03f] Insolation v0.10.2
⌅ [a98d9a8b] Interpolations v0.15.1
  [033835bb] JLD2 v0.6.3
  [63c18a36] KernelAbstractions v0.9.39
⌅ [ee78f7c6] Makie v0.21.18
  [85f8d34a] NCDatasets v0.14.10
⌅ [9e8cae18] Oceananigans v0.100.7
⌅ [08abe8d2] PrettyTables v2.4.0
  [1bc83da4] SafeTestsets v0.1.0
⌅ [0bca4576] SciMLBase v2.112.0
  [90137ffa] StaticArrays v1.9.16
⌅ [49b00bb7] SurfaceFluxes v0.14.2
⌅ [b60c26fb] Thermodynamics v0.15.2
  [ddb6d928] YAML v0.4.16
⌅ [9c32591e] Poppler_jll v24.6.0+0
Info Packages marked with ⌃ and ⌅ have new versions available. Those with ⌃ may be upgradable, but those with ⌅ are restricted by compatibility constraints from upgrading. To see why use `status --outdated`
==PROF== Connected to process 3809387 (/clima/software/julia/julia-1.11.5/bin/julia)
┌ Warning: CUDA runtime library `libcublasLt.so.13` was loaded from a system path, `/usr/local/cuda/lib64/libcublasLt.so.13`.
│ This may cause errors.
│ 
│ If you're running under a profiler, this situation is expected. Otherwise,
│ ensure that your library path environment variable (e.g., `PATH` on Windows
│ or `LD_LIBRARY_PATH` on Linux) does not include CUDA library paths.
│ 
│ In any other case, please file an issue.
└ @ CUDA ~/.julia/packages/CUDA/TPbi4/src/initialization.jl:218
┌ Warning: CUDA runtime library `libnvJitLink.so.13` was loaded from a system path, `/usr/local/cuda/lib64/libnvJitLink.so.13`.
│ This may cause errors.
│ 
│ If you're running under a profiler, this situation is expected. Otherwise,
│ ensure that your library path environment variable (e.g., `PATH` on Windows
│ or `LD_LIBRARY_PATH` on Linux) does not include CUDA library paths.
│ 
│ In any other case, please file an issue.
└ @ CUDA ~/.julia/packages/CUDA/TPbi4/src/initialization.jl:218
┌ Warning: CUDA runtime library `libcusparse.so.12` was loaded from a system path, `/usr/local/cuda/lib64/libcusparse.so.12`.
│ This may cause errors.
│ 
│ If you're running under a profiler, this situation is expected. Otherwise,
│ ensure that your library path environment variable (e.g., `PATH` on Windows
│ or `LD_LIBRARY_PATH` on Linux) does not include CUDA library paths.
│ 
│ In any other case, please file an issue.
└ @ CUDA ~/.julia/packages/CUDA/TPbi4/src/initialization.jl:218
┌ Warning: CUDA runtime library `libnvperf_target.so` was loaded from a system path, `/opt/nvidia/nsight-compute/2025.3.1/target/linux-desktop-glibc_2_11_3-x64/./libnvperf_target.so`.
│ This may cause errors.
│ 
│ If you're running under a profiler, this situation is expected. Otherwise,
│ ensure that your library path environment variable (e.g., `PATH` on Windows
│ or `LD_LIBRARY_PATH` on Linux) does not include CUDA library paths.
│ 
│ In any other case, please file an issue.
└ @ CUDA ~/.julia/packages/CUDA/TPbi4/src/initialization.jl:218
[ Info: Active project: /home/pbachant/calkit/clima-gpu-profiling/ClimaCoupler.jl-mod/experiments/ClimaEarth
┌ Warning: You are using Julia v1.11 or later!"
│ Oceananigans is currently tested on Julia v1.10."
│ If you find issues with Julia v1.11 or later,"
│ please report at https://github.com/CliMA/Oceananigans.jl/issues/new
└ @ Oceananigans ~/.julia/packages/Oceananigans/A56vm/src/Oceananigans.jl:125
[ Info: Using Atmos configuration from ClimaCoupler in config/atmos_configs/climaatmos_progedmf_1m.yml
[ Info: Setting up single-process ClimaCoupler run on device: CUDADevice.
[ Info: Dict{Any, Any}("sleve_eta" => 0.7, "surface_thermo_state_type" => "GCMSurfaceThermoState", "use_coupler_diagnostics" => true, "era5_diurnal_warming" => nothing, "dt" => "30secs", "prognostic_tke" => true, "use_newton_rtol" => false, "netcdf_output_at_levels" => true, "output_dir_style" => "ActiveLink", "external_forcing" => nothing, "device" => "auto", "t_end" => "1200secs", "c_amd" => 0.29, "y_elem" => 6, "z_stretch" => true, "extra_atmos_diagnostics" => Dict{Any, Any}[], "forcing" => nothing, "edmfx_nh_pressure" => true, "era5_initial_condition_dir" => nothing, "conservation_softfail" => false, "check_steady_state" => false, "restart_cache" => true, "update_jacobian_every" => "solve", "test_dycore_consistency" => false, "add_isothermal_boundary_layer" => true, "use_itime" => true, "moist" => "nonequil", "rad" => "allskywithclear", "share_surface_space" => true, "binary_area_fraction" => true, "cloud_model" => "quadrature", "initial_condition" => "DecayingProfile", "krylov_rtol" => 0.1, "eisenstat_walker_forcing_alpha" => 2.0, "dt_cloud_fraction" => "1hours", "surface_setup" => "PrescribedSurface", "jvp_step_adjustment" => 1.0, "insolation" => "timevarying", "log_progress" => true, "site_latitude" => 17.0, "h_elem" => 16, "implicit_sgs_nh_pressure" => true, "coupler_toml" => ["/home/pbachant/calkit/clima-gpu-profiling/ClimaCoupler.jl-mod/toml/amip_progedmf_1m.toml"], "netcdf_interpolation_num_points" => nothing, "coupler_output_dir" => "output", "z_max" => 60000.0, "moisture_fixer" => false, "apply_limiter" => false, "precip_model" => "1M", "atmos_log_progress" => false, "surface_temperature" => "ZonallySymmetric", "debug_jacobian" => false, "edmfx_filter" => true, "job_id" => "amip_progedmf_1m_land_he16", "log_to_file" => false, "orographic_gravity_wave" => nothing, "dt_rad" => "600secs", "edmfx_upwinding" => "first_order", "tracer_upwinding" => "vanleer_limiter", "nh_poly" => 3, "edmfx_sgs_diffusive_flux" => true, "y_max" => 300000.0, "non_orographic_gravity_wave" => false, "print_config_dict" => true, "save_cache" => true, "topography_damping_factor" => 5, "config" => "sphere", "reproducibility_test" => false, "component_dt_dict" => Dict("dt_atmos" => 30.0, "dt_land" => 30.0, "dt_seaice" => 30.0, "dt_ocean" => 30.0), "check_conservation" => false, "rmse_check" => false, "land_spun_up_ic" => true, "auto_jacobian_padding_bands" => nothing, "implicit_diffusion" => true, "z_elem" => 63, "implicit_sgs_entr_detr" => true, "use_auto_jacobian" => false, "disable_surface_flux_tendency" => false, "cfsite_number" => "site23", "turbconv" => "prognostic_edmfx", "x_elem" => 6, "idealized_clouds" => false, "edmfx_mse_q_tot_upwinding" => "first_order", "check_nan_every" => 1024, "ice_model" => "prescribed", "subsidence" => nothing, "use_dynamic_krylov_rtol" => false, "reproducible_restart" => false, "toml" => ["toml/longrun_aquaplanet_diagedmf.toml"], "mesh_warp_type" => "SLEVE", "edmfx_detr_model" => "Generalized", "external_forcing_file" => nothing, "cloud_nn_architecture" => "arch_2layers_8nodes.jld2", "topo_smoothing" => true, "hyperdiff" => "CAM_SE", "output_dir" => nothing, "constant_horizontal_diffusion" => false, "scm_coriolis" => nothing, "bubble" => false, "ode_algo" => "ARS343", "max_newton_iters_ode" => 3, "start_date" => "20100101", "time_varying_trace_gases" => ["CO2", "O3"], "use_dense_jacobian" => false, "implicit_noneq_cloud_formation" => false, "scalar_hyperdiffusion_coefficient" => 0.929738, "prognostic_surface" => "false", "detect_restart_file" => false, "edmfx_vertical_diffusion" => true, "restart_file" => nothing, "unique_seed" => false, "rayleigh_sponge" => true, "edmfx_tracer_upwinding" => "first_order", "divergence_damping_factor" => 5.0, "edmfx_entr_model" => "Generalized", "energy_check" => false, "land_model" => "integrated", "use_land_diagnostics" => true, "idealized_h2o" => false, "perturb_initstate" => true, "implicit_sgs_advection" => true, "edmfx_scale_blending" => "SmoothMinimum", "discrete_hydrostatic_balance" => false, "t_start" => "0secs", "land_fraction_source" => "etopo", "dz_bottom" => 30.0, "dt_save_state_to_disk" => "30days", "restart_t" => nothing, "advection_test" => false, "dt_cpl" => "30secs", "checkpoint_dt" => "366days", "topography" => "Earth", "aerosol_radiation" => true, "reference_job_id" => nothing, "perf_summary" => false, "vorticity_hyperdiffusion_coefficient" => 0.1857, "implicit_sgs_mass_flux" => true, "call_cloud_diagnostics_per_stage" => false, "viscous_sponge" => true, "strict_params" => true, "config_file" => "ClimaCoupler.jl-mod/config/benchmark_configs/amip_progedmf_1m_land_he16.yml", "bucket_initial_condition" => "", "approximate_linear_solve_iters" => 2, "smagorinsky_lilly" => nothing, "enable_diagnostics" => true, "site_longitude" => -149.0, "evolving_ocean" => true, "implicit_sgs_vertdiff" => true, "prescribe_clouds_in_radiation" => false, "albedo_model" => "CouplerAlbedo", "FLOAT_TYPE" => "Float32", "deep_atmosphere" => true, "split_ode" => true, "amd_les" => false, "updraft_number" => 1, "restart_dir" => nothing, "detect_restart_files" => false, "ls_adv" => nothing, "energy_q_tot_upwinding" => "vanleer_limiter", "prescribed_aerosols" => ["CB1", "CB2", "DST01", "DST02", "DST03", "DST04", "DST05", "OC1", "OC2", "SO4", "SSLT01", "SSLT02", "SSLT03", "SSLT04", "SSLT05"], "dt_nogw" => "1800secs", "output_default_diagnostics" => true, "edmfx_sgs_mass_flux" => true, "x_max" => 300000.0, "radiation_reset_rng_seed" => true, "newton_rtol" => 1.0e-5, "atmos_config_file" => "config/atmos_configs/climaatmos_progedmf_1m.yml", "edmfx_sgsflux_upwinding" => "none", "mode_name" => "amip", "land_temperature_anomaly" => "aquaplanet", "bucket_albedo_type" => "map_static", "vert_diff" => "false", "use_krylov_method" => false, "sleve_s" => 10.0, "prescribed_flow" => nothing)
[ Info: Output directories output/amip_progedmf_1m_land_he16/output_0003
[ Info: Coupler artifacts directory output/amip_progedmf_1m_land_he16/artifacts
[ Info: Coupler checkpoint directory output/amip_progedmf_1m_land_he16/checkpoints
[ Info: Overwriting Atmos parameters from input TOML file(s): ["/home/pbachant/calkit/clima-gpu-profiling/ClimaCoupler.jl-mod/toml/amip_progedmf_1m.toml"]
┌ Warning: The configuration passed to ClimaAtmos contains unused keys: share_surface_space, binary_area_fraction, use_coupler_diagnostics, bucket_initial_condition, energy_check, use_land_diagnostics, land_model, edmfx_upwinding, atmos_config_file, mode_name, land_temperature_anomaly, evolving_ocean, bucket_albedo_type, save_cache, print_config_dict, land_fraction_source, extra_atmos_diagnostics, ice_model, coupler_toml, restart_t, coupler_output_dir, dt_cpl, checkpoint_dt, component_dt_dict, atmos_log_progress, conservation_softfail, restart_dir, restart_cache, detect_restart_files, rmse_check, land_spun_up_ic, config_file, unique_seed
└ @ ClimaAtmos ~/.julia/packages/ClimaAtmos/DthX8/src/solver/yaml_helper.jl:89
[ Info: Random seed set to 1234
┌ Warning: Removing output/amip_progedmf_1m_land_he16/output_0003/clima_atmos
└ @ ClimaUtilities.OutputPathGenerator ~/.julia/packages/ClimaUtilities/5ClV5/src/OutputPathGenerator.jl:157
[ Info: Running on CUDADevice
[ Info: Setting up single-process ClimaAtmos run
┌ Info: Time info:
│   dt = "30secs"
│   t_start = "0secs"
│   t_end = "1200secs"
└   floor_n_steps = 40
┌ Info: numerics 
│        `energy_q_tot_upwinding`::`Val{:vanleer_limiter}`
│              `tracer_upwinding`::`Val{:vanleer_limiter}`
│     `edmfx_mse_q_tot_upwinding`::`Val{:first_order}`
│       `edmfx_sgsflux_upwinding`::`Val{:none}`
│        `edmfx_tracer_upwinding`::`Val{:first_order}`
│       `test_dycore_consistency`::`Nothing`
│          `reproducible_restart`::`Nothing`
│                       `limiter`::`Nothing`
│                     `diff_mode`::`ClimaAtmos.Implicit`
└                     `hyperdiff`::`ClimaAtmos.ClimaHyperdiffusion{Float32}`
┌ Info: AtmosModel: 
│ 
│                             `water`::`ClimaAtmos.AtmosWater{ClimaAtmos.NonEquilMoistModel, ClimaAtmos.Microphysics1Moment, ClimaAtmos.QuadratureCloud{ClimaAtmos.SGSQuadrature{3, StaticArraysCore.SVector{3, Float32}, StaticArraysCore.SVector{3, Float32}}}, ClimaAtmos.Explicit, Nothing}`
│                         `scm_setup`::`ClimaAtmos.SCMSetup{Nothing, Nothing, Nothing, Bool, Nothing}`
│                         `radiation`::`ClimaAtmos.AtmosRadiation{ClimaAtmos.RRTMGPInterface.AllSkyRadiationWithClearSkyDiagnostics{ClimaAtmos.InteractiveCloudInRadiation}, ClimaAtmos.TimeVaryingInsolation}`
│                          `turbconv`::`ClimaAtmos.AtmosTurbconv{ClimaAtmos.EDMFXModel{ClimaAtmos.InvZEntrainment, ClimaAtmos.BuoyancyVelocityDetrainment, Val{true}, Val{true}, Val{true}, Val{true}, Val{true}, ClimaAtmos.SmoothMinimumBlending}, ClimaAtmos.PrognosticEDMFX{1, true, Float32}, ClimaAtmos.Implicit, ClimaAtmos.Implicit, ClimaAtmos.Implicit, ClimaAtmos.Implicit, ClimaAtmos.Implicit, Nothing, Nothing, Nothing}`
│                   `prescribed_flow`::`Nothing`
│                      `gravity_wave`::`ClimaAtmos.AtmosGravityWave{Nothing, Nothing}`
│                `vertical_diffusion`::`Nothing`
│                            `sponge`::`ClimaAtmos.AtmosSponge{ClimaAtmos.ViscousSponge{Float32}, ClimaAtmos.RayleighSponge{Float32}}`
│                           `surface`::`ClimaAtmos.AtmosSurface{ClimaAtmos.ZonallySymmetricSST, ClimaAtmos.PrescribedSST, ClimaAtmos.CouplerAlbedo}`
└                          `numerics`::`ClimaAtmos.AtmosNumerics{Val{:vanleer_limiter}, Val{:vanleer_limiter}, Val{:first_order}, Val{:none}, Val{:first_order}, Nothing, Nothing, Nothing, ClimaAtmos.Implicit, ClimaAtmos.ClimaHyperdiffusion{Float32}}`
┌ Info: Simulation info
│   job_id = "amip_progedmf_1m_land_he16"
└   output_dir = "output/amip_progedmf_1m_land_he16/output_0003/clima_atmos"
┌ Info: Simulation Grid: ExtrudedFiniteDifferenceGrid:
│   horizontal:
│     context: SingletonCommsContext using CUDADevice
│     mesh: 16×16×6-element EquiangularCubedSphere of SphereDomain: radius = 6.371e6
│     quadrature: 4-point Gauss-Legendre-Lobatto quadrature
│   vertical:
└     mesh: 63-element IntervalMesh of IntervalDomain: z ∈ [0.0,60000.0] (:bottom, :top)
[ Info: Allocating Y: 13.094 s (12805951 allocations: 612.64 MiB)
[ Info: Allocating cache (p): 391.309 s (435208221 allocations: 23.88 GiB)
[ Info: Using ODE config: `ClimaTimeSteppers.ARS343`
[ Info: ode_configuration: 656.411 ms (817950 allocations: 40.46 MiB)
[ Info: get_callbacks: 576.964 ms (773373 allocations: 39.29 MiB)
[ Info: Saving accumulated diagnostics to disk with frequency: 1 hour
[ Info: DictWriter: String[]
[ Info: HDF5Writer: String[]
[ Info: NetCDFWriter: ["orog_inst", "ts_1h_min", "ts_1h_max"]
[ Info: initializing diagnostics: 9.429 s (14638060 allocations: 758.13 MiB)
[ Info: Prepared SciMLBase.CallbackSet callbacks: 17.143 ms (561 allocations: 27.46 KiB)
[ Info: n_steps_per_cycle_per_cb (non diagnostics): Real[1024, 1, 120//1, 20//1]
[ Info: n_steps_per_cycle (non diagnostics): 15360//1
┌ Info: Jacobian algorithm: ManualSparseJacobian(
│   topography_flag = ClimaAtmos.UseDerivative(),
│   diffusion_flag = ClimaAtmos.UseDerivative(),
│   sgs_advection_flag = ClimaAtmos.UseDerivative(),
│   sgs_entr_detr_flag = ClimaAtmos.UseDerivative(),
│   sgs_mass_flux_flag = ClimaAtmos.UseDerivative(),
│   sgs_nh_pressure_flag = ClimaAtmos.UseDerivative(),
│   sgs_vertdiff_flag = ClimaAtmos.UseDerivative(),
│   approximate_solve_iters = 2,
└ )
┌ Warning: Setting surface albedo to 0.38 at the beginning of the simulation
└ @ Main ~/calkit/clima-gpu-profiling/ClimaCoupler.jl-mod/experiments/ClimaEarth/components/atmosphere/climaatmos.jl:110
[ Info: init integrator: 186.615 s (103966223 allocations: 6.36 GiB)
[ Info: Added diagnostics: 17.928 s (12870786 allocations: 628.29 MiB)
[ Info: AMIPMode
[ Info: AMIP/CMIP boundary conditions - do not expect energy conservation
┌ Info: ClimaLand: using land IC file
└   ic_path = "/home/pbachant/.julia/artifacts/cc2888b590f5158113b54c75eee3e2f797be8956/saturated_land_ic.nc"
┌ Info: PrescribedOcean: using SST file
└   sst_data = "/net/sampo/data1/ClimaArtifacts/artifacts/historical_sst_sic/MODEL.SST.HAD187001-198110.OI198111-202206.nc"
┌ Info: PrescribedIce: using SIC file
└   sic_data = "/net/sampo/data1/ClimaArtifacts/artifacts/historical_sst_sic/MODEL.ICE.HAD187001-198110.OI198111-202206.nc"
[ Info: Component models initialized: (:atmos_sim, :ice_sim, :land_sim, :ocean_sim)
[ Info: Using default coupler diagnostics
┌ Warning: `update_field!` is not extended for the `liquid_precipitation` field of PrescribedIceSimulation: skipping update.
└ @ ClimaCoupler.Interfacer ~/calkit/clima-gpu-profiling/ClimaCoupler.jl-mod/src/Interfacer.jl:326
┌ Warning: Setting surface albedo to 0.38 at the beginning of the simulation
└ @ Main ~/calkit/clima-gpu-profiling/ClimaCoupler.jl-mod/experiments/ClimaEarth/components/atmosphere/climaatmos.jl:110
[ Info: Memory in use: 15.683 GiB
[ Info: Using external CUDA profiler
[ Info: Step 1 / 3
[ Info: Step 2 / 3
[ Info: Step 3 / 3
┌ Info: Progress
│   simulation_time = "2 minutes"
│   n_steps_completed = 4
│   wall_time_per_step = "0 seconds"
│   wall_time_total = "0 seconds"
│   wall_time_remaining = "0 seconds"
│   wall_time_spent = "0 seconds"
│   percent_complete = "10.0%"
│   estimated_sypd = "Inf"
│   date_now = 2026-01-18T15:14:17.434
└   estimated_finish_date = 2026-01-18T15:14:17.434
==PROF== Disconnected from process 3809387
==WARNING== No kernels were profiled.
Available Kernels:
1. ClimaAtmosSimulation_FILE_ClimaCoupler_jl_mod_experiments_ClimaEarth_components_atmosphere_climaatmos_jl_L57
2. ClimaAtmosSimulation_FILE_ClimaCoupler_jl_mod_experiments_ClimaEarth_components_atmosphere_climaatmos_jl_L69
3. ClimaAtmosSimulation_FILE_ClimaCoupler_jl_mod_experiments_ClimaEarth_components_atmosphere_climaatmos_jl_L91
4. EnergyHydrology_FILE_ClimaLand_B2ZGC_src_standalone_Soil_Soil_jl_L252
5. PrognosticMet_FILE_ClimaLand_B2ZGC_src_integrated_soil_energy_hydrology_biogeochemistry_jl_L133
6. PrognosticMet_FILE_ClimaLand_B2ZGC_src_integrated_soil_energy_hydrology_biogeochemistry_jl_L135
7. _FILE_ClimaAtmos_DthX8_src_prognostic_equations_advection_jl_L478
8. _FILE_ClimaAtmos_DthX8_src_prognostic_equations_advection_jl_L480
9. _FILE_ClimaAtmos_DthX8_src_prognostic_equations_advection_jl_L494
10. _FILE_ClimaAtmos_DthX8_src_prognostic_equations_advection_jl_L501
11. _FILE_ClimaAtmos_DthX8_src_prognostic_equations_edmfx_entr_detr_jl_L573
12. _FILE_ClimaAtmos_DthX8_src_prognostic_equations_edmfx_sgs_flux_jl_L471
13. _FILE_ClimaAtmos_DthX8_src_prognostic_equations_hyperdiffusion_jl_L315
14. _FILE_ClimaAtmos_DthX8_src_prognostic_equations_implicit_manual_sparse_jacobian_jl_L1095
15. _FILE_ClimaAtmos_DthX8_src_prognostic_equations_implicit_manual_sparse_jacobian_jl_L1107
16. _FILE_ClimaAtmos_DthX8_src_prognostic_equations_implicit_manual_sparse_jacobian_jl_L1111
17. _FILE_ClimaAtmos_DthX8_src_prognostic_equations_implicit_manual_sparse_jacobian_jl_L1119
18. _FILE_ClimaAtmos_DthX8_src_prognostic_equations_implicit_manual_sparse_jacobian_jl_L1130
19. _FILE_ClimaAtmos_DthX8_src_prognostic_equations_implicit_manual_sparse_jacobian_jl_L1135
20. _FILE_ClimaAtmos_DthX8_src_prognostic_equations_implicit_manual_sparse_jacobian_jl_L1414
21. _FILE_ClimaAtmos_DthX8_src_prognostic_equations_implicit_manual_sparse_jacobian_jl_L1421
22. _FILE_ClimaAtmos_DthX8_src_prognostic_equations_implicit_manual_sparse_jacobian_jl_L1428
23. _FILE_ClimaAtmos_DthX8_src_prognostic_equations_implicit_manual_sparse_jacobian_jl_L1465
24. _FILE_ClimaAtmos_DthX8_src_prognostic_equations_implicit_manual_sparse_jacobian_jl_L1472
25. _FILE_ClimaAtmos_DthX8_src_prognostic_equations_implicit_manual_sparse_jacobian_jl_L1488
26. _FILE_ClimaAtmos_DthX8_src_prognostic_equations_implicit_manual_sparse_jacobian_jl_L1501
27. _FILE_ClimaAtmos_DthX8_src_prognostic_equations_implicit_manual_sparse_jacobian_jl_L1508
28. _FILE_ClimaAtmos_DthX8_src_prognostic_equations_implicit_manual_sparse_jacobian_jl_L527
29. _FILE_ClimaAtmos_DthX8_src_prognostic_equations_implicit_manual_sparse_jacobian_jl_L533
30. _FILE_ClimaAtmos_DthX8_src_prognostic_equations_implicit_manual_sparse_jacobian_jl_L643
31. _FILE_ClimaAtmos_DthX8_src_prognostic_equations_implicit_manual_sparse_jacobian_jl_L646
32. _FILE_ClimaAtmos_DthX8_src_prognostic_equations_implicit_manual_sparse_jacobian_jl_L653
33. _FILE_ClimaAtmos_DthX8_src_prognostic_equations_implicit_manual_sparse_jacobian_jl_L659
34. _FILE_ClimaAtmos_DthX8_src_prognostic_equations_remaining_tendency_jl_L223
35. _FILE_ClimaAtmos_DthX8_src_prognostic_equations_surface_flux_jl_L131
36. _FILE_ClimaAtmos_DthX8_src_prognostic_equations_surface_flux_jl_L133
37. _FILE_ClimaAtmos_DthX8_src_prognostic_equations_surface_flux_jl_L136
38. _FILE_ClimaAtmos_DthX8_src_prognostic_equations_surface_flux_jl_L144
39. _FILE_ClimaAtmos_DthX8_src_prognostic_equations_water_advection_jl_L105
40. _FILE_ClimaAtmos_DthX8_src_prognostic_equations_water_advection_jl_L118
41. _FILE_ClimaAtmos_DthX8_src_prognostic_equations_water_advection_jl_L67
42. _FILE_ClimaAtmos_DthX8_src_prognostic_equations_water_advection_jl_L71
43. _FILE_ClimaAtmos_DthX8_src_simulation_grids_jl_L68
44. _FILE_ClimaAtmos_DthX8_src_utils_variable_manipulations_jl_L179
45. _FILE_ClimaCoupler_jl_mod_experiments_ClimaEarth_components_land_climaland_helpers_jl_L84
46. _FILE_ClimaCoupler_jl_mod_experiments_ClimaEarth_components_land_climaland_integrated_jl_L165
47. _FILE_ClimaCoupler_jl_mod_experiments_ClimaEarth_components_land_climaland_integrated_jl_L173
48. _FILE_ClimaCoupler_jl_mod_experiments_ClimaEarth_components_land_climaland_integrated_jl_L251
49. _FILE_ClimaCoupler_jl_mod_experiments_ClimaEarth_components_ocean_prescr_ocean_jl_L109
50. _FILE_ClimaCoupler_jl_mod_experiments_ClimaEarth_components_ocean_prescr_seaice_jl_L181
51. _FILE_ClimaCoupler_jl_mod_experiments_ClimaEarth_components_ocean_prescr_seaice_jl_L184
52. _FILE_ClimaCoupler_jl_mod_experiments_ClimaEarth_components_ocean_prescr_seaice_jl_L187
53. _FILE_ClimaCoupler_jl_mod_experiments_ClimaEarth_components_ocean_prescr_seaice_jl_L191
54. _FILE_ClimaCoupler_jl_mod_src_Input_jl_L620
55. _FILE_ClimaCoupler_jl_mod_src_Input_jl_L621
56. _FILE_ClimaCoupler_jl_mod_src_Input_jl_L624
57. _FILE_ClimaDiagnostics_3h9MG_src_clima_diagnostics_jl_L188
58. _FILE_ClimaDiagnostics_3h9MG_src_netcdf_writer_jl_L181
59. _FILE_ClimaLand_B2ZGC_src_ClimaLand_jl_L147
60. _FILE_ClimaLand_B2ZGC_src_ClimaLand_jl_L148
61. _FILE_ClimaLand_B2ZGC_src_diagnostics_define_diagnostics_jl_L610
62. _FILE_ClimaLand_B2ZGC_src_diagnostics_define_diagnostics_jl_L683
63. _FILE_ClimaLand_B2ZGC_src_diagnostics_define_diagnostics_jl_L861
64. _FILE_ClimaLand_B2ZGC_src_diagnostics_define_diagnostics_jl_L937
65. _FILE_ClimaLand_B2ZGC_src_shared_utilities_models_jl_L397
66. _FILE_ClimaLand_B2ZGC_src_shared_utilities_models_jl_L398
67. _FILE_ClimaLand_B2ZGC_src_simulations_initial_conditions_jl_L189
68. _FILE_ClimaLand_B2ZGC_src_simulations_initial_conditions_jl_L190
69. _FILE_ClimaLand_B2ZGC_src_simulations_initial_conditions_jl_L191
70. _FILE_ClimaLand_B2ZGC_src_standalone_Soil_energy_hydrology_jl_L143
71. _FILE_ClimaLand_B2ZGC_src_standalone_Soil_energy_hydrology_jl_L160
72. _FILE_ClimaLand_B2ZGC_src_standalone_Soil_energy_hydrology_jl_L162
73. _FILE_ClimaLand_B2ZGC_src_standalone_Soil_energy_hydrology_jl_L164
74. _FILE_ClimaLand_B2ZGC_src_standalone_Soil_energy_hydrology_jl_L165
75. _FILE_ClimaLand_B2ZGC_src_standalone_Soil_energy_hydrology_jl_L166
76. _FILE_ClimaLand_B2ZGC_src_standalone_Soil_spatially_varying_parameters_jl_L180
77. _FILE_ClimaLand_B2ZGC_src_standalone_Soil_spatially_varying_parameters_jl_L182
78. _FILE_ClimaLand_B2ZGC_src_standalone_Soil_spatially_varying_parameters_jl_L186
79. _FILE_ClimaLand_B2ZGC_src_standalone_Soil_spatially_varying_parameters_jl_L223
80. _FILE_ClimaLand_B2ZGC_src_standalone_Soil_spatially_varying_parameters_jl_L311
81. _FILE_ClimaLand_B2ZGC_src_standalone_Soil_spatially_varying_parameters_jl_L312
82. _FILE_ClimaLand_B2ZGC_src_standalone_Soil_spatially_varying_parameters_jl_L368
83. _FILE_ClimaLand_B2ZGC_src_standalone_Vegetation_Canopy_jl_L1016
84. _FILE_ClimaLand_B2ZGC_src_standalone_Vegetation_Canopy_jl_L1017
85. _FILE_ClimaLand_B2ZGC_src_standalone_Vegetation_photosynthesis_farquhar_jl_L503
86. _FILE_ClimaLand_B2ZGC_src_standalone_Vegetation_radiation_jl_L317
87. _FILE_ClimaLand_B2ZGC_src_standalone_Vegetation_spatially_varying_parameters_jl_L80
88. _FILE_ClimaTimeSteppers_UDtux_src_solvers_imex_ark_jl_L136
89. _FILE_ClimaUtilities_5ClV5_ext_TimeVaryingInputsExt_jl_L425
90. _mixing_length_FILE_ClimaAtmos_DthX8_src_prognostic_equations_eddy_diffusion_closures_jl_L417
91. additional_tendency__NVTX
92. apply_hyperdiffusion_tendency__NVTX
93. apply_tracer_hyperdiffusion_tendency__NVTX
94. atmos_state_FILE_ClimaAtmos_DthX8_src_initial_conditions_atmos_state_jl_L12
95. boundary_flux__FILE_ClimaLand_B2ZGC_src_standalone_Soil_Biogeochemistry_Biogeochemistry_jl_L743
96. boundary_flux__FILE_ClimaLand_B2ZGC_src_standalone_Soil_Biogeochemistry_Biogeochemistry_jl_L807
97. build_cache_FILE_ClimaAtmos_DthX8_src_cache_cache_jl_L103
98. build_cache_FILE_ClimaAtmos_DthX8_src_cache_cache_jl_L104
99. build_cache_FILE_ClimaAtmos_DthX8_src_cache_cache_jl_L106
100. build_cache_FILE_ClimaAtmos_DthX8_src_cache_cache_jl_L115
101. build_cache_FILE_ClimaAtmos_DthX8_src_cache_cache_jl_L134
102. check_land_equality_FILE_ClimaLand_B2ZGC_src_shared_utilities_utils_jl_L36
103. check_land_equality_FILE_ClimaLand_B2ZGC_src_shared_utilities_utils_jl_L38
104. combine_surfaces__FILE_ClimaCoupler_jl_mod_src_FieldExchanger_jl_L334
105. combine_surfaces__FILE_ClimaCoupler_jl_mod_src_FieldExchanger_jl_L356
106. combine_surfaces__FILE_ClimaCoupler_jl_mod_src_FieldExchanger_jl_L362
107. combine_surfaces__FILE_ClimaCoupler_jl_mod_src_FieldExchanger_jl_L368
108. compute_10cm_water_mass__FILE_ClimaLand_B2ZGC_src_diagnostics_land_compute_methods_jl_L459
109. compute_10cm_water_mass__FILE_ClimaLand_B2ZGC_src_diagnostics_land_compute_methods_jl_L460
110. compute_10cm_water_mass__FILE_ClimaLand_B2ZGC_src_diagnostics_land_compute_methods_jl_L466
111. compute_10cm_water_mass__FILE_ClimaLand_B2ZGC_src_diagnostics_land_compute_methods_jl_L473
112. compute_canopy_temperature__FILE_ClimaLand_B2ZGC_src_diagnostics_land_compute_methods_jl_L886
113. compute_canopy_temperature__FILE_ClimaLand_B2ZGC_src_diagnostics_land_compute_methods_jl_L890
114. compute_canopy_transpiration__FILE_ClimaLand_B2ZGC_src_diagnostics_land_compute_methods_jl_L205
115. compute_col_gas_CUDA_
116. compute_evapotranspiration__FILE_ClimaLand_B2ZGC_src_diagnostics_land_compute_methods_jl_L721
117. compute_evapotranspiration__FILE_ClimaLand_B2ZGC_src_diagnostics_land_compute_methods_jl_L722
118. compute_exp_tendency__FILE_ClimaLand_B2ZGC_src_standalone_Soil_Biogeochemistry_Biogeochemistry_jl_L334
119. compute_exp_tendency__FILE_ClimaLand_B2ZGC_src_standalone_Soil_Biogeochemistry_Biogeochemistry_jl_L355
120. compute_exp_tendency__FILE_ClimaLand_B2ZGC_src_standalone_Soil_Biogeochemistry_Biogeochemistry_jl_L366
121. compute_exp_tendency__FILE_ClimaLand_B2ZGC_src_standalone_Soil_Biogeochemistry_Biogeochemistry_jl_L378
122. compute_exp_tendency__FILE_ClimaLand_B2ZGC_src_standalone_Soil_energy_hydrology_jl_L317
123. compute_exp_tendency__FILE_ClimaLand_B2ZGC_src_standalone_Vegetation_PlantHydraulics_jl_L501
124. compute_exp_tendency__FILE_ClimaLand_B2ZGC_src_standalone_Vegetation_component_models_jl_L134
125. compute_fractional_absorbances__FILE_ClimaLand_B2ZGC_src_standalone_Vegetation_radiation_jl_L490
126. compute_imp_tendency__FILE_ClimaLand_B2ZGC_src_shared_utilities_models_jl_L271
127. compute_imp_tendency__FILE_ClimaLand_B2ZGC_src_standalone_Soil_energy_hydrology_jl_L362
128. compute_imp_tendency__FILE_ClimaLand_B2ZGC_src_standalone_Soil_energy_hydrology_jl_L375
129. compute_imp_tendency__FILE_ClimaLand_B2ZGC_src_standalone_Soil_energy_hydrology_jl_L382
130. compute_imp_tendency__FILE_ClimaLand_B2ZGC_src_standalone_Soil_energy_hydrology_jl_L395
131. compute_imp_tendency__FILE_ClimaLand_B2ZGC_src_standalone_Soil_energy_hydrology_jl_L412
132. compute_imp_tendency__FILE_ClimaLand_B2ZGC_src_standalone_Vegetation_canopy_energy_jl_L136
133. compute_jacobian__FILE_ClimaLand_B2ZGC_src_standalone_Soil_energy_hydrology_jl_L465
134. compute_jacobian__FILE_ClimaLand_B2ZGC_src_standalone_Soil_energy_hydrology_jl_L477
135. compute_jacobian__FILE_ClimaLand_B2ZGC_src_standalone_Soil_energy_hydrology_jl_L500
136. compute_jacobian__FILE_ClimaLand_B2ZGC_src_standalone_Soil_energy_hydrology_jl_L507
137. compute_jacobian__FILE_ClimaLand_B2ZGC_src_standalone_Soil_energy_hydrology_jl_L522
138. compute_jacobian__FILE_ClimaLand_B2ZGC_src_standalone_Vegetation_canopy_energy_jl_L209
139. compute_jacobian__FILE_ClimaLand_B2ZGC_src_standalone_Vegetation_canopy_energy_jl_L210
140. compute_jacobian__FILE_ClimaLand_B2ZGC_src_standalone_Vegetation_canopy_energy_jl_L214
141. compute_leaf_area_index__FILE_ClimaLand_B2ZGC_src_diagnostics_land_compute_methods_jl_L42
142. compute_orog__FILE_ClimaAtmos_DthX8_src_diagnostics_core_diagnostics_jl_L1121
143. compute_precipitation_sinks__FILE_ClimaAtmos_DthX8_src_parameterized_tendencies_microphysics_microphysics_wrappers_jl_L357
144. compute_precipitation_sinks__FILE_ClimaAtmos_DthX8_src_parameterized_tendencies_microphysics_microphysics_wrappers_jl_L365
145. compute_precipitation_sinks__FILE_ClimaAtmos_DthX8_src_parameterized_tendencies_microphysics_microphysics_wrappers_jl_L374
146. compute_precipitation_sinks__FILE_ClimaAtmos_DthX8_src_parameterized_tendencies_microphysics_microphysics_wrappers_jl_L375
147. compute_precipitation_sources__FILE_ClimaAtmos_DthX8_src_parameterized_tendencies_microphysics_microphysics_wrappers_jl_L223
148. compute_precipitation_sources__FILE_ClimaAtmos_DthX8_src_parameterized_tendencies_microphysics_microphysics_wrappers_jl_L230
149. compute_precipitation_sources__FILE_ClimaAtmos_DthX8_src_parameterized_tendencies_microphysics_microphysics_wrappers_jl_L235
150. compute_precipitation_sources__FILE_ClimaAtmos_DthX8_src_parameterized_tendencies_microphysics_microphysics_wrappers_jl_L236
151. compute_precipitation_sources__FILE_ClimaAtmos_DthX8_src_parameterized_tendencies_microphysics_microphysics_wrappers_jl_L237
152. compute_precipitation_sources__FILE_ClimaAtmos_DthX8_src_parameterized_tendencies_microphysics_microphysics_wrappers_jl_L240
153. compute_precipitation_sources__FILE_ClimaAtmos_DthX8_src_parameterized_tendencies_microphysics_microphysics_wrappers_jl_L249
154. compute_precipitation_sources__FILE_ClimaAtmos_DthX8_src_parameterized_tendencies_microphysics_microphysics_wrappers_jl_L258
155. compute_precipitation_sources__FILE_ClimaAtmos_DthX8_src_parameterized_tendencies_microphysics_microphysics_wrappers_jl_L268
156. compute_precipitation_sources__FILE_ClimaAtmos_DthX8_src_parameterized_tendencies_microphysics_microphysics_wrappers_jl_L275
157. compute_precipitation_sources__FILE_ClimaAtmos_DthX8_src_parameterized_tendencies_microphysics_microphysics_wrappers_jl_L282
158. compute_precipitation_sources__FILE_ClimaAtmos_DthX8_src_parameterized_tendencies_microphysics_microphysics_wrappers_jl_L285
159. compute_precipitation_sources__FILE_ClimaAtmos_DthX8_src_parameterized_tendencies_microphysics_microphysics_wrappers_jl_L293
160. compute_precipitation_sources__FILE_ClimaAtmos_DthX8_src_parameterized_tendencies_microphysics_microphysics_wrappers_jl_L302
161. compute_sensible_heat_flux__FILE_ClimaLand_B2ZGC_src_diagnostics_land_compute_methods_jl_L844
162. compute_surface_fluxes__FILE_ClimaCoupler_jl_mod_experiments_ClimaEarth_components_land_climaland_integrated_jl_L594
163. compute_surface_fluxes__FILE_ClimaCoupler_jl_mod_experiments_ClimaEarth_components_land_climaland_integrated_jl_L606
164. compute_surface_fluxes__FILE_ClimaCoupler_jl_mod_experiments_ClimaEarth_components_land_climaland_integrated_jl_L612
165. compute_surface_fluxes__FILE_ClimaCoupler_jl_mod_experiments_ClimaEarth_components_land_climaland_integrated_jl_L618
166. compute_surface_fluxes__FILE_ClimaCoupler_jl_mod_experiments_ClimaEarth_components_land_climaland_integrated_jl_L634
167. compute_surface_fluxes__FILE_ClimaCoupler_jl_mod_experiments_ClimaEarth_components_land_climaland_integrated_jl_L666
168. compute_surface_fluxes__FILE_ClimaCoupler_jl_mod_experiments_ClimaEarth_components_land_climaland_integrated_jl_L670
169. compute_surface_fluxes__FILE_ClimaCoupler_jl_mod_experiments_ClimaEarth_components_land_climaland_integrated_jl_L680
170. compute_surface_fluxes__FILE_ClimaCoupler_jl_mod_experiments_ClimaEarth_components_land_climaland_integrated_jl_L685
171. compute_surface_fluxes__FILE_ClimaCoupler_jl_mod_src_FluxCalculator_jl_L247
172. compute_surface_fluxes__FILE_ClimaCoupler_jl_mod_src_FluxCalculator_jl_L276
173. compute_surface_fluxes__FILE_ClimaCoupler_jl_mod_src_FluxCalculator_jl_L299
174. compute_surface_fluxes__FILE_ClimaCoupler_jl_mod_src_FluxCalculator_jl_L335
175. compute_surface_fluxes__FILE_ClimaCoupler_jl_mod_src_FluxCalculator_jl_L339
176. compute_surface_fluxes__FILE_ClimaCoupler_jl_mod_src_FluxCalculator_jl_L351
177. compute_surface_fluxes__FILE_ClimaCoupler_jl_mod_src_FluxCalculator_jl_L355
178. compute_surface_fluxes__FILE_ClimaCoupler_jl_mod_src_FluxCalculator_jl_L362
179. dss_state__FILE_ClimaCoupler_jl_mod_experiments_ClimaEarth_components_atmosphere_climaatmos_jl_L715
180. edmfx_entr_detr_tendency__FILE_ClimaAtmos_DthX8_src_prognostic_equations_edmfx_entr_detr_jl_L561
181. edmfx_entr_detr_tendency__FILE_ClimaAtmos_DthX8_src_prognostic_equations_edmfx_entr_detr_jl_L563
182. edmfx_entr_detr_tendency__FILE_ClimaAtmos_DthX8_src_prognostic_equations_edmfx_entr_detr_jl_L565
183. edmfx_entr_detr_tendency__FILE_ClimaAtmos_DthX8_src_prognostic_equations_edmfx_entr_detr_jl_L576
184. edmfx_filter_tendency__FILE_ClimaAtmos_DthX8_src_prognostic_equations_mass_flux_closures_jl_L229
185. edmfx_filter_tendency__FILE_ClimaAtmos_DthX8_src_prognostic_equations_mass_flux_closures_jl_L231
186. edmfx_filter_tendency__FILE_ClimaAtmos_DthX8_src_prognostic_equations_mass_flux_closures_jl_L232
187. edmfx_first_interior_entr_tendency__FILE_ClimaAtmos_DthX8_src_prognostic_equations_edmfx_entr_detr_jl_L660
188. edmfx_first_interior_entr_tendency__FILE_ClimaAtmos_DthX8_src_prognostic_equations_edmfx_entr_detr_jl_L672
189. edmfx_first_interior_entr_tendency__FILE_ClimaAtmos_DthX8_src_prognostic_equations_edmfx_entr_detr_jl_L679
190. edmfx_first_interior_entr_tendency__FILE_ClimaAtmos_DthX8_src_prognostic_equations_edmfx_entr_detr_jl_L690
191. edmfx_first_interior_entr_tendency__FILE_ClimaAtmos_DthX8_src_prognostic_equations_edmfx_entr_detr_jl_L694
192. edmfx_first_interior_entr_tendency__FILE_ClimaAtmos_DthX8_src_prognostic_equations_edmfx_entr_detr_jl_L705
193. edmfx_nh_pressure_drag_tendency__FILE_ClimaAtmos_DthX8_src_prognostic_equations_mass_flux_closures_jl_L117
194. edmfx_precipitation_tendency__FILE_ClimaAtmos_DthX8_src_prognostic_equations_edmfx_precipitation_jl_L81
195. edmfx_sgs_diffusive_flux_tendency__FILE_ClimaAtmos_DthX8_src_prognostic_equations_edmfx_sgs_flux_jl_L406
196. edmfx_sgs_diffusive_flux_tendency__FILE_ClimaAtmos_DthX8_src_prognostic_equations_edmfx_sgs_flux_jl_L408
197. edmfx_sgs_diffusive_flux_tendency__FILE_ClimaAtmos_DthX8_src_prognostic_equations_edmfx_sgs_flux_jl_L417
198. edmfx_sgs_diffusive_flux_tendency__FILE_ClimaAtmos_DthX8_src_prognostic_equations_edmfx_sgs_flux_jl_L427
199. edmfx_sgs_diffusive_flux_tendency__FILE_ClimaAtmos_DthX8_src_prognostic_equations_edmfx_sgs_flux_jl_L447
200. edmfx_sgs_diffusive_flux_tendency__FILE_ClimaAtmos_DthX8_src_prognostic_equations_edmfx_sgs_flux_jl_L478
201. edmfx_sgs_mass_flux_tendency__FILE_ClimaAtmos_DthX8_src_prognostic_equations_edmfx_sgs_flux_jl_L108
202. edmfx_sgs_mass_flux_tendency__FILE_ClimaAtmos_DthX8_src_prognostic_equations_edmfx_sgs_flux_jl_L142
203. edmfx_sgs_mass_flux_tendency__FILE_ClimaAtmos_DthX8_src_prognostic_equations_edmfx_sgs_flux_jl_L153
204. edmfx_sgs_mass_flux_tendency__FILE_ClimaAtmos_DthX8_src_prognostic_equations_edmfx_sgs_flux_jl_L162
205. edmfx_sgs_mass_flux_tendency__FILE_ClimaAtmos_DthX8_src_prognostic_equations_edmfx_sgs_flux_jl_L171
206. edmfx_sgs_mass_flux_tendency__FILE_ClimaAtmos_DthX8_src_prognostic_equations_edmfx_sgs_flux_jl_L63
207. edmfx_sgs_mass_flux_tendency__FILE_ClimaAtmos_DthX8_src_prognostic_equations_edmfx_sgs_flux_jl_L64
208. edmfx_sgs_mass_flux_tendency__FILE_ClimaAtmos_DthX8_src_prognostic_equations_edmfx_sgs_flux_jl_L74
209. edmfx_sgs_mass_flux_tendency__FILE_ClimaAtmos_DthX8_src_prognostic_equations_edmfx_sgs_flux_jl_L77
210. edmfx_sgs_mass_flux_tendency__FILE_ClimaAtmos_DthX8_src_prognostic_equations_edmfx_sgs_flux_jl_L79
211. edmfx_sgs_mass_flux_tendency__FILE_ClimaAtmos_DthX8_src_prognostic_equations_edmfx_sgs_flux_jl_L87
212. edmfx_sgs_mass_flux_tendency__FILE_ClimaAtmos_DthX8_src_prognostic_equations_edmfx_sgs_flux_jl_L93
213. edmfx_sgs_vertical_advection_tendency__FILE_ClimaAtmos_DthX8_src_prognostic_equations_advection_jl_L376
214. edmfx_sgs_vertical_advection_tendency__FILE_ClimaAtmos_DthX8_src_prognostic_equations_advection_jl_L384
215. edmfx_sgs_vertical_advection_tendency__FILE_ClimaAtmos_DthX8_src_prognostic_equations_advection_jl_L389
216. edmfx_sgs_vertical_advection_tendency__FILE_ClimaAtmos_DthX8_src_prognostic_equations_advection_jl_L401
217. edmfx_sgs_vertical_advection_tendency__FILE_ClimaAtmos_DthX8_src_prognostic_equations_advection_jl_L410
218. edmfx_sgs_vertical_advection_tendency__FILE_ClimaAtmos_DthX8_src_prognostic_equations_advection_jl_L507
219. edmfx_tke_tendency__FILE_ClimaAtmos_DthX8_src_prognostic_equations_edmfx_tke_jl_L79
220. edmfx_tke_tendency__FILE_ClimaAtmos_DthX8_src_prognostic_equations_edmfx_tke_jl_L81
221. edmfx_tke_tendency__FILE_ClimaAtmos_DthX8_src_prognostic_equations_edmfx_tke_jl_L86
222. edmfx_tke_tendency__FILE_ClimaAtmos_DthX8_src_prognostic_equations_edmfx_tke_jl_L96
223. edmfx_vertical_diffusion_tendency__FILE_ClimaAtmos_DthX8_src_prognostic_equations_mass_flux_closures_jl_L162
224. edmfx_vertical_diffusion_tendency__FILE_ClimaAtmos_DthX8_src_prognostic_equations_mass_flux_closures_jl_L166
225. edmfx_vertical_diffusion_tendency__FILE_ClimaAtmos_DthX8_src_prognostic_equations_mass_flux_closures_jl_L200
226. exp_tendency__FILE_ClimaLand_B2ZGC_src_ClimaLand_jl_L181
227. explicit_vertical_advection_tendency__NVTX
228. get__z_FILE_ClimaLand_B2ZGC_src_shared_utilities_Domains_jl_L950
229. get_atmos_height_delta_FILE_ClimaCoupler_jl_mod_src_Interfacer_jl_L633
230. get_field_FILE_ClimaCoupler_jl_mod_experiments_ClimaEarth_components_atmosphere_climaatmos_jl_L266
231. get_field_FILE_ClimaCoupler_jl_mod_experiments_ClimaEarth_components_atmosphere_climaatmos_jl_L271
232. get_field_FILE_ClimaCoupler_jl_mod_experiments_ClimaEarth_components_atmosphere_climaatmos_jl_L322
233. get_field_FILE_ClimaCoupler_jl_mod_experiments_ClimaEarth_components_atmosphere_climaatmos_jl_L416
234. get_field_FILE_ClimaCoupler_jl_mod_experiments_ClimaEarth_components_atmosphere_climaatmos_jl_L423
235. get_surface_fluxes_FILE_ClimaCoupler_jl_mod_src_FluxCalculator_jl_L101
236. get_surface_fluxes_FILE_ClimaCoupler_jl_mod_src_FluxCalculator_jl_L112
237. gpu_broadcast_kernel_cartesian
238. gpu_broadcast_kernel_linear
239. gpu_fill_kernel_
240. gpu_getindex_kernel
241. gpu_linear_copy_kernel_
242. ground_albedo_PAR_FILE_ClimaLand_B2ZGC_src_integrated_land_radiation_jl_L118
243. horizontal_dynamics_tendency__NVTX
244. horizontal_tracer_advection_tendency__NVTX
245. hyperdiffusion_tendency__NVTX
246. hypsography_FILE_ClimaAtmos_DthX8_src_simulation_grids_jl_L312
247. hypsography_FILE_ClimaAtmos_DthX8_src_simulation_grids_jl_L313
248. hypsography_FILE_ClimaAtmos_DthX8_src_simulation_grids_jl_L320
249. ice_rhs__FILE_ClimaCoupler_jl_mod_experiments_ClimaEarth_components_ocean_prescr_seaice_jl_L344
250. ice_rhs__FILE_ClimaCoupler_jl_mod_experiments_ClimaEarth_components_ocean_prescr_seaice_jl_L345
251. ice_rhs__FILE_ClimaCoupler_jl_mod_experiments_ClimaEarth_components_ocean_prescr_seaice_jl_L352
252. ice_rhs__FILE_ClimaCoupler_jl_mod_experiments_ClimaEarth_components_ocean_prescr_seaice_jl_L355
253. implicit_precomputed_quantities_FILE_ClimaAtmos_DthX8_src_cache_precomputed_quantities_jl_L37
254. implicit_vertical_advection_tendency__FILE_ClimaAtmos_DthX8_src_prognostic_equations_implicit_implicit_tendency_jl_L121
255. implicit_vertical_advection_tendency__FILE_ClimaAtmos_DthX8_src_prognostic_equations_implicit_implicit_tendency_jl_L125
256. implicit_vertical_advection_tendency__FILE_ClimaAtmos_DthX8_src_prognostic_equations_implicit_implicit_tendency_jl_L129
257. implicit_vertical_advection_tendency__FILE_ClimaAtmos_DthX8_src_prognostic_equations_implicit_implicit_tendency_jl_L138
258. implicit_vertical_advection_tendency__FILE_ClimaAtmos_DthX8_src_prognostic_equations_implicit_implicit_tendency_jl_L204
259. implicit_vertical_advection_tendency__FILE_ClimaAtmos_DthX8_src_prognostic_equations_implicit_implicit_tendency_jl_L211
260. import_static_fields__FILE_ClimaCoupler_jl_mod_src_FieldExchanger_jl_L187
261. interpolate_field__FILE_ClimaDiagnostics_3h9MG_src_netcdf_writer_jl_L391
262. ldiv__NVTX
263. linear_interpolation_to_surface__FILE_ClimaLand_B2ZGC_src_shared_utilities_Domains_jl_L895
264. lsm_radiant_energy_fluxes__FILE_ClimaLand_B2ZGC_src_integrated_land_jl_L477
265. lsm_radiant_energy_fluxes__FILE_ClimaLand_B2ZGC_src_integrated_land_jl_L480
266. lsm_radiant_energy_fluxes__FILE_ClimaLand_B2ZGC_src_integrated_land_jl_L483
267. lsm_radiant_energy_fluxes__FILE_ClimaLand_B2ZGC_src_integrated_land_jl_L496
268. lsm_radiant_energy_fluxes__FILE_ClimaLand_B2ZGC_src_integrated_land_jl_L497
269. lsm_radiant_energy_fluxes__FILE_ClimaLand_B2ZGC_src_integrated_land_jl_L498
270. lsm_radiant_energy_fluxes__FILE_ClimaLand_B2ZGC_src_integrated_land_jl_L499
271. lsm_radiant_energy_fluxes__FILE_ClimaLand_B2ZGC_src_integrated_land_jl_L500
272. lsm_radiant_energy_fluxes__FILE_ClimaLand_B2ZGC_src_integrated_land_jl_L501
273. lsm_radiant_energy_fluxes__FILE_ClimaLand_B2ZGC_src_integrated_land_jl_L505
274. mapreduce_cuda_kernel_
275. orchestrate_diagnostics_FILE_ClimaDiagnostics_3h9MG_src_clima_diagnostics_jl_L273
276. partial_mapreduce_grid
277. precipitation_tendency__FILE_ClimaAtmos_DthX8_src_parameterized_tendencies_microphysics_precipitation_jl_L150
278. precipitation_tendency__FILE_ClimaAtmos_DthX8_src_parameterized_tendencies_microphysics_precipitation_jl_L158
279. precomputed_quantities_FILE_ClimaAtmos_DthX8_src_cache_precomputed_quantities_jl_L101
280. prep_hyperdiffusion_tendency__NVTX
281. prep_tracer_hyperdiffusion_tendency__NVTX
282. radiation_tendency__FILE_ClimaAtmos_DthX8_src_parameterized_tendencies_radiation_radiation_jl_L423
283. radiation_tendency__FILE_ClimaAtmos_DthX8_src_parameterized_tendencies_radiation_radiation_jl_L432
284. reduce_cuda_blocks_kernel_
285. regrid_FILE_ClimaUtilities_5ClV5_ext_InterpolationsRegridderExt_jl_L264
286. regridded_snapshot__FILE_ClimaUtilities_5ClV5_ext_DataHandlingExt_jl_L666
287. remaining_tendency__NVTX
288. remap__FILE_ClimaCoupler_jl_mod_src_Interfacer_jl_L531
289. rte_lw_2stream_solve_CUDA_
290. rte_sw_2stream_solve_CUDA_
291. set_albedos__FILE_ClimaCoupler_jl_mod_experiments_ClimaEarth_components_ocean_prescr_ocean_jl_L237
292. set_albedos__FILE_ClimaCoupler_jl_mod_experiments_ClimaEarth_components_ocean_prescr_ocean_jl_L246
293. set_albedos__FILE_ClimaCoupler_jl_mod_experiments_ClimaEarth_components_ocean_prescr_ocean_jl_L249
294. set_albedos__FILE_ClimaCoupler_jl_mod_experiments_ClimaEarth_components_ocean_prescr_ocean_jl_L253
295. set_albedos__FILE_ClimaCoupler_jl_mod_experiments_ClimaEarth_components_ocean_prescr_ocean_jl_L258
296. set_cache__FILE_ClimaCoupler_jl_mod_experiments_ClimaEarth_components_land_climaland_integrated_jl_L704
297. set_cloud_fraction__NVTX
298. set_dummy_surface_conditions__FILE_ClimaAtmos_DthX8_src_surface_conditions_surface_conditions_jl_L102
299. set_dummy_surface_conditions__FILE_ClimaAtmos_DthX8_src_surface_conditions_surface_conditions_jl_L85
300. set_dummy_surface_conditions__FILE_ClimaAtmos_DthX8_src_surface_conditions_surface_conditions_jl_L91
301. set_dummy_surface_conditions__FILE_ClimaAtmos_DthX8_src_surface_conditions_surface_conditions_jl_L94
302. set_explicit_precomputed_quantities__NVTX
303. set_ic__FILE_ClimaLand_B2ZGC_src_simulations_initial_conditions_jl_L291
304. set_implicit_precomputed_quantities__NVTX
305. set_insolation_variables__FILE_ClimaAtmos_DthX8_src_callbacks_callbacks_jl_L229
306. set_insolation_variables__FILE_ClimaAtmos_DthX8_src_callbacks_callbacks_jl_L242
307. set_insolation_variables__FILE_ClimaAtmos_DthX8_src_callbacks_callbacks_jl_L243
308. set_precipitation_surface_fluxes__FILE_ClimaAtmos_DthX8_src_cache_precipitation_precomputed_quantities_jl_L946
309. set_precipitation_surface_fluxes__FILE_ClimaAtmos_DthX8_src_cache_precipitation_precomputed_quantities_jl_L967
310. set_precipitation_surface_fluxes__FILE_ClimaAtmos_DthX8_src_cache_precipitation_precomputed_quantities_jl_L969
311. set_precipitation_velocities__FILE_ClimaAtmos_DthX8_src_cache_precipitation_precomputed_quantities_jl_L150
312. set_precipitation_velocities__FILE_ClimaAtmos_DthX8_src_cache_precipitation_precomputed_quantities_jl_L151
313. set_precipitation_velocities__FILE_ClimaAtmos_DthX8_src_cache_precipitation_precomputed_quantities_jl_L157
314. set_precipitation_velocities__FILE_ClimaAtmos_DthX8_src_cache_precipitation_precomputed_quantities_jl_L164
315. set_precipitation_velocities__FILE_ClimaAtmos_DthX8_src_cache_precipitation_precomputed_quantities_jl_L165
316. set_precipitation_velocities__FILE_ClimaAtmos_DthX8_src_cache_precipitation_precomputed_quantities_jl_L166
317. set_precipitation_velocities__FILE_ClimaAtmos_DthX8_src_cache_precipitation_precomputed_quantities_jl_L170
318. set_precipitation_velocities__FILE_ClimaAtmos_DthX8_src_cache_precipitation_precomputed_quantities_jl_L171
319. set_precipitation_velocities__FILE_ClimaAtmos_DthX8_src_cache_precipitation_precomputed_quantities_jl_L173
320. set_precipitation_velocities__FILE_ClimaAtmos_DthX8_src_cache_precipitation_precomputed_quantities_jl_L177
321. set_precipitation_velocities__FILE_ClimaAtmos_DthX8_src_cache_precipitation_precomputed_quantities_jl_L178
322. set_precipitation_velocities__FILE_ClimaAtmos_DthX8_src_cache_precipitation_precomputed_quantities_jl_L200
323. set_precipitation_velocities__FILE_ClimaAtmos_DthX8_src_cache_precipitation_precomputed_quantities_jl_L204
324. set_precipitation_velocities__FILE_ClimaAtmos_DthX8_src_cache_precipitation_precomputed_quantities_jl_L205
325. set_precipitation_velocities__FILE_ClimaAtmos_DthX8_src_cache_precipitation_precomputed_quantities_jl_L227
326. set_precipitation_velocities__FILE_ClimaAtmos_DthX8_src_cache_precipitation_precomputed_quantities_jl_L231
327. set_precipitation_velocities__FILE_ClimaAtmos_DthX8_src_cache_precipitation_precomputed_quantities_jl_L232
328. set_precipitation_velocities__FILE_ClimaAtmos_DthX8_src_cache_precipitation_precomputed_quantities_jl_L259
329. set_precipitation_velocities__FILE_ClimaAtmos_DthX8_src_cache_precipitation_precomputed_quantities_jl_L268
330. set_precipitation_velocities__FILE_ClimaAtmos_DthX8_src_cache_precipitation_precomputed_quantities_jl_L270
331. set_prognostic_edmf_precomputed_quantities_draft__NVTX
332. set_prognostic_edmf_precomputed_quantities_environment__NVTX
333. set_prognostic_edmf_precomputed_quantities_explicit_closures__NVTX
334. set_prognostic_edmf_precomputed_quantities_implicit_closures__NVTX
335. set_prognostic_edmf_precomputed_quantities_precipitation__NVTX
336. set_sgs__u___FILE_ClimaAtmos_DthX8_src_cache_precomputed_quantities_jl_L361
337. set_velocity_at_surface__FILE_ClimaAtmos_DthX8_src_cache_precomputed_quantities_jl_L309
338. set_velocity_at_surface__FILE_ClimaAtmos_DthX8_src_cache_precomputed_quantities_jl_L313
339. set_velocity_at_top__FILE_ClimaAtmos_DthX8_src_cache_precomputed_quantities_jl_L336
340. set_velocity_quantities__FILE_ClimaAtmos_DthX8_src_cache_precomputed_quantities_jl_L352
341. set_velocity_quantities__FILE_ClimaAtmos_DthX8_src_cache_precomputed_quantities_jl_L353
342. set_velocity_quantities__FILE_ClimaAtmos_DthX8_src_cache_precomputed_quantities_jl_L354
343. snow_boundary_fluxes__FILE_ClimaLand_B2ZGC_src_integrated_land_jl_L670
344. snow_boundary_fluxes__FILE_ClimaLand_B2ZGC_src_integrated_land_jl_L675
345. snow_boundary_fluxes__FILE_ClimaLand_B2ZGC_src_integrated_land_jl_L687
346. soil_boundary_fluxes__FILE_ClimaLand_B2ZGC_src_integrated_land_jl_L564
347. soil_boundary_fluxes__FILE_ClimaLand_B2ZGC_src_integrated_land_jl_L574
348. soil_infiltration_capacity_FILE_ClimaLand_B2ZGC_src_standalone_Soil_Runoff_Runoff_jl_L355
349. solve_newton__FILE_ClimaTimeSteppers_UDtux_src_nl_solvers_newtons_method_jl_L600
350. solve_newton__FILE_ClimaTimeSteppers_UDtux_src_nl_solvers_newtons_method_jl_L607
351. source__FILE_ClimaLand_B2ZGC_src_integrated_soil_canopy_root_interactions_jl_L153
352. source__FILE_ClimaLand_B2ZGC_src_integrated_soil_canopy_root_interactions_jl_L163
353. source__FILE_ClimaLand_B2ZGC_src_integrated_soil_snow_model_jl_L485
354. source__FILE_ClimaLand_B2ZGC_src_integrated_soil_snow_model_jl_L489
355. source__FILE_ClimaLand_B2ZGC_src_standalone_Soil_energy_hydrology_jl_L799
356. source__FILE_ClimaLand_B2ZGC_src_standalone_Soil_energy_hydrology_jl_L823
357. step_u__FILE_ClimaTimeSteppers_UDtux_src_solvers_imex_ark_jl_L71
358. step_u__FILE_ClimaTimeSteppers_UDtux_src_solvers_imex_ark_jl_L82
359. surface_flux_tendency__FILE_ClimaAtmos_DthX8_src_prognostic_equations_surface_flux_jl_L114
360. surface_flux_tendency__FILE_ClimaAtmos_DthX8_src_prognostic_equations_surface_flux_jl_L120
361. surface_flux_tendency__FILE_ClimaAtmos_DthX8_src_prognostic_equations_surface_flux_jl_L124
362. turbulent_fluxes__FILE_ClimaCoupler_jl_mod_src_FluxCalculator_jl_L65
363. turbulent_fluxes__FILE_ClimaLand_B2ZGC_src_shared_utilities_drivers_jl_L394
364. turbulent_fluxes__FILE_ClimaLand_B2ZGC_src_shared_utilities_drivers_jl_L395
365. turbulent_fluxes__FILE_ClimaLand_B2ZGC_src_shared_utilities_drivers_jl_L402
366. turbulent_fluxes__FILE_ClimaLand_B2ZGC_src_standalone_Soil_energy_hydrology_jl_L1001
367. turbulent_fluxes__FILE_ClimaLand_B2ZGC_src_standalone_Vegetation_canopy_boundary_fluxes_jl_L226
368. update_SIF__FILE_ClimaLand_B2ZGC_src_standalone_Vegetation_solar_induced_fluorescence_jl_L86
369. update_aerosol_concentrations__FILE_ClimaAtmos_DthX8_src_parameterized_tendencies_radiation_update_inputs_jl_L208
370. update_albedo__FILE_ClimaLand_B2ZGC_src_standalone_Soil_soil_albedo_jl_L193
371. update_autotrophic_respiration__FILE_ClimaLand_B2ZGC_src_standalone_Vegetation_autotrophic_respiration_jl_L96
372. update_aux__FILE_ClimaLand_B2ZGC_src_standalone_Snow_Snow_jl_L667
373. update_aux__FILE_ClimaLand_B2ZGC_src_standalone_Snow_Snow_jl_L669
374. update_aux__FILE_ClimaLand_B2ZGC_src_standalone_Snow_Snow_jl_L687
375. update_aux__FILE_ClimaLand_B2ZGC_src_standalone_Snow_Snow_jl_L689
376. update_aux__FILE_ClimaLand_B2ZGC_src_standalone_Snow_Snow_jl_L692
377. update_aux__FILE_ClimaLand_B2ZGC_src_standalone_Snow_Snow_jl_L694
378. update_aux__FILE_ClimaLand_B2ZGC_src_standalone_Snow_Snow_jl_L703
379. update_aux__FILE_ClimaLand_B2ZGC_src_standalone_Snow_Snow_jl_L706
380. update_aux__FILE_ClimaLand_B2ZGC_src_standalone_Soil_Biogeochemistry_Biogeochemistry_jl_L578
381. update_aux__FILE_ClimaLand_B2ZGC_src_standalone_Soil_Biogeochemistry_Biogeochemistry_jl_L584
382. update_aux__FILE_ClimaLand_B2ZGC_src_standalone_Soil_Biogeochemistry_Biogeochemistry_jl_L586
383. update_aux__FILE_ClimaLand_B2ZGC_src_standalone_Soil_Biogeochemistry_Biogeochemistry_jl_L590
384. update_aux__FILE_ClimaLand_B2ZGC_src_standalone_Soil_Biogeochemistry_Biogeochemistry_jl_L593
385. update_aux__FILE_ClimaLand_B2ZGC_src_standalone_Soil_energy_hydrology_jl_L706
386. update_aux__FILE_ClimaLand_B2ZGC_src_standalone_Soil_energy_hydrology_jl_L717
387. update_aux__FILE_ClimaLand_B2ZGC_src_standalone_Soil_energy_hydrology_jl_L731
388. update_aux__FILE_ClimaLand_B2ZGC_src_standalone_Soil_energy_hydrology_jl_L743
389. update_aux__FILE_ClimaLand_B2ZGC_src_standalone_Soil_energy_hydrology_jl_L751
390. update_aux__FILE_ClimaLand_B2ZGC_src_standalone_Soil_energy_hydrology_jl_L754
391. update_biomass__FILE_ClimaLand_B2ZGC_src_standalone_Vegetation_biomass_jl_L293
392. update_boundary_fluxes__FILE_ClimaLand_B2ZGC_src_integrated_land_jl_L379
393. update_boundary_fluxes__FILE_ClimaLand_B2ZGC_src_integrated_land_jl_L397
394. update_boundary_fluxes__FILE_ClimaLand_B2ZGC_src_standalone_Snow_Snow_jl_L722
395. update_boundary_fluxes__FILE_ClimaLand_B2ZGC_src_standalone_Snow_Snow_jl_L728
396. update_boundary_fluxes__FILE_ClimaLand_B2ZGC_src_standalone_Snow_Snow_jl_L737
397. update_boundary_fluxes__FILE_ClimaLand_B2ZGC_src_standalone_Snow_Snow_jl_L744
398. update_boundary_fluxes__FILE_ClimaLand_B2ZGC_src_standalone_Snow_Snow_jl_L746
399. update_canopy_conductance__FILE_ClimaLand_B2ZGC_src_standalone_Vegetation_stomatalconductance_jl_L67
400. update_cloud_properties__FILE_ClimaAtmos_DthX8_src_parameterized_tendencies_radiation_update_inputs_jl_L280
401. update_cloud_properties__FILE_ClimaAtmos_DthX8_src_parameterized_tendencies_radiation_update_inputs_jl_L286
402. update_cloud_properties__FILE_ClimaAtmos_DthX8_src_parameterized_tendencies_radiation_update_inputs_jl_L306
403. update_cloud_properties__FILE_ClimaAtmos_DthX8_src_parameterized_tendencies_radiation_update_inputs_jl_L316
404. update_cloud_properties__FILE_ClimaAtmos_DthX8_src_parameterized_tendencies_radiation_update_inputs_jl_L321
405. update_cloud_properties__FILE_ClimaAtmos_DthX8_src_parameterized_tendencies_radiation_update_inputs_jl_L341
406. update_drivers__FILE_ClimaLand_B2ZGC_src_shared_utilities_drivers_jl_L1265
407. update_field__FILE_ClimaCoupler_jl_mod_experiments_ClimaEarth_components_atmosphere_climaatmos_jl_L371
408. update_field__FILE_ClimaCoupler_jl_mod_experiments_ClimaEarth_components_atmosphere_climaatmos_jl_L386
409. update_field__FILE_ClimaCoupler_jl_mod_experiments_ClimaEarth_components_atmosphere_climaatmos_jl_L398
410. update_hydraulics__FILE_ClimaLand_B2ZGC_src_standalone_Vegetation_PlantHydraulics_jl_L661
411. update_infiltration_water_flux__FILE_ClimaLand_B2ZGC_src_standalone_Soil_Runoff_Runoff_jl_L241
412. update_infiltration_water_flux__FILE_ClimaLand_B2ZGC_src_standalone_Soil_Runoff_Runoff_jl_L243
413. update_infiltration_water_flux__FILE_ClimaLand_B2ZGC_src_standalone_Soil_Runoff_Runoff_jl_L251
414. update_infiltration_water_flux__FILE_ClimaLand_B2ZGC_src_standalone_Soil_Runoff_Runoff_jl_L258
415. update_jacobian__FILE_ClimaAtmos_DthX8_src_prognostic_equations_implicit_manual_sparse_jacobian_jl_L1008
416. update_jacobian__FILE_ClimaAtmos_DthX8_src_prognostic_equations_implicit_manual_sparse_jacobian_jl_L1019
417. update_jacobian__FILE_ClimaAtmos_DthX8_src_prognostic_equations_implicit_manual_sparse_jacobian_jl_L1030
418. update_jacobian__FILE_ClimaAtmos_DthX8_src_prognostic_equations_implicit_manual_sparse_jacobian_jl_L1031
419. update_jacobian__FILE_ClimaAtmos_DthX8_src_prognostic_equations_implicit_manual_sparse_jacobian_jl_L1032
420. update_jacobian__FILE_ClimaAtmos_DthX8_src_prognostic_equations_implicit_manual_sparse_jacobian_jl_L1033
421. update_jacobian__FILE_ClimaAtmos_DthX8_src_prognostic_equations_implicit_manual_sparse_jacobian_jl_L1034
422. update_jacobian__FILE_ClimaAtmos_DthX8_src_prognostic_equations_implicit_manual_sparse_jacobian_jl_L1036
423. update_jacobian__FILE_ClimaAtmos_DthX8_src_prognostic_equations_implicit_manual_sparse_jacobian_jl_L1058
424. update_jacobian__FILE_ClimaAtmos_DthX8_src_prognostic_equations_implicit_manual_sparse_jacobian_jl_L1144
425. update_jacobian__FILE_ClimaAtmos_DthX8_src_prognostic_equations_implicit_manual_sparse_jacobian_jl_L1147
426. update_jacobian__FILE_ClimaAtmos_DthX8_src_prognostic_equations_implicit_manual_sparse_jacobian_jl_L1150
427. update_jacobian__FILE_ClimaAtmos_DthX8_src_prognostic_equations_implicit_manual_sparse_jacobian_jl_L1154
428. update_jacobian__FILE_ClimaAtmos_DthX8_src_prognostic_equations_implicit_manual_sparse_jacobian_jl_L1159
429. update_jacobian__FILE_ClimaAtmos_DthX8_src_prognostic_equations_implicit_manual_sparse_jacobian_jl_L1164
430. update_jacobian__FILE_ClimaAtmos_DthX8_src_prognostic_equations_implicit_manual_sparse_jacobian_jl_L1181
431. update_jacobian__FILE_ClimaAtmos_DthX8_src_prognostic_equations_implicit_manual_sparse_jacobian_jl_L1195
432. update_jacobian__FILE_ClimaAtmos_DthX8_src_prognostic_equations_implicit_manual_sparse_jacobian_jl_L1199
433. update_jacobian__FILE_ClimaAtmos_DthX8_src_prognostic_equations_implicit_manual_sparse_jacobian_jl_L1201
434. update_jacobian__FILE_ClimaAtmos_DthX8_src_prognostic_equations_implicit_manual_sparse_jacobian_jl_L1237
435. update_jacobian__FILE_ClimaAtmos_DthX8_src_prognostic_equations_implicit_manual_sparse_jacobian_jl_L1248
436. update_jacobian__FILE_ClimaAtmos_DthX8_src_prognostic_equations_implicit_manual_sparse_jacobian_jl_L1253
437. update_jacobian__FILE_ClimaAtmos_DthX8_src_prognostic_equations_implicit_manual_sparse_jacobian_jl_L1269
438. update_jacobian__FILE_ClimaAtmos_DthX8_src_prognostic_equations_implicit_manual_sparse_jacobian_jl_L1279
439. update_jacobian__FILE_ClimaAtmos_DthX8_src_prognostic_equations_implicit_manual_sparse_jacobian_jl_L1286
440. update_jacobian__FILE_ClimaAtmos_DthX8_src_prognostic_equations_implicit_manual_sparse_jacobian_jl_L1293
441. update_jacobian__FILE_ClimaAtmos_DthX8_src_prognostic_equations_implicit_manual_sparse_jacobian_jl_L1299
442. update_jacobian__FILE_ClimaAtmos_DthX8_src_prognostic_equations_implicit_manual_sparse_jacobian_jl_L1303
443. update_jacobian__FILE_ClimaAtmos_DthX8_src_prognostic_equations_implicit_manual_sparse_jacobian_jl_L1307
444. update_jacobian__FILE_ClimaAtmos_DthX8_src_prognostic_equations_implicit_manual_sparse_jacobian_jl_L1318
445. update_jacobian__FILE_ClimaAtmos_DthX8_src_prognostic_equations_implicit_manual_sparse_jacobian_jl_L1330
446. update_jacobian__FILE_ClimaAtmos_DthX8_src_prognostic_equations_implicit_manual_sparse_jacobian_jl_L1340
447. update_jacobian__FILE_ClimaAtmos_DthX8_src_prognostic_equations_implicit_manual_sparse_jacobian_jl_L1350
448. update_jacobian__FILE_ClimaAtmos_DthX8_src_prognostic_equations_implicit_manual_sparse_jacobian_jl_L1355
449. update_jacobian__FILE_ClimaAtmos_DthX8_src_prognostic_equations_implicit_manual_sparse_jacobian_jl_L1361
450. update_jacobian__FILE_ClimaAtmos_DthX8_src_prognostic_equations_implicit_manual_sparse_jacobian_jl_L1364
451. update_jacobian__FILE_ClimaAtmos_DthX8_src_prognostic_equations_implicit_manual_sparse_jacobian_jl_L1366
452. update_jacobian__FILE_ClimaAtmos_DthX8_src_prognostic_equations_implicit_manual_sparse_jacobian_jl_L1372
453. update_jacobian__FILE_ClimaAtmos_DthX8_src_prognostic_equations_implicit_manual_sparse_jacobian_jl_L1402
454. update_jacobian__FILE_ClimaAtmos_DthX8_src_prognostic_equations_implicit_manual_sparse_jacobian_jl_L1449
455. update_jacobian__FILE_ClimaAtmos_DthX8_src_prognostic_equations_implicit_manual_sparse_jacobian_jl_L1452
456. update_jacobian__FILE_ClimaAtmos_DthX8_src_prognostic_equations_implicit_manual_sparse_jacobian_jl_L487
457. update_jacobian__FILE_ClimaAtmos_DthX8_src_prognostic_equations_implicit_manual_sparse_jacobian_jl_L492
458. update_jacobian__FILE_ClimaAtmos_DthX8_src_prognostic_equations_implicit_manual_sparse_jacobian_jl_L495
459. update_jacobian__FILE_ClimaAtmos_DthX8_src_prognostic_equations_implicit_manual_sparse_jacobian_jl_L501
460. update_jacobian__FILE_ClimaAtmos_DthX8_src_prognostic_equations_implicit_manual_sparse_jacobian_jl_L505
461. update_jacobian__FILE_ClimaAtmos_DthX8_src_prognostic_equations_implicit_manual_sparse_jacobian_jl_L507
462. update_jacobian__FILE_ClimaAtmos_DthX8_src_prognostic_equations_implicit_manual_sparse_jacobian_jl_L512
463. update_jacobian__FILE_ClimaAtmos_DthX8_src_prognostic_equations_implicit_manual_sparse_jacobian_jl_L517
464. update_jacobian__FILE_ClimaAtmos_DthX8_src_prognostic_equations_implicit_manual_sparse_jacobian_jl_L548
465. update_jacobian__FILE_ClimaAtmos_DthX8_src_prognostic_equations_implicit_manual_sparse_jacobian_jl_L557
466. update_jacobian__FILE_ClimaAtmos_DthX8_src_prognostic_equations_implicit_manual_sparse_jacobian_jl_L581
467. update_jacobian__FILE_ClimaAtmos_DthX8_src_prognostic_equations_implicit_manual_sparse_jacobian_jl_L589
468. update_jacobian__FILE_ClimaAtmos_DthX8_src_prognostic_equations_implicit_manual_sparse_jacobian_jl_L592
469. update_jacobian__FILE_ClimaAtmos_DthX8_src_prognostic_equations_implicit_manual_sparse_jacobian_jl_L622
470. update_jacobian__FILE_ClimaAtmos_DthX8_src_prognostic_equations_implicit_manual_sparse_jacobian_jl_L627
471. update_jacobian__FILE_ClimaAtmos_DthX8_src_prognostic_equations_implicit_manual_sparse_jacobian_jl_L633
472. update_jacobian__FILE_ClimaAtmos_DthX8_src_prognostic_equations_implicit_manual_sparse_jacobian_jl_L695
473. update_jacobian__FILE_ClimaAtmos_DthX8_src_prognostic_equations_implicit_manual_sparse_jacobian_jl_L700
474. update_jacobian__FILE_ClimaAtmos_DthX8_src_prognostic_equations_implicit_manual_sparse_jacobian_jl_L704
475. update_jacobian__FILE_ClimaAtmos_DthX8_src_prognostic_equations_implicit_manual_sparse_jacobian_jl_L706
476. update_jacobian__FILE_ClimaAtmos_DthX8_src_prognostic_equations_implicit_manual_sparse_jacobian_jl_L719
477. update_jacobian__FILE_ClimaAtmos_DthX8_src_prognostic_equations_implicit_manual_sparse_jacobian_jl_L726
478. update_jacobian__FILE_ClimaAtmos_DthX8_src_prognostic_equations_implicit_manual_sparse_jacobian_jl_L729
479. update_jacobian__FILE_ClimaAtmos_DthX8_src_prognostic_equations_implicit_manual_sparse_jacobian_jl_L736
480. update_jacobian__FILE_ClimaAtmos_DthX8_src_prognostic_equations_implicit_manual_sparse_jacobian_jl_L743
481. update_jacobian__FILE_ClimaAtmos_DthX8_src_prognostic_equations_implicit_manual_sparse_jacobian_jl_L771
482. update_jacobian__FILE_ClimaAtmos_DthX8_src_prognostic_equations_implicit_manual_sparse_jacobian_jl_L780
483. update_jacobian__FILE_ClimaAtmos_DthX8_src_prognostic_equations_implicit_manual_sparse_jacobian_jl_L784
484. update_jacobian__FILE_ClimaAtmos_DthX8_src_prognostic_equations_implicit_manual_sparse_jacobian_jl_L803
485. update_jacobian__FILE_ClimaAtmos_DthX8_src_prognostic_equations_implicit_manual_sparse_jacobian_jl_L851
486. update_jacobian__FILE_ClimaAtmos_DthX8_src_prognostic_equations_implicit_manual_sparse_jacobian_jl_L857
487. update_jacobian__FILE_ClimaAtmos_DthX8_src_prognostic_equations_implicit_manual_sparse_jacobian_jl_L865
488. update_jacobian__FILE_ClimaAtmos_DthX8_src_prognostic_equations_implicit_manual_sparse_jacobian_jl_L876
489. update_jacobian__FILE_ClimaAtmos_DthX8_src_prognostic_equations_implicit_manual_sparse_jacobian_jl_L904
490. update_jacobian__FILE_ClimaAtmos_DthX8_src_prognostic_equations_implicit_manual_sparse_jacobian_jl_L911
491. update_jacobian__FILE_ClimaAtmos_DthX8_src_prognostic_equations_implicit_manual_sparse_jacobian_jl_L927
492. update_jacobian__FILE_ClimaAtmos_DthX8_src_prognostic_equations_implicit_manual_sparse_jacobian_jl_L938
493. update_jacobian__FILE_ClimaAtmos_DthX8_src_prognostic_equations_implicit_manual_sparse_jacobian_jl_L944
494. update_jacobian__FILE_ClimaAtmos_DthX8_src_prognostic_equations_implicit_manual_sparse_jacobian_jl_L970
495. update_jacobian__FILE_ClimaAtmos_DthX8_src_prognostic_equations_implicit_manual_sparse_jacobian_jl_L975
496. update_jacobian__FILE_ClimaAtmos_DthX8_src_prognostic_equations_implicit_manual_sparse_jacobian_jl_L986
497. update_jacobian__FILE_ClimaAtmos_DthX8_src_prognostic_equations_implicit_manual_sparse_jacobian_jl_L998
498. update_photosynthesis__FILE_ClimaLand_B2ZGC_src_standalone_Vegetation_photosynthesis_farquhar_jl_L338
499. update_photosynthesis__FILE_ClimaLand_B2ZGC_src_standalone_Vegetation_photosynthesis_farquhar_jl_L394
500. update_photosynthesis__FILE_ClimaLand_B2ZGC_src_standalone_Vegetation_photosynthesis_farquhar_jl_L396
501. update_radiative_transfer__FILE_ClimaLand_B2ZGC_src_standalone_Vegetation_radiation_jl_L787
502. update_radiative_transfer__FILE_ClimaLand_B2ZGC_src_standalone_Vegetation_radiation_jl_L789
503. update_relative_humidity__FILE_ClimaAtmos_DthX8_src_parameterized_tendencies_radiation_update_inputs_jl_L110
504. update_relative_humidity__FILE_ClimaAtmos_DthX8_src_parameterized_tendencies_radiation_update_inputs_jl_L114
505. update_root_extraction__FILE_ClimaLand_B2ZGC_src_integrated_soil_canopy_root_interactions_jl_L13
506. update_root_extraction__FILE_ClimaLand_B2ZGC_src_integrated_soil_canopy_root_interactions_jl_L28
507. update_root_extraction__FILE_ClimaLand_B2ZGC_src_integrated_soil_canopy_root_interactions_jl_L42
508. update_sim__FILE_ClimaCoupler_jl_mod_experiments_ClimaEarth_components_land_climaland_integrated_jl_L466
509. update_sim__FILE_ClimaCoupler_jl_mod_experiments_ClimaEarth_components_land_climaland_integrated_jl_L470
510. update_sim__FILE_ClimaCoupler_jl_mod_experiments_ClimaEarth_components_land_climaland_integrated_jl_L471
511. update_soil_moisture_stress__FILE_ClimaLand_B2ZGC_src_standalone_Vegetation_soil_moisture_stress_jl_L86
512. update_soil_snow_ground_heat_flux__FILE_ClimaLand_B2ZGC_src_integrated_soil_snow_model_jl_L239
513. update_surface_fractions__FILE_ClimaCoupler_jl_mod_src_FieldExchanger_jl_L52
514. update_surface_fractions__FILE_ClimaCoupler_jl_mod_src_FieldExchanger_jl_L65
515. update_surface_fractions__FILE_ClimaCoupler_jl_mod_src_FieldExchanger_jl_L82
516. update_temperature_pressure__FILE_ClimaAtmos_DthX8_src_parameterized_tendencies_radiation_update_inputs_jl_L56
517. update_temperature_pressure__FILE_ClimaAtmos_DthX8_src_parameterized_tendencies_radiation_update_inputs_jl_L63
518. update_turbulent_fluxes__FILE_ClimaCoupler_jl_mod_experiments_ClimaEarth_components_atmosphere_climaatmos_jl_L478
519. update_turbulent_fluxes__FILE_ClimaCoupler_jl_mod_experiments_ClimaEarth_components_atmosphere_climaatmos_jl_L482
520. update_turbulent_fluxes__FILE_ClimaCoupler_jl_mod_experiments_ClimaEarth_components_atmosphere_climaatmos_jl_L486
521. update_turbulent_fluxes__FILE_ClimaCoupler_jl_mod_experiments_ClimaEarth_components_atmosphere_climaatmos_jl_L494
522. update_turbulent_fluxes__FILE_ClimaCoupler_jl_mod_experiments_ClimaEarth_components_atmosphere_climaatmos_jl_L504
523. update_volume_mixing_ratios__FILE_ClimaAtmos_DthX8_src_parameterized_tendencies_radiation_update_inputs_jl_L135
